-12T11:10:22.000-0700,success,,,,,win:remote,,,,,,,,,,,,,,,,,,,,,,,,,,,,,,,,,,,,,,,,,,localhost,,,,,,,,,,,,,FALSE,,,,,AD,localhost,,untrust,,,FALSE,FALSE,FALSE,,,,,,,,,,,,FAIS009,"fais009.ad.wsu.edu
134.121.231.152
fais009",5f088cd484c9769991496dc2,"unknown
servers_rdc
finance_and_administration
wsu
expected",unknown,"servers_rdc
finance_and_administration
wsu",,,fais009.ad.wsu.edu,134.121.231.152,FALSE,,,,,FAIS009,,untrust,high,FALSE,FALSE,FALSE,8095348,endpoint_services_processes windows_event_signature windows_logon_explicit wineventlog_security winsec,,,,,,,,FAIS009,,,,8095348,security,1,,,,,,,,,,A logon was attempted using explicit credentials,XmlWinEventLog,,,,,,,,,,,,,C:\Windows\System32\inetsrv\w3wp.exe,640,C:\Windows\System32\inetsrv\w3wp.exe,Windows,<_='://../////'><><_='---'_='{----}'/><></><></><>,,,,,,,,,,,,,,,,,,0x246734,,,A logon was attempted using explicit credentials,4648,,XmlWinEventLog:Security,XmlWinEventLog,splunkidx-p1n01.it.wsu.edu,,,,,,,,,,,,,,-,,,,,,IIS APPPOOL,,,,-,,,,,,,RDWebAccess,,,,,,,,,,,,,,,,,FALSE,,,,,,,,,success,,,,,,,failure,,"authentication
os
privileged
process
remote
report
security
service
success
track_event_signatures
windows",,success,remote,,,,"authentication
os
privileged
process
report
security
service
track_event_signatures
windows",,,,,,,,,,,,,,,,,,,,,robert.gaines,,,,,,robert.gaines,,,,,,,,,,,,,,FALSE,,,,,Microsoft,,,Microsoft Windows,,,,,,
,,,,,,,,,,,,,,,,,,,,,,,Kerberos,,,,,,,,IIS APPPOOL,,,RDWebAccess,,,,,,,Security,,,,,,,,,,FAIS009.ad.wsu.edu,,,,,,,,,,,,,,,,,,,,,,-,4624,<Data Name='SubjectUserSid'>S-1-5-82-604604840-3341247844-1790606609-4006251754-2470522317</Data><Data Name='SubjectUserName'>RDWebAccess</Data><Data Name='SubjectDomainName'>IIS APPPOOL</Data><Data Name='SubjectLogonId'>0x246734</Data><Data Name='TargetUserSid'>S-1-5-21-861567501-115176313-682003330-4868080</Data><Data Name='TargetUserName'>robert.gaines</Data><Data Name='TargetDomainName'>AD</Data><Data Name='TargetLogonId'>0x6a001905</Data><Data Name='LogonType'>3</Data><Data Name='LogonProcessName'>Authz   </Data><Data Name='AuthenticationPackageName'>Kerberos</Data><Data Name='WorkstationName'>FAIS009</Data><Data Name='LogonGuid'>{B5C5C8B7-6F00-D08F-C00F-4919FDE079E4}</Data><Data Name='TransmittedServices'>-</Data><Data Name='LmPackageName'>-</Data><Data Name='KeyLength'>0</Data><Data Name='ProcessId'>0x13dc</Data><Data Name='ProcessName'>C:\Windows\System32\inetsrv\w3wp.exe</Data><Data Name='IpAddress'>-</Data><Data Name='IpPort'>-</Data><Data Name='ImpersonationLevel'>%%1832</Data>,4624,8046798,,,,,,,,,,AD,robert.gaines,,'{54849625-5478-4994-A5BA-3E3B0328C30D}',,,,,,,,,%%1832,,-,-,,,0,,,,0x8020000000000000,,0,-,,{B5C5C8B7-6F00-D08F-C00F-4919FDE079E4},,Authz,3,,0x246734,3,,,,,,,,,,,,,,'Microsoft-Windows-Security-Auditing',,,,,,,,,,,,,,,,0,,,,,,,,,,,'640',0x13dc,C:\Windows\System32\inetsrv\w3wp.exe,,,,,,,,,,,,8046798,,,,,,,,,,,,,,,,,-,FAIS009,,,,,IIS APPPOOL,0x246734,,,RDWebAccess,S-1-5-82-604604840-3341247844-1790606609-4006251754-2470522317,,,,,,,'2020-08-04T18:29:34.863765200Z',<Provider Name='Microsoft-Windows-Security-Auditing' Guid='{54849625-5478-4994-A5BA-3E3B0328C30D}'/><EventID>4624</EventID><Version>1</Version><Level>0</Level><Task>12544</Task><Opcode>0</Opcode><Keywords>0x8020000000000000</Keywords><TimeCreated SystemTime='2020-08-04T18:29:34.863765200Z'/><EventRecordID>8046798</EventRecordID><Correlation/><Execution ProcessID='640' ThreadID='20036'/><Channel>Security</Channel><Computer>FAIS009.ad.wsu.edu</Computer><Security/>,,,AD,,,,0x6a001905,,,,,,robert.gaines,S-1-5-21-861567501-115176313-682003330-4868080,,,AD,,robert.gaines,12544,'20036',,,,,,,-,,,,,,,,,,,,,1,,,FAIS009,,<Event xmlns='http://schemas.microsoft.com/win/2004/08/events/event'><System><Provider Name='Microsoft-Windows-Security-Auditing' Guid='{54849625-5478-4994-A5BA-3E3B0328C30D}'/><EventID>4624</EventID><Version>1</Version><Level>0</Level><Task>12544</Task><Opcode>0</Opcode><Keywords>0x8020000000000000</Keywords><TimeCreated SystemTime='2020-08-04T18:29:34.863765200Z'/><EventRecordID>8046798</EventRecordID><Correlation/><Execution ProcessID='640' ThreadID='20036'/><Channel>Security</Channel><Computer>FAIS009.ad.wsu.edu</Computer><Security/></System><EventData><Data Name='SubjectUserSid'>S-1-5-82-604604840-3341247844-1790606609-4006251754-2470522317</Data><Data Name='SubjectUserName'>RDWebAccess</Data><Data Name='SubjectDomainName'>IIS APPPOOL</Data><Data Name='SubjectLogonId'>0x246734</Data><Data Name='TargetUserSid'>S-1-5-21-861567501-115176313-682003330-4868080</Data><Data Name='TargetUserName'>robert.gaines</Data><Data Name='TargetDomainName'>AD</Data><Data Name='TargetLogonId'>0x6a001905</Data><Data Name='LogonType'>3</Data><Data Name='LogonProcessName'>Authz   </Data><Data Name='AuthenticationPackageName'>Kerberos</Data><Data Name='WorkstationName'>FAIS009</Data><Data Name='LogonGuid'>{B5C5C8B7-6F00-D08F-C00F-4919FDE079E4}</Data><Data Name='TransmittedServices'>-</Data><Data Name='LmPackageName'>-</Data><Data Name='KeyLength'>0</Data><Data Name='ProcessId'>0x13dc</Data><Data Name='ProcessName'>C:\Windows\System32\inetsrv\w3wp.exe</Data><Data Name='IpAddress'>-</Data><Data Name='IpPort'>-</Data><Data Name='ImpersonationLevel'>%%1832</Data></EventData></Event>,2020-08-04T11:29:34.000-0700,success,,,,,win:remote,,,,,,,,,,,,,,,,,,,,,,,,,,,,,,,,,,,,,,,,,,FAIS009.ad.wsu.edu,"fais009.ad.wsu.edu
134.121.231.152
fais009",5f088cd484c9769991496dc2,"unknown
servers_rdc
finance_and_administration
wsu
expected",,unknown,"servers_rdc
finance_and_administration
wsu",,,,fais009.ad.wsu.edu,,134.121.231.152,FALSE,,,,,AD,fais009,,untrust,,high,FALSE,FALSE,FALSE,,,,,,,,,,,,FAIS009,"fais009.ad.wsu.edu
134.121.231.152
fais009",5f088cd484c9769991496dc2,"unknown
servers_rdc
finance_and_administration
wsu
expected",unknown,"servers_rdc
finance_and_administration
wsu",,,fais009.ad.wsu.edu,134.121.231.152,FALSE,,,,,FAIS009,,untrust,high,FALSE,FALSE,FALSE,8046798,endpoint_services_processes msad-successful-user-logons windows_event_signature windows_logon_success wineventlog_security winsec,,,,,,,,FAIS009,,,,8046798,security,1,,,,,,,,,,An account was successfully logged on,XmlWinEventLog,,,,,,,,,,,,,C:\Windows\System32\inetsrv\w3wp.exe,640,C:\Windows\System32\inetsrv\w3wp.exe,Windows,<_='://../////'><><_='---'_='{----}'/><></><></><>,,,,,,,,,,,,,,,,,,0x246734,,,An account was successfully logged on,4624,,XmlWinEventLog:Security,XmlWinEventLog,splunkidx-p1n02.it.wsu.edu,,FAIS009,"fais009.ad.wsu.edu
134.121.231.152
fais009",5f088cd484c9769991496dc2,"unknown
servers_rdc
finance_and_administration
wsu
expected",,unknown,"servers_rdc
finance_and_administration
wsu",,,,fais009.ad.wsu.edu,,-,FALSE,,,,,IIS APPPOOL,FAIS009,,untrust,-,high,FALSE,FALSE,FALSE,,,RDWebAccess,,,,,,,,,,,,,,,,,FALSE,,,,,,,,,success,,,,,,,failure,,"authentication
os
process
remote
report
security
service
success
track_event_signatures
windows",,success,remote,,,,"authentication
os
process
report
security
service
track_event_signatures
windows",,,,,,,,,,,,,,,,,,,,,robert.gaines,,,,,,robert.gaines,,,,,,,,,,,,,,FALSE,,,,,Microsoft,,,Microsoft Windows,,,,,,
,,,,,,,,,,,,,,,,,,,,,,,,,,,,,,,IIS APPPOOL,,,RDWebAccess,,,,,,,Security,,,,,,,,,,FAIS009.ad.wsu.edu,,,,,,,,,,,,,,,,,,,,,,-,4648,<Data Name='SubjectUserSid'>S-1-5-82-604604840-3341247844-1790606609-4006251754-2470522317</Data><Data Name='SubjectUserName'>RDWebAccess</Data><Data Name='SubjectDomainName'>IIS APPPOOL</Data><Data Name='SubjectLogonId'>0x246734</Data><Data Name='LogonGuid'>{00000000-0000-0000-0000-000000000000}</Data><Data Name='TargetUserName'>robert.gaines</Data><Data Name='TargetDomainName'>AD</Data><Data Name='TargetLogonGuid'>{B5C5C8B7-6F00-D08F-C00F-4919FDE079E4}</Data><Data Name='TargetServerName'>localhost</Data><Data Name='TargetInfo'>localhost</Data><Data Name='ProcessId'>0x13dc</Data><Data Name='ProcessName'>C:\Windows\System32\inetsrv\w3wp.exe</Data><Data Name='IpAddress'>-</Data><Data Name='IpPort'>-</Data>,4648,8046797,,,,,,,,,,AD,robert.gaines,,'{54849625-5478-4994-A5BA-3E3B0328C30D}',,,,,,,,,,,-,-,,,,,,,0x8020000000000000,,0,,,{00000000-0000-0000-0000-000000000000},,,,,0x246734,,,,,,,,,,,,,,,'Microsoft-Windows-Security-Auditing',,,,,,,,,,,,,,,,0,,,,,,,,,,,'640',0x13dc,C:\Windows\System32\inetsrv\w3wp.exe,,,,,,,,,,,,8046797,,,,,,,,,,,,,,,,,-,-,,,,,IIS APPPOOL,0x246734,,,RDWebAccess,S-1-5-82-604604840-3341247844-1790606609-4006251754-2470522317,,,,,,,'2020-08-04T18:29:34.863765200Z',<Provider Name='Microsoft-Windows-Security-Auditing' Guid='{54849625-5478-4994-A5BA-3E3B0328C30D}'/><EventID>4648</EventID><Version>0</Version><Level>0</Level><Task>12544</Task><Opcode>0</Opcode><Keywords>0x8020000000000000</Keywords><TimeCreated SystemTime='2020-08-04T18:29:34.863765200Z'/><EventRecordID>8046797</EventRecordID><Correlation/><Execution ProcessID='640' ThreadID='20036'/><Channel>Security</Channel><Computer>FAIS009.ad.wsu.edu</Computer><Security/>,,,AD,localhost,,{B5C5C8B7-6F00-D08F-C00F-4919FDE079E4},,,,,localhost,,robert.gaines,,,,AD,localhost,robert.gaines,12544,'20036',,,,,,,,,,,,,,,,,,,,0,,,,,<Event xmlns='http://schemas.microsoft.com/win/2004/08/events/event'><System><Provider Name='Microsoft-Windows-Security-Auditing' Guid='{54849625-5478-4994-A5BA-3E3B0328C30D}'/><EventID>4648</EventID><Version>0</Version><Level>0</Level><Task>12544</Task><Opcode>0</Opcode><Keywords>0x8020000000000000</Keywords><TimeCreated SystemTime='2020-08-04T18:29:34.863765200Z'/><EventRecordID>8046797</EventRecordID><Correlation/><Execution ProcessID='640' ThreadID='20036'/><Channel>Security</Channel><Computer>FAIS009.ad.wsu.edu</Computer><Security/></System><EventData><Data Name='SubjectUserSid'>S-1-5-82-604604840-3341247844-1790606609-4006251754-2470522317</Data><Data Name='SubjectUserName'>RDWebAccess</Data><Data Name='SubjectDomainName'>IIS APPPOOL</Data><Data Name='SubjectLogonId'>0x246734</Data><Data Name='LogonGuid'>{00000000-0000-0000-0000-000000000000}</Data><Data Name='TargetUserName'>robert.gaines</Data><Data Name='TargetDomainName'>AD</Data><Data Name='TargetLogonGuid'>{B5C5C8B7-6F00-D08F-C00F-4919FDE079E4}</Data><Data Name='TargetServerName'>localhost</Data><Data Name='TargetInfo'>localhost</Data><Data Name='ProcessId'>0x13dc</Data><Data Name='ProcessName'>C:\Windows\System32\inetsrv\w3wp.exe</Data><Data Name='IpAddress'>-</Data><Data Name='IpPort'>-</Data></EventData></Event>,2020-08-04T11:29:34.000-0700,success,,,,,win:remote,,,,,,,,,,,,,,,,,,,,,,,,,,,,,,,,,,,,,,,,,,localhost,,,,,,,,,,,,,FALSE,,,,,AD,localhost,,untrust,,,FALSE,FALSE,FALSE,,,,,,,,,,,,FAIS009,"fais009.ad.wsu.edu
134.121.231.152
fais009",5f088cd484c9769991496dc2,"unknown
servers_rdc
finance_and_administration
wsu
expected",unknown,"servers_rdc
finance_and_administration
wsu",,,fais009.ad.wsu.edu,134.121.231.152,FALSE,,,,,FAIS009,,untrust,high,FALSE,FALSE,FALSE,8046797,endpoint_services_processes windows_event_signature windows_logon_explicit wineventlog_security winsec,,,,,,,,FAIS009,,,,8046797,security,1,,,,,,,,,,A logon was attempted using explicit credentials,XmlWinEventLog,,,,,,,,,,,,,C:\Windows\System32\inetsrv\w3wp.exe,640,C:\Windows\System32\inetsrv\w3wp.exe,Windows,<_='://../////'><><_='---'_='{----}'/><></><></><>,,,,,,,,,,,,,,,,,,0x246734,,,A logon was attempted using explicit credentials,4648,,XmlWinEventLog:Security,XmlWinEventLog,splunkidx-p1n02.it.wsu.edu,,,,,,,,,,,,,,-,,,,,,IIS APPPOOL,,,,-,,,,,,,RDWebAccess,,,,,,,,,,,,,,,,,FALSE,,,,,,,,,success,,,,,,,failure,,"authentication
os
privileged
process
remote
report
security
service
success
track_event_signatures
windows",,success,remote,,,,"authentication
os
privileged
process
report
security
service
track_event_signatures
windows",,,,,,,,,,,,,,,,,,,,,robert.gaines,,,,,,robert.gaines,,,,,,,,,,,,,,FALSE,,,,,Microsoft,,,Microsoft Windows,,,,,,
,,,,,,,,,,,,,,,,,,,,,,,Negotiate,,,,,,,,IIS APPPOOL,,,RDWebAccess,,,,,,,Security,,,,,,,,,,FAIS009.ad.wsu.edu,,,,,,,,,,,,,,,,,,,,,,-,4624,<Data Name='SubjectUserSid'>S-1-5-82-604604840-3341247844-1790606609-4006251754-2470522317</Data><Data Name='SubjectUserName'>RDWebAccess</Data><Data Name='SubjectDomainName'>IIS APPPOOL</Data><Data Name='SubjectLogonId'>0x246734</Data><Data Name='TargetUserSid'>S-1-5-21-861567501-115176313-682003330-4868080</Data><Data Name='TargetUserName'>robert.gaines</Data><Data Name='TargetDomainName'>AD</Data><Data Name='TargetLogonId'>0x6a0018b2</Data><Data Name='LogonType'>3</Data><Data Name='LogonProcessName'>Advapi  </Data><Data Name='AuthenticationPackageName'>Negotiate</Data><Data Name='WorkstationName'>FAIS009</Data><Data Name='LogonGuid'>{EDEED05D-7529-8223-6E61-3DD4B0208521}</Data><Data Name='TransmittedServices'>-</Data><Data Name='LmPackageName'>-</Data><Data Name='KeyLength'>0</Data><Data Name='ProcessId'>0x13dc</Data><Data Name='ProcessName'>C:\Windows\System32\inetsrv\w3wp.exe</Data><Data Name='IpAddress'>-</Data><Data Name='IpPort'>-</Data><Data Name='ImpersonationLevel'>%%1833</Data>,4624,8046796,,,,,,,,,,AD,robert.gaines,,'{54849625-5478-4994-A5BA-3E3B0328C30D}',,,,,,,,,%%1833,,-,-,,,0,,,,0x8020000000000000,,0,-,,{EDEED05D-7529-8223-6E61-3DD4B0208521},,Advapi,3,,0x246734,3,,,,,,,,,,,,,,'Microsoft-Windows-Security-Auditing',,,,,,,,,,,,,,,,0,,,,,,,,,,,'640',0x13dc,C:\Windows\System32\inetsrv\w3wp.exe,,,,,,,,,,,,8046796,,,,,,,,,,,,,,,,,-,FAIS009,,,,,IIS APPPOOL,0x246734,,,RDWebAccess,S-1-5-82-604604840-3341247844-1790606609-4006251754-2470522317,,,,,,,'2020-08-04T18:29:34.803762900Z',<Provider Name='Microsoft-Windows-Security-Auditing' Guid='{54849625-5478-4994-A5BA-3E3B0328C30D}'/><EventID>4624</EventID><Version>1</Version><Level>0</Level><Task>12544</Task><Opcode>0</Opcode><Keywords>0x8020000000000000</Keywords><TimeCreated SystemTime='2020-08-04T18:29:34.803762900Z'/><EventRecordID>8046796</EventRecordID><Correlation/><Execution ProcessID='640' ThreadID='20036'/><Channel>Security</Channel><Computer>FAIS009.ad.wsu.edu</Computer><Security/>,,,AD,,,,0x6a0018b2,,,,,,robert.gaines,S-1-5-21-861567501-115176313-682003330-4868080,,,AD,,robert.gaines,12544,'20036',,,,,,,-,,,,,,,,,,,,,1,,,FAIS009,,<Event xmlns='http://schemas.microsoft.com/win/2004/08/events/event'><System><Provider Name='Microsoft-Windows-Security-Auditing' Guid='{54849625-5478-4994-A5BA-3E3B0328C30D}'/><EventID>4624</EventID><Version>1</Version><Level>0</Level><Task>12544</Task><Opcode>0</Opcode><Keywords>0x8020000000000000</Keywords><TimeCreated SystemTime='2020-08-04T18:29:34.803762900Z'/><EventRecordID>8046796</EventRecordID><Correlation/><Execution ProcessID='640' ThreadID='20036'/><Channel>Security</Channel><Computer>FAIS009.ad.wsu.edu</Computer><Security/></System><EventData><Data Name='SubjectUserSid'>S-1-5-82-604604840-3341247844-1790606609-4006251754-2470522317</Data><Data Name='SubjectUserName'>RDWebAccess</Data><Data Name='SubjectDomainName'>IIS APPPOOL</Data><Data Name='SubjectLogonId'>0x246734</Data><Data Name='TargetUserSid'>S-1-5-21-861567501-115176313-682003330-4868080</Data><Data Name='TargetUserName'>robert.gaines</Data><Data Name='TargetDomainName'>AD</Data><Data Name='TargetLogonId'>0x6a0018b2</Data><Data Name='LogonType'>3</Data><Data Name='LogonProcessName'>Advapi  </Data><Data Name='AuthenticationPackageName'>Negotiate</Data><Data Name='WorkstationName'>FAIS009</Data><Data Name='LogonGuid'>{EDEED05D-7529-8223-6E61-3DD4B0208521}</Data><Data Name='TransmittedServices'>-</Data><Data Name='LmPackageName'>-</Data><Data Name='KeyLength'>0</Data><Data Name='ProcessId'>0x13dc</Data><Data Name='ProcessName'>C:\Windows\System32\inetsrv\w3wp.exe</Data><Data Name='IpAddress'>-</Data><Data Name='IpPort'>-</Data><Data Name='ImpersonationLevel'>%%1833</Data></EventData></Event>,2020-08-04T11:29:34.000-0700,success,,,,,win:remote,,,,,,,,,,,,,,,,,,,,,,,,,,,,,,,,,,,,,,,,,,FAIS009.ad.wsu.edu,"fais009.ad.wsu.edu
134.121.231.152
fais009",5f088cd484c9769991496dc2,"unknown
servers_rdc
finance_and_administration
wsu
expected",,unknown,"servers_rdc
finance_and_administration
wsu",,,,fais009.ad.wsu.edu,,134.121.231.152,FALSE,,,,,AD,fais009,,untrust,,high,FALSE,FALSE,FALSE,,,,,,,,,,,,FAIS009,"fais009.ad.wsu.edu
134.121.231.152
fais009",5f088cd484c9769991496dc2,"unknown
servers_rdc
finance_and_administration
wsu
expected",unknown,"servers_rdc
finance_and_administration
wsu",,,fais009.ad.wsu.edu,134.121.231.152,FALSE,,,,,FAIS009,,untrust,high,FALSE,FALSE,FALSE,8046796,endpoint_services_processes msad-successful-user-logons windows_event_signature windows_logon_success wineventlog_security winsec,,,,,,,,FAIS009,,,,8046796,security,1,,,,,,,,,,An account was successfully logged on,XmlWinEventLog,,,,,,,,,,,,,C:\Windows\System32\inetsrv\w3wp.exe,640,C:\Windows\System32\inetsrv\w3wp.exe,Windows,<_='://../////'><><_='---'_='{----}'/><></><></><>,,,,,,,,,,,,,,,,,,0x246734,,,An account was successfully logged on,4624,,XmlWinEventLog:Security,XmlWinEventLog,splunkidx-p1n02.it.wsu.edu,,FAIS009,"fais009.ad.wsu.edu
134.121.231.152
fais009",5f088cd484c9769991496dc2,"unknown
servers_rdc
finance_and_administration
wsu
expected",,unknown,"servers_rdc
finance_and_administration
wsu",,,,fais009.ad.wsu.edu,,-,FALSE,,,,,IIS APPPOOL,FAIS009,,untrust,-,high,FALSE,FALSE,FALSE,,,RDWebAccess,,,,,,,,,,,,,,,,,FALSE,,,,,,,,,success,,,,,,,failure,,"authentication
os
process
remote
report
security
service
success
track_event_signatures
windows",,success,remote,,,,"authentication
os
process
report
security
service
track_event_signatures
windows",,,,,,,,,,,,,,,,,,,,,robert.gaines,,,,,,robert.gaines,,,,,,,,,,,,,,FALSE,,,,,Microsoft,,,Microsoft Windows,,,,,,
,,,,,,,,,,,,,,,,,,,,,,,,,,,,,,,IIS APPPOOL,,,RDWebAccess,,,,,,,Security,,,,,,,,,,FAIS009.ad.wsu.edu,,,,,,,,,,,,,,,,,,,,,,-,4648,<Data Name='SubjectUserSid'>S-1-5-82-604604840-3341247844-1790606609-4006251754-2470522317</Data><Data Name='SubjectUserName'>RDWebAccess</Data><Data Name='SubjectDomainName'>IIS APPPOOL</Data><Data Name='SubjectLogonId'>0x246734</Data><Data Name='LogonGuid'>{00000000-0000-0000-0000-000000000000}</Data><Data Name='TargetUserName'>robert.gaines</Data><Data Name='TargetDomainName'>AD</Data><Data Name='TargetLogonGuid'>{EDEED05D-7529-8223-6E61-3DD4B0208521}</Data><Data Name='TargetServerName'>localhost</Data><Data Name='TargetInfo'>localhost</Data><Data Name='ProcessId'>0x13dc</Data><Data Name='ProcessName'>C:\Windows\System32\inetsrv\w3wp.exe</Data><Data Name='IpAddress'>-</Data><Data Name='IpPort'>-</Data>,4648,8046795,,,,,,,,,,AD,robert.gaines,,'{54849625-5478-4994-A5BA-3E3B0328C30D}',,,,,,,,,,,-,-,,,,,,,0x8020000000000000,,0,,,{00000000-0000-0000-0000-000000000000},,,,,0x246734,,,,,,,,,,,,,,,'Microsoft-Windows-Security-Auditing',,,,,,,,,,,,,,,,0,,,,,,,,,,,'640',0x13dc,C:\Windows\System32\inetsrv\w3wp.exe,,,,,,,,,,,,8046795,,,,,,,,,,,,,,,,,-,-,,,,,IIS APPPOOL,0x246734,,,RDWebAccess,S-1-5-82-604604840-3341247844-1790606609-4006251754-2470522317,,,,,,,'2020-08-04T18:29:34.803762900Z',<Provider Name='Microsoft-Windows-Security-Auditing' Guid='{54849625-5478-4994-A5BA-3E3B0328C30D}'/><EventID>4648</EventID><Version>0</Version><Level>0</Level><Task>12544</Task><Opcode>0</Opcode><Keywords>0x8020000000000000</Keywords><TimeCreated SystemTime='2020-08-04T18:29:34.803762900Z'/><EventRecordID>8046795</EventRecordID><Correlation/><Execution ProcessID='640' ThreadID='20036'/><Channel>Security</Channel><Computer>FAIS009.ad.wsu.edu</Computer><Security/>,,,AD,localhost,,{EDEED05D-7529-8223-6E61-3DD4B0208521},,,,,localhost,,robert.gaines,,,,AD,localhost,robert.gaines,12544,'20036',,,,,,,,,,,,,,,,,,,,0,,,,,<Event xmlns='http://schemas.microsoft.com/win/2004/08/events/event'><System><Provider Name='Microsoft-Windows-Security-Auditing' Guid='{54849625-5478-4994-A5BA-3E3B0328C30D}'/><EventID>4648</EventID><Version>0</Version><Level>0</Level><Task>12544</Task><Opcode>0</Opcode><Keywords>0x8020000000000000</Keywords><TimeCreated SystemTime='2020-08-04T18:29:34.803762900Z'/><EventRecordID>8046795</EventRecordID><Correlation/><Execution ProcessID='640' ThreadID='20036'/><Channel>Security</Channel><Computer>FAIS009.ad.wsu.edu</Computer><Security/></System><EventData><Data Name='SubjectUserSid'>S-1-5-82-604604840-3341247844-1790606609-4006251754-2470522317</Data><Data Name='SubjectUserName'>RDWebAccess</Data><Data Name='SubjectDomainName'>IIS APPPOOL</Data><Data Name='SubjectLogonId'>0x246734</Data><Data Name='LogonGuid'>{00000000-0000-0000-0000-000000000000}</Data><Data Name='TargetUserName'>robert.gaines</Data><Data Name='TargetDomainName'>AD</Data><Data Name='TargetLogonGuid'>{EDEED05D-7529-8223-6E61-3DD4B0208521}</Data><Data Name='TargetServerName'>localhost</Data><Data Name='TargetInfo'>localhost</Data><Data Name='ProcessId'>0x13dc</Data><Data Name='ProcessName'>C:\Windows\System32\inetsrv\w3wp.exe</Data><Data Name='IpAddress'>-</Data><Data Name='IpPort'>-</Data></EventData></Event>,2020-08-04T11:29:34.000-0700,success,,,,,win:remote,,,,,,,,,,,,,,,,,,,,,,,,,,,,,,,,,,,,,,,,,,localhost,,,,,,,,,,,,,FALSE,,,,,AD,localhost,,untrust,,,FALSE,FALSE,FALSE,,,,,,,,,,,,FAIS009,"fais009.ad.wsu.edu
134.121.231.152
fais009",5f088cd484c9769991496dc2,"unknown
servers_rdc
finance_and_administration
wsu
expected",unknown,"servers_rdc
finance_and_administration
wsu",,,fais009.ad.wsu.edu,134.121.231.152,FALSE,,,,,FAIS009,,untrust,high,FALSE,FALSE,FALSE,8046795,endpoint_services_processes windows_event_signature windows_logon_explicit wineventlog_security winsec,,,,,,,,FAIS009,,,,8046795,security,1,,,,,,,,,,A logon was attempted using explicit credentials,XmlWinEventLog,,,,,,,,,,,,,C:\Windows\System32\inetsrv\w3wp.exe,640,C:\Windows\System32\inetsrv\w3wp.exe,Windows,<_='://../////'><><_='---'_='{----}'/><></><></><>,,,,,,,,,,,,,,,,,,0x246734,,,A logon was attempted using explicit credentials,4648,,XmlWinEventLog:Security,XmlWinEventLog,splunkidx-p1n02.it.wsu.edu,,,,,,,,,,,,,,-,,,,,,IIS APPPOOL,,,,-,,,,,,,RDWebAccess,,,,,,,,,,,,,,,,,FALSE,,,,,,,,,success,,,,,,,failure,,"authentication
os
privileged
process
remote
report
security
service
success
track_event_signatures
windows",,success,remote,,,,"authentication
os
privileged
process
report
security
service
track_event_signatures
windows",,,,,,,,,,,,,,,,,,,,,robert.gaines,,,,,,robert.gaines,,,,,,,,,,,,,,FALSE,,,,,Microsoft,,,Microsoft Windows,,,,,,
