-24T10:06:12.000-0700,success,,,,,win:remote,,,,,,,,,,,,,,,,,,,,,,,,,,,,,,,,,,,,,,,,,,localhost,,,,,,,,,,,,,FALSE,,,,,AD,localhost,,untrust,,,FALSE,FALSE,FALSE,,,,,,,,,,,,FAIS009,"fais009.ad.wsu.edu
134.121.231.152
fais009",5f088cd484c9769991496dc2,"unknown
servers_rdc
finance_and_administration
wsu
expected",unknown,"servers_rdc
finance_and_administration
wsu",,,fais009.ad.wsu.edu,134.121.231.152,FALSE,,,,,FAIS009,,untrust,high,FALSE,FALSE,FALSE,8144642,endpoint_services_processes windows_event_signature windows_logon_explicit wineventlog_security winsec,,,,,,,,FAIS009,,,,8144642,security,1,,,,,,,,,,A logon was attempted using explicit credentials,XmlWinEventLog,,,,,,,,,,,,,C:\Windows\System32\inetsrv\w3wp.exe,672,C:\Windows\System32\inetsrv\w3wp.exe,Windows,<_='://../////'><><_='---'_='{----}'/><></><></><>,,,,,,,,,,,,,,,,,,0x7e3cf0,,,A logon was attempted using explicit credentials,4648,,XmlWinEventLog:Security,XmlWinEventLog,splunkidx-p1n02.it.wsu.edu,,,,,,,,,,,,,,-,,,,,,IIS APPPOOL,,,,-,,,,,,,RDWebAccess,,,,,,,,,,,,,,,,,FALSE,,,,,,,,,success,,,,,,,failure,,"authentication
os
privileged
process
remote
report
security
service
success
track_event_signatures
windows",,success,remote,,,,"authentication
os
privileged
process
report
security
service
track_event_signatures
windows",,,,,,,,,,,,,,,,,,,,,robert.gaines,,,,,,robert.gaines,,,,,,,,,,,,,,FALSE,,,,,Microsoft,,,Microsoft Windows,,,,,,
,,,,,,,,,,,,,,,,,,,,,,,Kerberos,,,,,,,,IIS APPPOOL,,,RDWebAccess,,,,,,,Security,,,,,,,,,,FAIS009.ad.wsu.edu,,,,,,,,,,,,,,,,,,,,,,-,4624,<Data Name='SubjectUserSid'>S-1-5-82-604604840-3341247844-1790606609-4006251754-2470522317</Data><Data Name='SubjectUserName'>RDWebAccess</Data><Data Name='SubjectDomainName'>IIS APPPOOL</Data><Data Name='SubjectLogonId'>0x7e3cf0</Data><Data Name='TargetUserSid'>S-1-5-21-861567501-115176313-682003330-4868080</Data><Data Name='TargetUserName'>robert.gaines</Data><Data Name='TargetDomainName'>AD</Data><Data Name='TargetLogonId'>0x4c49281e</Data><Data Name='LogonType'>3</Data><Data Name='LogonProcessName'>Authz   </Data><Data Name='AuthenticationPackageName'>Kerberos</Data><Data Name='WorkstationName'>FAIS009</Data><Data Name='LogonGuid'>{91BAAC33-C765-FC13-CB55-62FC9870B13F}</Data><Data Name='TransmittedServices'>-</Data><Data Name='LmPackageName'>-</Data><Data Name='KeyLength'>0</Data><Data Name='ProcessId'>0x1b00</Data><Data Name='ProcessName'>C:\Windows\System32\inetsrv\w3wp.exe</Data><Data Name='IpAddress'>-</Data><Data Name='IpPort'>-</Data><Data Name='ImpersonationLevel'>%%1832</Data>,4624,8134242,,,,,,,,,,AD,robert.gaines,,'{54849625-5478-4994-A5BA-3E3B0328C30D}',,,,,,,,,%%1832,,-,-,,,0,,,,0x8020000000000000,,0,-,,{91BAAC33-C765-FC13-CB55-62FC9870B13F},,Authz,3,,0x7e3cf0,3,,,,,,,,,,,,,,'Microsoft-Windows-Security-Auditing',,,,,,,,,,,,,,,,0,,,,,,,,,,,'672',0x1b00,C:\Windows\System32\inetsrv\w3wp.exe,,,,,,,,,,,,8134242,,,,,,,,,,,,,,,,,-,FAIS009,,,,,IIS APPPOOL,0x7e3cf0,,,RDWebAccess,S-1-5-82-604604840-3341247844-1790606609-4006251754-2470522317,,,,,,,'2020-08-20T17:05:25.125626300Z',<Provider Name='Microsoft-Windows-Security-Auditing' Guid='{54849625-5478-4994-A5BA-3E3B0328C30D}'/><EventID>4624</EventID><Version>1</Version><Level>0</Level><Task>12544</Task><Opcode>0</Opcode><Keywords>0x8020000000000000</Keywords><TimeCreated SystemTime='2020-08-20T17:05:25.125626300Z'/><EventRecordID>8134242</EventRecordID><Correlation/><Execution ProcessID='672' ThreadID='28988'/><Channel>Security</Channel><Computer>FAIS009.ad.wsu.edu</Computer><Security/>,,,AD,,,,0x4c49281e,,,,,,robert.gaines,S-1-5-21-861567501-115176313-682003330-4868080,,,AD,,robert.gaines,12544,'28988',,,,,,,-,,,,,,,,,,,,,1,,,FAIS009,,<Event xmlns='http://schemas.microsoft.com/win/2004/08/events/event'><System><Provider Name='Microsoft-Windows-Security-Auditing' Guid='{54849625-5478-4994-A5BA-3E3B0328C30D}'/><EventID>4624</EventID><Version>1</Version><Level>0</Level><Task>12544</Task><Opcode>0</Opcode><Keywords>0x8020000000000000</Keywords><TimeCreated SystemTime='2020-08-20T17:05:25.125626300Z'/><EventRecordID>8134242</EventRecordID><Correlation/><Execution ProcessID='672' ThreadID='28988'/><Channel>Security</Channel><Computer>FAIS009.ad.wsu.edu</Computer><Security/></System><EventData><Data Name='SubjectUserSid'>S-1-5-82-604604840-3341247844-1790606609-4006251754-2470522317</Data><Data Name='SubjectUserName'>RDWebAccess</Data><Data Name='SubjectDomainName'>IIS APPPOOL</Data><Data Name='SubjectLogonId'>0x7e3cf0</Data><Data Name='TargetUserSid'>S-1-5-21-861567501-115176313-682003330-4868080</Data><Data Name='TargetUserName'>robert.gaines</Data><Data Name='TargetDomainName'>AD</Data><Data Name='TargetLogonId'>0x4c49281e</Data><Data Name='LogonType'>3</Data><Data Name='LogonProcessName'>Authz   </Data><Data Name='AuthenticationPackageName'>Kerberos</Data><Data Name='WorkstationName'>FAIS009</Data><Data Name='LogonGuid'>{91BAAC33-C765-FC13-CB55-62FC9870B13F}</Data><Data Name='TransmittedServices'>-</Data><Data Name='LmPackageName'>-</Data><Data Name='KeyLength'>0</Data><Data Name='ProcessId'>0x1b00</Data><Data Name='ProcessName'>C:\Windows\System32\inetsrv\w3wp.exe</Data><Data Name='IpAddress'>-</Data><Data Name='IpPort'>-</Data><Data Name='ImpersonationLevel'>%%1832</Data></EventData></Event>,2020-08-20T10:05:25.000-0700,success,,,,,win:remote,,,,,,,,,,,,,,,,,,,,,,,,,,,,,,,,,,,,,,,,,,FAIS009.ad.wsu.edu,"fais009.ad.wsu.edu
134.121.231.152
fais009",5f088cd484c9769991496dc2,"unknown
servers_rdc
finance_and_administration
wsu
expected",,unknown,"servers_rdc
finance_and_administration
wsu",,,,fais009.ad.wsu.edu,,134.121.231.152,FALSE,,,,,AD,fais009,,untrust,,high,FALSE,FALSE,FALSE,,,,,,,,,,,,FAIS009,"fais009.ad.wsu.edu
134.121.231.152
fais009",5f088cd484c9769991496dc2,"unknown
servers_rdc
finance_and_administration
wsu
expected",unknown,"servers_rdc
finance_and_administration
wsu",,,fais009.ad.wsu.edu,134.121.231.152,FALSE,,,,,FAIS009,,untrust,high,FALSE,FALSE,FALSE,8134242,endpoint_services_processes msad-successful-user-logons windows_event_signature windows_logon_success wineventlog_security winsec,,,,,,,,FAIS009,,,,8134242,security,1,,,,,,,,,,An account was successfully logged on,XmlWinEventLog,,,,,,,,,,,,,C:\Windows\System32\inetsrv\w3wp.exe,672,C:\Windows\System32\inetsrv\w3wp.exe,Windows,<_='://../////'><><_='---'_='{----}'/><></><></><>,,,,,,,,,,,,,,,,,,0x7e3cf0,,,An account was successfully logged on,4624,,XmlWinEventLog:Security,XmlWinEventLog,splunkidx-p1n03.it.wsu.edu,,FAIS009,"fais009.ad.wsu.edu
134.121.231.152
fais009",5f088cd484c9769991496dc2,"unknown
servers_rdc
finance_and_administration
wsu
expected",,unknown,"servers_rdc
finance_and_administration
wsu",,,,fais009.ad.wsu.edu,,-,FALSE,,,,,IIS APPPOOL,FAIS009,,untrust,-,high,FALSE,FALSE,FALSE,,,RDWebAccess,,,,,,,,,,,,,,,,,FALSE,,,,,,,,,success,,,,,,,failure,,"authentication
os
process
remote
report
security
service
success
track_event_signatures
windows",,success,remote,,,,"authentication
os
process
report
security
service
track_event_signatures
windows",,,,,,,,,,,,,,,,,,,,,robert.gaines,,,,,,robert.gaines,,,,,,,,,,,,,,FALSE,,,,,Microsoft,,,Microsoft Windows,,,,,,
,,,,,,,,,,,,,,,,,,,,,,,,,,,,,,,IIS APPPOOL,,,RDWebAccess,,,,,,,Security,,,,,,,,,,FAIS009.ad.wsu.edu,,,,,,,,,,,,,,,,,,,,,,-,4648,<Data Name='SubjectUserSid'>S-1-5-82-604604840-3341247844-1790606609-4006251754-2470522317</Data><Data Name='SubjectUserName'>RDWebAccess</Data><Data Name='SubjectDomainName'>IIS APPPOOL</Data><Data Name='SubjectLogonId'>0x7e3cf0</Data><Data Name='LogonGuid'>{00000000-0000-0000-0000-000000000000}</Data><Data Name='TargetUserName'>robert.gaines</Data><Data Name='TargetDomainName'>AD</Data><Data Name='TargetLogonGuid'>{91BAAC33-C765-FC13-CB55-62FC9870B13F}</Data><Data Name='TargetServerName'>localhost</Data><Data Name='TargetInfo'>localhost</Data><Data Name='ProcessId'>0x1b00</Data><Data Name='ProcessName'>C:\Windows\System32\inetsrv\w3wp.exe</Data><Data Name='IpAddress'>-</Data><Data Name='IpPort'>-</Data>,4648,8134241,,,,,,,,,,AD,robert.gaines,,'{54849625-5478-4994-A5BA-3E3B0328C30D}',,,,,,,,,,,-,-,,,,,,,0x8020000000000000,,0,,,{00000000-0000-0000-0000-000000000000},,,,,0x7e3cf0,,,,,,,,,,,,,,,'Microsoft-Windows-Security-Auditing',,,,,,,,,,,,,,,,0,,,,,,,,,,,'672',0x1b00,C:\Windows\System32\inetsrv\w3wp.exe,,,,,,,,,,,,8134241,,,,,,,,,,,,,,,,,-,-,,,,,IIS APPPOOL,0x7e3cf0,,,RDWebAccess,S-1-5-82-604604840-3341247844-1790606609-4006251754-2470522317,,,,,,,'2020-08-20T17:05:25.125626300Z',<Provider Name='Microsoft-Windows-Security-Auditing' Guid='{54849625-5478-4994-A5BA-3E3B0328C30D}'/><EventID>4648</EventID><Version>0</Version><Level>0</Level><Task>12544</Task><Opcode>0</Opcode><Keywords>0x8020000000000000</Keywords><TimeCreated SystemTime='2020-08-20T17:05:25.125626300Z'/><EventRecordID>8134241</EventRecordID><Correlation/><Execution ProcessID='672' ThreadID='28988'/><Channel>Security</Channel><Computer>FAIS009.ad.wsu.edu</Computer><Security/>,,,AD,localhost,,{91BAAC33-C765-FC13-CB55-62FC9870B13F},,,,,localhost,,robert.gaines,,,,AD,localhost,robert.gaines,12544,'28988',,,,,,,,,,,,,,,,,,,,0,,,,,<Event xmlns='http://schemas.microsoft.com/win/2004/08/events/event'><System><Provider Name='Microsoft-Windows-Security-Auditing' Guid='{54849625-5478-4994-A5BA-3E3B0328C30D}'/><EventID>4648</EventID><Version>0</Version><Level>0</Level><Task>12544</Task><Opcode>0</Opcode><Keywords>0x8020000000000000</Keywords><TimeCreated SystemTime='2020-08-20T17:05:25.125626300Z'/><EventRecordID>8134241</EventRecordID><Correlation/><Execution ProcessID='672' ThreadID='28988'/><Channel>Security</Channel><Computer>FAIS009.ad.wsu.edu</Computer><Security/></System><EventData><Data Name='SubjectUserSid'>S-1-5-82-604604840-3341247844-1790606609-4006251754-2470522317</Data><Data Name='SubjectUserName'>RDWebAccess</Data><Data Name='SubjectDomainName'>IIS APPPOOL</Data><Data Name='SubjectLogonId'>0x7e3cf0</Data><Data Name='LogonGuid'>{00000000-0000-0000-0000-000000000000}</Data><Data Name='TargetUserName'>robert.gaines</Data><Data Name='TargetDomainName'>AD</Data><Data Name='TargetLogonGuid'>{91BAAC33-C765-FC13-CB55-62FC9870B13F}</Data><Data Name='TargetServerName'>localhost</Data><Data Name='TargetInfo'>localhost</Data><Data Name='ProcessId'>0x1b00</Data><Data Name='ProcessName'>C:\Windows\System32\inetsrv\w3wp.exe</Data><Data Name='IpAddress'>-</Data><Data Name='IpPort'>-</Data></EventData></Event>,2020-08-20T10:05:25.000-0700,success,,,,,win:remote,,,,,,,,,,,,,,,,,,,,,,,,,,,,,,,,,,,,,,,,,,localhost,,,,,,,,,,,,,FALSE,,,,,AD,localhost,,untrust,,,FALSE,FALSE,FALSE,,,,,,,,,,,,FAIS009,"fais009.ad.wsu.edu
134.121.231.152
fais009",5f088cd484c9769991496dc2,"unknown
servers_rdc
finance_and_administration
wsu
expected",unknown,"servers_rdc
finance_and_administration
wsu",,,fais009.ad.wsu.edu,134.121.231.152,FALSE,,,,,FAIS009,,untrust,high,FALSE,FALSE,FALSE,8134241,endpoint_services_processes windows_event_signature windows_logon_explicit wineventlog_security winsec,,,,,,,,FAIS009,,,,8134241,security,1,,,,,,,,,,A logon was attempted using explicit credentials,XmlWinEventLog,,,,,,,,,,,,,C:\Windows\System32\inetsrv\w3wp.exe,672,C:\Windows\System32\inetsrv\w3wp.exe,Windows,<_='://../////'><><_='---'_='{----}'/><></><></><>,,,,,,,,,,,,,,,,,,0x7e3cf0,,,A logon was attempted using explicit credentials,4648,,XmlWinEventLog:Security,XmlWinEventLog,splunkidx-p1n03.it.wsu.edu,,,,,,,,,,,,,,-,,,,,,IIS APPPOOL,,,,-,,,,,,,RDWebAccess,,,,,,,,,,,,,,,,,FALSE,,,,,,,,,success,,,,,,,failure,,"authentication
os
privileged
process
remote
report
security
service
success
track_event_signatures
windows",,success,remote,,,,"authentication
os
privileged
process
report
security
service
track_event_signatures
windows",,,,,,,,,,,,,,,,,,,,,robert.gaines,,,,,,robert.gaines,,,,,,,,,,,,,,FALSE,,,,,Microsoft,,,Microsoft Windows,,,,,,
,,,,,,,,,,,,,,,,,,,,,,,Negotiate,,,,,,,,IIS APPPOOL,,,RDWebAccess,,,,,,,Security,,,,,,,,,,FAIS009.ad.wsu.edu,,,,,,,,,,,,,,,,,,,,,,-,4624,<Data Name='SubjectUserSid'>S-1-5-82-604604840-3341247844-1790606609-4006251754-2470522317</Data><Data Name='SubjectUserName'>RDWebAccess</Data><Data Name='SubjectDomainName'>IIS APPPOOL</Data><Data Name='SubjectLogonId'>0x7e3cf0</Data><Data Name='TargetUserSid'>S-1-5-21-861567501-115176313-682003330-4868080</Data><Data Name='TargetUserName'>robert.gaines</Data><Data Name='TargetDomainName'>AD</Data><Data Name='TargetLogonId'>0x4c492748</Data><Data Name='LogonType'>3</Data><Data Name='LogonProcessName'>Advapi  </Data><Data Name='AuthenticationPackageName'>Negotiate</Data><Data Name='WorkstationName'>FAIS009</Data><Data Name='LogonGuid'>{A1195685-EF11-CA13-99F4-B0D703D12790}</Data><Data Name='TransmittedServices'>-</Data><Data Name='LmPackageName'>-</Data><Data Name='KeyLength'>0</Data><Data Name='ProcessId'>0x1b00</Data><Data Name='ProcessName'>C:\Windows\System32\inetsrv\w3wp.exe</Data><Data Name='IpAddress'>-</Data><Data Name='IpPort'>-</Data><Data Name='ImpersonationLevel'>%%1833</Data>,4624,8134240,,,,,,,,,,AD,robert.gaines,,'{54849625-5478-4994-A5BA-3E3B0328C30D}',,,,,,,,,%%1833,,-,-,,,0,,,,0x8020000000000000,,0,-,,{A1195685-EF11-CA13-99F4-B0D703D12790},,Advapi,3,,0x7e3cf0,3,,,,,,,,,,,,,,'Microsoft-Windows-Security-Auditing',,,,,,,,,,,,,,,,0,,,,,,,,,,,'672',0x1b00,C:\Windows\System32\inetsrv\w3wp.exe,,,,,,,,,,,,8134240,,,,,,,,,,,,,,,,,-,FAIS009,,,,,IIS APPPOOL,0x7e3cf0,,,RDWebAccess,S-1-5-82-604604840-3341247844-1790606609-4006251754-2470522317,,,,,,,'2020-08-20T17:05:25.079624600Z',<Provider Name='Microsoft-Windows-Security-Auditing' Guid='{54849625-5478-4994-A5BA-3E3B0328C30D}'/><EventID>4624</EventID><Version>1</Version><Level>0</Level><Task>12544</Task><Opcode>0</Opcode><Keywords>0x8020000000000000</Keywords><TimeCreated SystemTime='2020-08-20T17:05:25.079624600Z'/><EventRecordID>8134240</EventRecordID><Correlation/><Execution ProcessID='672' ThreadID='28988'/><Channel>Security</Channel><Computer>FAIS009.ad.wsu.edu</Computer><Security/>,,,AD,,,,0x4c492748,,,,,,robert.gaines,S-1-5-21-861567501-115176313-682003330-4868080,,,AD,,robert.gaines,12544,'28988',,,,,,,-,,,,,,,,,,,,,1,,,FAIS009,,<Event xmlns='http://schemas.microsoft.com/win/2004/08/events/event'><System><Provider Name='Microsoft-Windows-Security-Auditing' Guid='{54849625-5478-4994-A5BA-3E3B0328C30D}'/><EventID>4624</EventID><Version>1</Version><Level>0</Level><Task>12544</Task><Opcode>0</Opcode><Keywords>0x8020000000000000</Keywords><TimeCreated SystemTime='2020-08-20T17:05:25.079624600Z'/><EventRecordID>8134240</EventRecordID><Correlation/><Execution ProcessID='672' ThreadID='28988'/><Channel>Security</Channel><Computer>FAIS009.ad.wsu.edu</Computer><Security/></System><EventData><Data Name='SubjectUserSid'>S-1-5-82-604604840-3341247844-1790606609-4006251754-2470522317</Data><Data Name='SubjectUserName'>RDWebAccess</Data><Data Name='SubjectDomainName'>IIS APPPOOL</Data><Data Name='SubjectLogonId'>0x7e3cf0</Data><Data Name='TargetUserSid'>S-1-5-21-861567501-115176313-682003330-4868080</Data><Data Name='TargetUserName'>robert.gaines</Data><Data Name='TargetDomainName'>AD</Data><Data Name='TargetLogonId'>0x4c492748</Data><Data Name='LogonType'>3</Data><Data Name='LogonProcessName'>Advapi  </Data><Data Name='AuthenticationPackageName'>Negotiate</Data><Data Name='WorkstationName'>FAIS009</Data><Data Name='LogonGuid'>{A1195685-EF11-CA13-99F4-B0D703D12790}</Data><Data Name='TransmittedServices'>-</Data><Data Name='LmPackageName'>-</Data><Data Name='KeyLength'>0</Data><Data Name='ProcessId'>0x1b00</Data><Data Name='ProcessName'>C:\Windows\System32\inetsrv\w3wp.exe</Data><Data Name='IpAddress'>-</Data><Data Name='IpPort'>-</Data><Data Name='ImpersonationLevel'>%%1833</Data></EventData></Event>,2020-08-20T10:05:25.000-0700,success,,,,,win:remote,,,,,,,,,,,,,,,,,,,,,,,,,,,,,,,,,,,,,,,,,,FAIS009.ad.wsu.edu,"fais009.ad.wsu.edu
134.121.231.152
fais009",5f088cd484c9769991496dc2,"unknown
servers_rdc
finance_and_administration
wsu
expected",,unknown,"servers_rdc
finance_and_administration
wsu",,,,fais009.ad.wsu.edu,,134.121.231.152,FALSE,,,,,AD,fais009,,untrust,,high,FALSE,FALSE,FALSE,,,,,,,,,,,,FAIS009,"fais009.ad.wsu.edu
134.121.231.152
fais009",5f088cd484c9769991496dc2,"unknown
servers_rdc
finance_and_administration
wsu
expected",unknown,"servers_rdc
finance_and_administration
wsu",,,fais009.ad.wsu.edu,134.121.231.152,FALSE,,,,,FAIS009,,untrust,high,FALSE,FALSE,FALSE,8134240,endpoint_services_processes msad-successful-user-logons windows_event_signature windows_logon_success wineventlog_security winsec,,,,,,,,FAIS009,,,,8134240,security,1,,,,,,,,,,An account was successfully logged on,XmlWinEventLog,,,,,,,,,,,,,C:\Windows\System32\inetsrv\w3wp.exe,672,C:\Windows\System32\inetsrv\w3wp.exe,Windows,<_='://../////'><><_='---'_='{----}'/><></><></><>,,,,,,,,,,,,,,,,,,0x7e3cf0,,,An account was successfully logged on,4624,,XmlWinEventLog:Security,XmlWinEventLog,splunkidx-p1n03.it.wsu.edu,,FAIS009,"fais009.ad.wsu.edu
134.121.231.152
fais009",5f088cd484c9769991496dc2,"unknown
servers_rdc
finance_and_administration
wsu
expected",,unknown,"servers_rdc
finance_and_administration
wsu",,,,fais009.ad.wsu.edu,,-,FALSE,,,,,IIS APPPOOL,FAIS009,,untrust,-,high,FALSE,FALSE,FALSE,,,RDWebAccess,,,,,,,,,,,,,,,,,FALSE,,,,,,,,,success,,,,,,,failure,,"authentication
os
process
remote
report
security
service
success
track_event_signatures
windows",,success,remote,,,,"authentication
os
process
report
security
service
track_event_signatures
windows",,,,,,,,,,,,,,,,,,,,,robert.gaines,,,,,,robert.gaines,,,,,,,,,,,,,,FALSE,,,,,Microsoft,,,Microsoft Windows,,,,,,
,,,,,,,,,,,,,,,,,,,,,,,,,,,,,,,IIS APPPOOL,,,RDWebAccess,,,,,,,Security,,,,,,,,,,FAIS009.ad.wsu.edu,,,,,,,,,,,,,,,,,,,,,,-,4648,<Data Name='SubjectUserSid'>S-1-5-82-604604840-3341247844-1790606609-4006251754-2470522317</Data><Data Name='SubjectUserName'>RDWebAccess</Data><Data Name='SubjectDomainName'>IIS APPPOOL</Data><Data Name='SubjectLogonId'>0x7e3cf0</Data><Data Name='LogonGuid'>{00000000-0000-0000-0000-000000000000}</Data><Data Name='TargetUserName'>robert.gaines</Data><Data Name='TargetDomainName'>AD</Data><Data Name='TargetLogonGuid'>{A1195685-EF11-CA13-99F4-B0D703D12790}</Data><Data Name='TargetServerName'>localhost</Data><Data Name='TargetInfo'>localhost</Data><Data Name='ProcessId'>0x1b00</Data><Data Name='ProcessName'>C:\Windows\System32\inetsrv\w3wp.exe</Data><Data Name='IpAddress'>-</Data><Data Name='IpPort'>-</Data>,4648,8134239,,,,,,,,,,AD,robert.gaines,,'{54849625-5478-4994-A5BA-3E3B0328C30D}',,,,,,,,,,,-,-,,,,,,,0x8020000000000000,,0,,,{00000000-0000-0000-0000-000000000000},,,,,0x7e3cf0,,,,,,,,,,,,,,,'Microsoft-Windows-Security-Auditing',,,,,,,,,,,,,,,,0,,,,,,,,,,,'672',0x1b00,C:\Windows\System32\inetsrv\w3wp.exe,,,,,,,,,,,,8134239,,,,,,,,,,,,,,,,,-,-,,,,,IIS APPPOOL,0x7e3cf0,,,RDWebAccess,S-1-5-82-604604840-3341247844-1790606609-4006251754-2470522317,,,,,,,'2020-08-20T17:05:25.079624600Z',<Provider Name='Microsoft-Windows-Security-Auditing' Guid='{54849625-5478-4994-A5BA-3E3B0328C30D}'/><EventID>4648</EventID><Version>0</Version><Level>0</Level><Task>12544</Task><Opcode>0</Opcode><Keywords>0x8020000000000000</Keywords><TimeCreated SystemTime='2020-08-20T17:05:25.079624600Z'/><EventRecordID>8134239</EventRecordID><Correlation/><Execution ProcessID='672' ThreadID='28988'/><Channel>Security</Channel><Computer>FAIS009.ad.wsu.edu</Computer><Security/>,,,AD,localhost,,{A1195685-EF11-CA13-99F4-B0D703D12790},,,,,localhost,,robert.gaines,,,,AD,localhost,robert.gaines,12544,'28988',,,,,,,,,,,,,,,,,,,,0,,,,,<Event xmlns='http://schemas.microsoft.com/win/2004/08/events/event'><System><Provider Name='Microsoft-Windows-Security-Auditing' Guid='{54849625-5478-4994-A5BA-3E3B0328C30D}'/><EventID>4648</EventID><Version>0</Version><Level>0</Level><Task>12544</Task><Opcode>0</Opcode><Keywords>0x8020000000000000</Keywords><TimeCreated SystemTime='2020-08-20T17:05:25.079624600Z'/><EventRecordID>8134239</EventRecordID><Correlation/><Execution ProcessID='672' ThreadID='28988'/><Channel>Security</Channel><Computer>FAIS009.ad.wsu.edu</Computer><Security/></System><EventData><Data Name='SubjectUserSid'>S-1-5-82-604604840-3341247844-1790606609-4006251754-2470522317</Data><Data Name='SubjectUserName'>RDWebAccess</Data><Data Name='SubjectDomainName'>IIS APPPOOL</Data><Data Name='SubjectLogonId'>0x7e3cf0</Data><Data Name='LogonGuid'>{00000000-0000-0000-0000-000000000000}</Data><Data Name='TargetUserName'>robert.gaines</Data><Data Name='TargetDomainName'>AD</Data><Data Name='TargetLogonGuid'>{A1195685-EF11-CA13-99F4-B0D703D12790}</Data><Data Name='TargetServerName'>localhost</Data><Data Name='TargetInfo'>localhost</Data><Data Name='ProcessId'>0x1b00</Data><Data Name='ProcessName'>C:\Windows\System32\inetsrv\w3wp.exe</Data><Data Name='IpAddress'>-</Data><Data Name='IpPort'>-</Data></EventData></Event>,2020-08-20T10:05:25.000-0700,success,,,,,win:remote,,,,,,,,,,,,,,,,,,,,,,,,,,,,,,,,,,,,,,,,,,localhost,,,,,,,,,,,,,FALSE,,,,,AD,localhost,,untrust,,,FALSE,FALSE,FALSE,,,,,,,,,,,,FAIS009,"fais009.ad.wsu.edu
134.121.231.152
fais009",5f088cd484c9769991496dc2,"unknown
servers_rdc
finance_and_administration
wsu
expected",unknown,"servers_rdc
finance_and_administration
wsu",,,fais009.ad.wsu.edu,134.121.231.152,FALSE,,,,,FAIS009,,untrust,high,FALSE,FALSE,FALSE,8134239,endpoint_services_processes windows_event_signature windows_logon_explicit wineventlog_security winsec,,,,,,,,FAIS009,,,,8134239,security,1,,,,,,,,,,A logon was attempted using explicit credentials,XmlWinEventLog,,,,,,,,,,,,,C:\Windows\System32\inetsrv\w3wp.exe,672,C:\Windows\System32\inetsrv\w3wp.exe,Windows,<_='://../////'><><_='---'_='{----}'/><></><></><>,,,,,,,,,,,,,,,,,,0x7e3cf0,,,A logon was attempted using explicit credentials,4648,,XmlWinEventLog:Security,XmlWinEventLog,splunkidx-p1n03.it.wsu.edu,,,,,,,,,,,,,,-,,,,,,IIS APPPOOL,,,,-,,,,,,,RDWebAccess,,,,,,,,,,,,,,,,,FALSE,,,,,,,,,success,,,,,,,failure,,"authentication
os
privileged
process
remote
report
security
service
success
track_event_signatures
windows",,success,remote,,,,"authentication
os
privileged
process
report
security
service
track_event_signatures
windows",,,,,,,,,,,,,,,,,,,,,robert.gaines,,,,,,robert.gaines,,,,,,,,,,,,,,FALSE,,,,,Microsoft,,,Microsoft Windows,,,,,,
,,,,,,,,,,,,,,,,,,,,,,,,,,,,,,,AD,,,FAIS.TIER1.GAINES,,,,,,,Security,,,,,,,,,,FAIS009.ad.wsu.edu,,,,,,,,,,,,,,,,,,,,,,-,4648,<Data Name='SubjectUserSid'>S-1-5-21-861567501-115176313-682003330-4842454</Data><Data Name='SubjectUserName'>FAIS.TIER1.GAINES</Data><Data Name='SubjectDomainName'>AD</Data><Data Name='SubjectLogonId'>0x2cf66898</Data><Data Name='LogonGuid'>{00000000-0000-0000-0000-000000000000}</Data><Data Name='TargetUserName'>robert.gaines</Data><Data Name='TargetDomainName'>AD.WSU.EDU</Data><Data Name='TargetLogonGuid'>{9B7BAA77-F34F-F408-EDF6-73461B89900B}</Data><Data Name='TargetServerName'>FAIS-FIGA-ERS1.ad.wsu.edu</Data><Data Name='TargetInfo'>TERMSRV/FAIS-FIGA-ERS1.ad.wsu.edu</Data><Data Name='ProcessId'>0x2a0</Data><Data Name='ProcessName'>C:\Windows\System32\lsass.exe</Data><Data Name='IpAddress'>-</Data><Data Name='IpPort'>-</Data>,4648,8123204,,,,,,,,,,AD.WSU.EDU,robert.gaines,,'{54849625-5478-4994-A5BA-3E3B0328C30D}',,,,,,,,,,,-,-,,,,,,,0x8020000000000000,,0,,,{00000000-0000-0000-0000-000000000000},,,,,0x2cf66898,,,,,,,,,,,,,,,'Microsoft-Windows-Security-Auditing',,,,,,,,,,,,,,,,0,,,,,,,,,,,'672',0x2a0,C:\Windows\System32\lsass.exe,,,,,,,,,,,,8123204,,,,,,,,,,,,,,,,,-,-,,,,,AD,0x2cf66898,,,FAIS.TIER1.GAINES,S-1-5-21-861567501-115176313-682003330-4842454,,,,,,,'2020-08-18T16:59:15.512060300Z',<Provider Name='Microsoft-Windows-Security-Auditing' Guid='{54849625-5478-4994-A5BA-3E3B0328C30D}'/><EventID>4648</EventID><Version>0</Version><Level>0</Level><Task>12544</Task><Opcode>0</Opcode><Keywords>0x8020000000000000</Keywords><TimeCreated SystemTime='2020-08-18T16:59:15.512060300Z'/><EventRecordID>8123204</EventRecordID><Correlation/><Execution ProcessID='672' ThreadID='24504'/><Channel>Security</Channel><Computer>FAIS009.ad.wsu.edu</Computer><Security/>,,,AD.WSU.EDU,TERMSRV/FAIS-FIGA-ERS1.ad.wsu.edu,,{9B7BAA77-F34F-F408-EDF6-73461B89900B},,,,,FAIS-FIGA-ERS1.ad.wsu.edu,,robert.gaines,,,,AD.WSU.EDU,FAIS-FIGA-ERS1.ad.wsu.edu,robert.gaines,12544,'24504',,,,,,,,,,,,,,,,,,,,0,,,,,<Event xmlns='http://schemas.microsoft.com/win/2004/08/events/event'><System><Provider Name='Microsoft-Windows-Security-Auditing' Guid='{54849625-5478-4994-A5BA-3E3B0328C30D}'/><EventID>4648</EventID><Version>0</Version><Level>0</Level><Task>12544</Task><Opcode>0</Opcode><Keywords>0x8020000000000000</Keywords><TimeCreated SystemTime='2020-08-18T16:59:15.512060300Z'/><EventRecordID>8123204</EventRecordID><Correlation/><Execution ProcessID='672' ThreadID='24504'/><Channel>Security</Channel><Computer>FAIS009.ad.wsu.edu</Computer><Security/></System><EventData><Data Name='SubjectUserSid'>S-1-5-21-861567501-115176313-682003330-4842454</Data><Data Name='SubjectUserName'>FAIS.TIER1.GAINES</Data><Data Name='SubjectDomainName'>AD</Data><Data Name='SubjectLogonId'>0x2cf66898</Data><Data Name='LogonGuid'>{00000000-0000-0000-0000-000000000000}</Data><Data Name='TargetUserName'>robert.gaines</Data><Data Name='TargetDomainName'>AD.WSU.EDU</Data><Data Name='TargetLogonGuid'>{9B7BAA77-F34F-F408-EDF6-73461B89900B}</Data><Data Name='TargetServerName'>FAIS-FIGA-ERS1.ad.wsu.edu</Data><Data Name='TargetInfo'>TERMSRV/FAIS-FIGA-ERS1.ad.wsu.edu</Data><Data Name='ProcessId'>0x2a0</Data><Data Name='ProcessName'>C:\Windows\System32\lsass.exe</Data><Data Name='IpAddress'>-</Data><Data Name='IpPort'>-</Data></EventData></Event>,2020-08-18T09:59:15.000-0700,success,,,,,win:remote,,,,,,,,,,,,,,,,,,,,,,,,,,,,,,,,,,,,,,,,,,FAIS-FIGA-ERS1.ad.wsu.edu,"fais-figa-ers1.ad.wsu.edu
134.121.8.31
fais-figa-ers1",5f088cd184c9769991492c21,"unknown
workstations
financial_services
finance_and_administration
wsu",,unknown,"workstations
financial_services
finance_and_administration
wsu",,,,fais-figa-ers1.ad.wsu.edu,,134.121.8.31,FALSE,,,,,AD.WSU.EDU,FAIS-FIGA-ERS1.ad.wsu.edu,,untrust,,medium,FALSE,FALSE,FALSE,,,,,,,,,,,,FAIS009,"fais009.ad.wsu.edu
134.121.231.152
fais009",5f088cd484c9769991496dc2,"unknown
servers_rdc
finance_and_administration
wsu
expected",unknown,"servers_rdc
finance_and_administration
wsu",,,fais009.ad.wsu.edu,134.121.231.152,FALSE,,,,,FAIS009,,untrust,high,FALSE,FALSE,FALSE,8123204,endpoint_services_processes windows_event_signature windows_logon_explicit wineventlog_security winsec,,,,,,,,FAIS009,,,,8123204,security,1,,,,,,,,,,A logon was attempted using explicit credentials,XmlWinEventLog,,,,,,,,,,,,,C:\Windows\System32\lsass.exe,672,C:\Windows\System32\lsass.exe,Windows,<_='://../////'><><_='---'_='{----}'/><></><></><>,,,,,,,,,,,,,,,,,,0x2cf66898,,,A logon was attempted using explicit credentials,4648,,XmlWinEventLog:Security,XmlWinEventLog,splunkidx-p1n03.it.wsu.edu,,,,,,,,,,,,,,-,,,,,,AD,,,,-,,,,,,,FAIS.TIER1.GAINES,,,,,,,,,,,,,,,,,FALSE,,,,,,,,,success,,,,,,,failure,,"authentication
os
privileged
process
remote
report
security
service
success
track_event_signatures
windows",,success,remote,,,,"authentication
os
privileged
process
report
security
service
track_event_signatures
windows",,,,,,,,,,,,,,,,,,,,,robert.gaines,,,,,,robert.gaines,,,,,,,,,,,,,,FALSE,,,,,Microsoft,,,Microsoft Windows,,,,,,
,,,,,,,,,,,,,,,,,,,,,,,,,,,,,,,AD,,,FAIS.TIER1.GAINES,,,,,,,Security,,,,,,,,,,FAIS009.ad.wsu.edu,,,,,,,,,,,,,,,,,,,,,,-,4648,<Data Name='SubjectUserSid'>S-1-5-21-861567501-115176313-682003330-4842454</Data><Data Name='SubjectUserName'>FAIS.TIER1.GAINES</Data><Data Name='SubjectDomainName'>AD</Data><Data Name='SubjectLogonId'>0x2cf66898</Data><Data Name='LogonGuid'>{00000000-0000-0000-0000-000000000000}</Data><Data Name='TargetUserName'>robert.gaines</Data><Data Name='TargetDomainName'>AD.WSU.EDU</Data><Data Name='TargetLogonGuid'>{9B7BAA77-F34F-F408-EDF6-73461B89900B}</Data><Data Name='TargetServerName'>FAIS-FIGA-ERS1.ad.wsu.edu</Data><Data Name='TargetInfo'>TERMSRV/FAIS-FIGA-ERS1.ad.wsu.edu</Data><Data Name='ProcessId'>0x2a0</Data><Data Name='ProcessName'>C:\Windows\System32\lsass.exe</Data><Data Name='IpAddress'>-</Data><Data Name='IpPort'>-</Data>,4648,8123203,,,,,,,,,,AD.WSU.EDU,robert.gaines,,'{54849625-5478-4994-A5BA-3E3B0328C30D}',,,,,,,,,,,-,-,,,,,,,0x8020000000000000,,0,,,{00000000-0000-0000-0000-000000000000},,,,,0x2cf66898,,,,,,,,,,,,,,,'Microsoft-Windows-Security-Auditing',,,,,,,,,,,,,,,,0,,,,,,,,,,,'672',0x2a0,C:\Windows\System32\lsass.exe,,,,,,,,,,,,8123203,,,,,,,,,,,,,,,,,-,-,,,,,AD,0x2cf66898,,,FAIS.TIER1.GAINES,S-1-5-21-861567501-115176313-682003330-4842454,,,,,,,'2020-08-18T16:59:15.486042700Z',<Provider Name='Microsoft-Windows-Security-Auditing' Guid='{54849625-5478-4994-A5BA-3E3B0328C30D}'/><EventID>4648</EventID><Version>0</Version><Level>0</Level><Task>12544</Task><Opcode>0</Opcode><Keywords>0x8020000000000000</Keywords><TimeCreated SystemTime='2020-08-18T16:59:15.486042700Z'/><EventRecordID>8123203</EventRecordID><Correlation/><Execution ProcessID='672' ThreadID='24504'/><Channel>Security</Channel><Computer>FAIS009.ad.wsu.edu</Computer><Security/>,,,AD.WSU.EDU,TERMSRV/FAIS-FIGA-ERS1.ad.wsu.edu,,{9B7BAA77-F34F-F408-EDF6-73461B89900B},,,,,FAIS-FIGA-ERS1.ad.wsu.edu,,robert.gaines,,,,AD.WSU.EDU,FAIS-FIGA-ERS1.ad.wsu.edu,robert.gaines,12544,'24504',,,,,,,,,,,,,,,,,,,,0,,,,,<Event xmlns='http://schemas.microsoft.com/win/2004/08/events/event'><System><Provider Name='Microsoft-Windows-Security-Auditing' Guid='{54849625-5478-4994-A5BA-3E3B0328C30D}'/><EventID>4648</EventID><Version>0</Version><Level>0</Level><Task>12544</Task><Opcode>0</Opcode><Keywords>0x8020000000000000</Keywords><TimeCreated SystemTime='2020-08-18T16:59:15.486042700Z'/><EventRecordID>8123203</EventRecordID><Correlation/><Execution ProcessID='672' ThreadID='24504'/><Channel>Security</Channel><Computer>FAIS009.ad.wsu.edu</Computer><Security/></System><EventData><Data Name='SubjectUserSid'>S-1-5-21-861567501-115176313-682003330-4842454</Data><Data Name='SubjectUserName'>FAIS.TIER1.GAINES</Data><Data Name='SubjectDomainName'>AD</Data><Data Name='SubjectLogonId'>0x2cf66898</Data><Data Name='LogonGuid'>{00000000-0000-0000-0000-000000000000}</Data><Data Name='TargetUserName'>robert.gaines</Data><Data Name='TargetDomainName'>AD.WSU.EDU</Data><Data Name='TargetLogonGuid'>{9B7BAA77-F34F-F408-EDF6-73461B89900B}</Data><Data Name='TargetServerName'>FAIS-FIGA-ERS1.ad.wsu.edu</Data><Data Name='TargetInfo'>TERMSRV/FAIS-FIGA-ERS1.ad.wsu.edu</Data><Data Name='ProcessId'>0x2a0</Data><Data Name='ProcessName'>C:\Windows\System32\lsass.exe</Data><Data Name='IpAddress'>-</Data><Data Name='IpPort'>-</Data></EventData></Event>,2020-08-18T09:59:15.000-0700,success,,,,,win:remote,,,,,,,,,,,,,,,,,,,,,,,,,,,,,,,,,,,,,,,,,,FAIS-FIGA-ERS1.ad.wsu.edu,"fais-figa-ers1.ad.wsu.edu
134.121.8.31
fais-figa-ers1",5f088cd184c9769991492c21,"unknown
workstations
financial_services
finance_and_administration
wsu",,unknown,"workstations
financial_services
finance_and_administration
wsu",,,,fais-figa-ers1.ad.wsu.edu,,134.121.8.31,FALSE,,,,,AD.WSU.EDU,FAIS-FIGA-ERS1.ad.wsu.edu,,untrust,,medium,FALSE,FALSE,FALSE,,,,,,,,,,,,FAIS009,"fais009.ad.wsu.edu
134.121.231.152
fais009",5f088cd484c9769991496dc2,"unknown
servers_rdc
finance_and_administration
wsu
expected",unknown,"servers_rdc
finance_and_administration
wsu",,,fais009.ad.wsu.edu,134.121.231.152,FALSE,,,,,FAIS009,,untrust,high,FALSE,FALSE,FALSE,8123203,endpoint_services_processes windows_event_signature windows_logon_explicit wineventlog_security winsec,,,,,,,,FAIS009,,,,8123203,security,1,,,,,,,,,,A logon was attempted using explicit credentials,XmlWinEventLog,,,,,,,,,,,,,C:\Windows\System32\lsass.exe,672,C:\Windows\System32\lsass.exe,Windows,<_='://../////'><><_='---'_='{----}'/><></><></><>,,,,,,,,,,,,,,,,,,0x2cf66898,,,A logon was attempted using explicit credentials,4648,,XmlWinEventLog:Security,XmlWinEventLog,splunkidx-p1n03.it.wsu.edu,,,,,,,,,,,,,,-,,,,,,AD,,,,-,,,,,,,FAIS.TIER1.GAINES,,,,,,,,,,,,,,,,,FALSE,,,,,,,,,success,,,,,,,failure,,"authentication
os
privileged
process
remote
report
security
service
success
track_event_signatures
windows",,success,remote,,,,"authentication
os
privileged
process
report
security
service
track_event_signatures
windows",,,,,,,,,,,,,,,,,,,,,robert.gaines,,,,,,robert.gaines,,,,,,,,,,,,,,FALSE,,,,,Microsoft,,,Microsoft Windows,,,,,,
,,,,,,,,,,,,,,,,,,,,,,,Kerberos,,,,,,,,IIS APPPOOL,,,RDWebAccess,,,,,,,Security,,,,,,,,,,FAIS009.ad.wsu.edu,,,,,,,,,,,,,,,,,,,,,,-,4624,<Data Name='SubjectUserSid'>S-1-5-82-604604840-3341247844-1790606609-4006251754-2470522317</Data><Data Name='SubjectUserName'>RDWebAccess</Data><Data Name='SubjectDomainName'>IIS APPPOOL</Data><Data Name='SubjectLogonId'>0x7e3cf0</Data><Data Name='TargetUserSid'>S-1-5-21-861567501-115176313-682003330-4868080</Data><Data Name='TargetUserName'>robert.gaines</Data><Data Name='TargetDomainName'>AD</Data><Data Name='TargetLogonId'>0x2ceca41f</Data><Data Name='LogonType'>3</Data><Data Name='LogonProcessName'>Authz   </Data><Data Name='AuthenticationPackageName'>Kerberos</Data><Data Name='WorkstationName'>FAIS009</Data><Data Name='LogonGuid'>{42564FD9-8AA5-B147-53E0-B757B44BECA8}</Data><Data Name='TransmittedServices'>-</Data><Data Name='LmPackageName'>-</Data><Data Name='KeyLength'>0</Data><Data Name='ProcessId'>0x1b00</Data><Data Name='ProcessName'>C:\Windows\System32\inetsrv\w3wp.exe</Data><Data Name='IpAddress'>-</Data><Data Name='IpPort'>-</Data><Data Name='ImpersonationLevel'>%%1832</Data>,4624,8123174,,,,,,,,,,AD,robert.gaines,,'{54849625-5478-4994-A5BA-3E3B0328C30D}',,,,,,,,,%%1832,,-,-,,,0,,,,0x8020000000000000,,0,-,,{42564FD9-8AA5-B147-53E0-B757B44BECA8},,Authz,3,,0x7e3cf0,3,,,,,,,,,,,,,,'Microsoft-Windows-Security-Auditing',,,,,,,,,,,,,,,,0,,,,,,,,,,,'672',0x1b00,C:\Windows\System32\inetsrv\w3wp.exe,,,,,,,,,,,,8123174,,,,,,,,,,,,,,,,,-,FAIS009,,,,,IIS APPPOOL,0x7e3cf0,,,RDWebAccess,S-1-5-82-604604840-3341247844-1790606609-4006251754-2470522317,,,,,,,'2020-08-18T16:54:19.735114500Z',<Provider Name='Microsoft-Windows-Security-Auditing' Guid='{54849625-5478-4994-A5BA-3E3B0328C30D}'/><EventID>4624</EventID><Version>1</Version><Level>0</Level><Task>12544</Task><Opcode>0</Opcode><Keywords>0x8020000000000000</Keywords><TimeCreated SystemTime='2020-08-18T16:54:19.735114500Z'/><EventRecordID>8123174</EventRecordID><Correlation/><Execution ProcessID='672' ThreadID='24504'/><Channel>Security</Channel><Computer>FAIS009.ad.wsu.edu</Computer><Security/>,,,AD,,,,0x2ceca41f,,,,,,robert.gaines,S-1-5-21-861567501-115176313-682003330-4868080,,,AD,,robert.gaines,12544,'24504',,,,,,,-,,,,,,,,,,,,,1,,,FAIS009,,<Event xmlns='http://schemas.microsoft.com/win/2004/08/events/event'><System><Provider Name='Microsoft-Windows-Security-Auditing' Guid='{54849625-5478-4994-A5BA-3E3B0328C30D}'/><EventID>4624</EventID><Version>1</Version><Level>0</Level><Task>12544</Task><Opcode>0</Opcode><Keywords>0x8020000000000000</Keywords><TimeCreated SystemTime='2020-08-18T16:54:19.735114500Z'/><EventRecordID>8123174</EventRecordID><Correlation/><Execution ProcessID='672' ThreadID='24504'/><Channel>Security</Channel><Computer>FAIS009.ad.wsu.edu</Computer><Security/></System><EventData><Data Name='SubjectUserSid'>S-1-5-82-604604840-3341247844-1790606609-4006251754-2470522317</Data><Data Name='SubjectUserName'>RDWebAccess</Data><Data Name='SubjectDomainName'>IIS APPPOOL</Data><Data Name='SubjectLogonId'>0x7e3cf0</Data><Data Name='TargetUserSid'>S-1-5-21-861567501-115176313-682003330-4868080</Data><Data Name='TargetUserName'>robert.gaines</Data><Data Name='TargetDomainName'>AD</Data><Data Name='TargetLogonId'>0x2ceca41f</Data><Data Name='LogonType'>3</Data><Data Name='LogonProcessName'>Authz   </Data><Data Name='AuthenticationPackageName'>Kerberos</Data><Data Name='WorkstationName'>FAIS009</Data><Data Name='LogonGuid'>{42564FD9-8AA5-B147-53E0-B757B44BECA8}</Data><Data Name='TransmittedServices'>-</Data><Data Name='LmPackageName'>-</Data><Data Name='KeyLength'>0</Data><Data Name='ProcessId'>0x1b00</Data><Data Name='ProcessName'>C:\Windows\System32\inetsrv\w3wp.exe</Data><Data Name='IpAddress'>-</Data><Data Name='IpPort'>-</Data><Data Name='ImpersonationLevel'>%%1832</Data></EventData></Event>,2020-08-18T09:54:19.000-0700,success,,,,,win:remote,,,,,,,,,,,,,,,,,,,,,,,,,,,,,,,,,,,,,,,,,,FAIS009.ad.wsu.edu,"fais009.ad.wsu.edu
134.121.231.152
fais009",5f088cd484c9769991496dc2,"unknown
servers_rdc
finance_and_administration
wsu
expected",,unknown,"servers_rdc
finance_and_administration
wsu",,,,fais009.ad.wsu.edu,,134.121.231.152,FALSE,,,,,AD,fais009,,untrust,,high,FALSE,FALSE,FALSE,,,,,,,,,,,,FAIS009,"fais009.ad.wsu.edu
134.121.231.152
fais009",5f088cd484c9769991496dc2,"unknown
servers_rdc
finance_and_administration
wsu
expected",unknown,"servers_rdc
finance_and_administration
wsu",,,fais009.ad.wsu.edu,134.121.231.152,FALSE,,,,,FAIS009,,untrust,high,FALSE,FALSE,FALSE,8123174,endpoint_services_processes msad-successful-user-logons windows_event_signature windows_logon_success wineventlog_security winsec,,,,,,,,FAIS009,,,,8123174,security,1,,,,,,,,,,An account was successfully logged on,XmlWinEventLog,,,,,,,,,,,,,C:\Windows\System32\inetsrv\w3wp.exe,672,C:\Windows\System32\inetsrv\w3wp.exe,Windows,<_='://../////'><><_='---'_='{----}'/><></><></><>,,,,,,,,,,,,,,,,,,0x7e3cf0,,,An account was successfully logged on,4624,,XmlWinEventLog:Security,XmlWinEventLog,splunkidx-p1n03.it.wsu.edu,,FAIS009,"fais009.ad.wsu.edu
134.121.231.152
fais009",5f088cd484c9769991496dc2,"unknown
servers_rdc
finance_and_administration
wsu
expected",,unknown,"servers_rdc
finance_and_administration
wsu",,,,fais009.ad.wsu.edu,,-,FALSE,,,,,IIS APPPOOL,FAIS009,,untrust,-,high,FALSE,FALSE,FALSE,,,RDWebAccess,,,,,,,,,,,,,,,,,FALSE,,,,,,,,,success,,,,,,,failure,,"authentication
os
process
remote
report
security
service
success
track_event_signatures
windows",,success,remote,,,,"authentication
os
process
report
security
service
track_event_signatures
windows",,,,,,,,,,,,,,,,,,,,,robert.gaines,,,,,,robert.gaines,,,,,,,,,,,,,,FALSE,,,,,Microsoft,,,Microsoft Windows,,,,,,
,,,,,,,,,,,,,,,,,,,,,,,,,,,,,,,IIS APPPOOL,,,RDWebAccess,,,,,,,Security,,,,,,,,,,FAIS009.ad.wsu.edu,,,,,,,,,,,,,,,,,,,,,,-,4648,<Data Name='SubjectUserSid'>S-1-5-82-604604840-3341247844-1790606609-4006251754-2470522317</Data><Data Name='SubjectUserName'>RDWebAccess</Data><Data Name='SubjectDomainName'>IIS APPPOOL</Data><Data Name='SubjectLogonId'>0x7e3cf0</Data><Data Name='LogonGuid'>{00000000-0000-0000-0000-000000000000}</Data><Data Name='TargetUserName'>robert.gaines</Data><Data Name='TargetDomainName'>AD</Data><Data Name='TargetLogonGuid'>{42564FD9-8AA5-B147-53E0-B757B44BECA8}</Data><Data Name='TargetServerName'>localhost</Data><Data Name='TargetInfo'>localhost</Data><Data Name='ProcessId'>0x1b00</Data><Data Name='ProcessName'>C:\Windows\System32\inetsrv\w3wp.exe</Data><Data Name='IpAddress'>-</Data><Data Name='IpPort'>-</Data>,4648,8123173,,,,,,,,,,AD,robert.gaines,,'{54849625-5478-4994-A5BA-3E3B0328C30D}',,,,,,,,,,,-,-,,,,,,,0x8020000000000000,,0,,,{00000000-0000-0000-0000-000000000000},,,,,0x7e3cf0,,,,,,,,,,,,,,,'Microsoft-Windows-Security-Auditing',,,,,,,,,,,,,,,,0,,,,,,,,,,,'672',0x1b00,C:\Windows\System32\inetsrv\w3wp.exe,,,,,,,,,,,,8123173,,,,,,,,,,,,,,,,,-,-,,,,,IIS APPPOOL,0x7e3cf0,,,RDWebAccess,S-1-5-82-604604840-3341247844-1790606609-4006251754-2470522317,,,,,,,'2020-08-18T16:54:19.735114500Z',<Provider Name='Microsoft-Windows-Security-Auditing' Guid='{54849625-5478-4994-A5BA-3E3B0328C30D}'/><EventID>4648</EventID><Version>0</Version><Level>0</Level><Task>12544</Task><Opcode>0</Opcode><Keywords>0x8020000000000000</Keywords><TimeCreated SystemTime='2020-08-18T16:54:19.735114500Z'/><EventRecordID>8123173</EventRecordID><Correlation/><Execution ProcessID='672' ThreadID='24504'/><Channel>Security</Channel><Computer>FAIS009.ad.wsu.edu</Computer><Security/>,,,AD,localhost,,{42564FD9-8AA5-B147-53E0-B757B44BECA8},,,,,localhost,,robert.gaines,,,,AD,localhost,robert.gaines,12544,'24504',,,,,,,,,,,,,,,,,,,,0,,,,,<Event xmlns='http://schemas.microsoft.com/win/2004/08/events/event'><System><Provider Name='Microsoft-Windows-Security-Auditing' Guid='{54849625-5478-4994-A5BA-3E3B0328C30D}'/><EventID>4648</EventID><Version>0</Version><Level>0</Level><Task>12544</Task><Opcode>0</Opcode><Keywords>0x8020000000000000</Keywords><TimeCreated SystemTime='2020-08-18T16:54:19.735114500Z'/><EventRecordID>8123173</EventRecordID><Correlation/><Execution ProcessID='672' ThreadID='24504'/><Channel>Security</Channel><Computer>FAIS009.ad.wsu.edu</Computer><Security/></System><EventData><Data Name='SubjectUserSid'>S-1-5-82-604604840-3341247844-1790606609-4006251754-2470522317</Data><Data Name='SubjectUserName'>RDWebAccess</Data><Data Name='SubjectDomainName'>IIS APPPOOL</Data><Data Name='SubjectLogonId'>0x7e3cf0</Data><Data Name='LogonGuid'>{00000000-0000-0000-0000-000000000000}</Data><Data Name='TargetUserName'>robert.gaines</Data><Data Name='TargetDomainName'>AD</Data><Data Name='TargetLogonGuid'>{42564FD9-8AA5-B147-53E0-B757B44BECA8}</Data><Data Name='TargetServerName'>localhost</Data><Data Name='TargetInfo'>localhost</Data><Data Name='ProcessId'>0x1b00</Data><Data Name='ProcessName'>C:\Windows\System32\inetsrv\w3wp.exe</Data><Data Name='IpAddress'>-</Data><Data Name='IpPort'>-</Data></EventData></Event>,2020-08-18T09:54:19.000-0700,success,,,,,win:remote,,,,,,,,,,,,,,,,,,,,,,,,,,,,,,,,,,,,,,,,,,localhost,,,,,,,,,,,,,FALSE,,,,,AD,localhost,,untrust,,,FALSE,FALSE,FALSE,,,,,,,,,,,,FAIS009,"fais009.ad.wsu.edu
134.121.231.152
fais009",5f088cd484c9769991496dc2,"unknown
servers_rdc
finance_and_administration
wsu
expected",unknown,"servers_rdc
finance_and_administration
wsu",,,fais009.ad.wsu.edu,134.121.231.152,FALSE,,,,,FAIS009,,untrust,high,FALSE,FALSE,FALSE,8123173,endpoint_services_processes windows_event_signature windows_logon_explicit wineventlog_security winsec,,,,,,,,FAIS009,,,,8123173,security,1,,,,,,,,,,A logon was attempted using explicit credentials,XmlWinEventLog,,,,,,,,,,,,,C:\Windows\System32\inetsrv\w3wp.exe,672,C:\Windows\System32\inetsrv\w3wp.exe,Windows,<_='://../////'><><_='---'_='{----}'/><></><></><>,,,,,,,,,,,,,,,,,,0x7e3cf0,,,A logon was attempted using explicit credentials,4648,,XmlWinEventLog:Security,XmlWinEventLog,splunkidx-p1n03.it.wsu.edu,,,,,,,,,,,,,,-,,,,,,IIS APPPOOL,,,,-,,,,,,,RDWebAccess,,,,,,,,,,,,,,,,,FALSE,,,,,,,,,success,,,,,,,failure,,"authentication
os
privileged
process
remote
report
security
service
success
track_event_signatures
windows",,success,remote,,,,"authentication
os
privileged
process
report
security
service
track_event_signatures
windows",,,,,,,,,,,,,,,,,,,,,robert.gaines,,,,,,robert.gaines,,,,,,,,,,,,,,FALSE,,,,,Microsoft,,,Microsoft Windows,,,,,,
,,,,,,,,,,,,,,,,,,,,,,,Negotiate,,,,,,,,IIS APPPOOL,,,RDWebAccess,,,,,,,Security,,,,,,,,,,FAIS009.ad.wsu.edu,,,,,,,,,,,,,,,,,,,,,,-,4624,<Data Name='SubjectUserSid'>S-1-5-82-604604840-3341247844-1790606609-4006251754-2470522317</Data><Data Name='SubjectUserName'>RDWebAccess</Data><Data Name='SubjectDomainName'>IIS APPPOOL</Data><Data Name='SubjectLogonId'>0x7e3cf0</Data><Data Name='TargetUserSid'>S-1-5-21-861567501-115176313-682003330-4868080</Data><Data Name='TargetUserName'>robert.gaines</Data><Data Name='TargetDomainName'>AD</Data><Data Name='TargetLogonId'>0x2ceca2ef</Data><Data Name='LogonType'>3</Data><Data Name='LogonProcessName'>Advapi  </Data><Data Name='AuthenticationPackageName'>Negotiate</Data><Data Name='WorkstationName'>FAIS009</Data><Data Name='LogonGuid'>{F015B8F7-A19B-9F23-3A5A-661288E6F2C1}</Data><Data Name='TransmittedServices'>-</Data><Data Name='LmPackageName'>-</Data><Data Name='KeyLength'>0</Data><Data Name='ProcessId'>0x1b00</Data><Data Name='ProcessName'>C:\Windows\System32\inetsrv\w3wp.exe</Data><Data Name='IpAddress'>-</Data><Data Name='IpPort'>-</Data><Data Name='ImpersonationLevel'>%%1833</Data>,4624,8123172,,,,,,,,,,AD,robert.gaines,,'{54849625-5478-4994-A5BA-3E3B0328C30D}',,,,,,,,,%%1833,,-,-,,,0,,,,0x8020000000000000,,0,-,,{F015B8F7-A19B-9F23-3A5A-661288E6F2C1},,Advapi,3,,0x7e3cf0,3,,,,,,,,,,,,,,'Microsoft-Windows-Security-Auditing',,,,,,,,,,,,,,,,0,,,,,,,,,,,'672',0x1b00,C:\Windows\System32\inetsrv\w3wp.exe,,,,,,,,,,,,8123172,,,,,,,,,,,,,,,,,-,FAIS009,,,,,IIS APPPOOL,0x7e3cf0,,,RDWebAccess,S-1-5-82-604604840-3341247844-1790606609-4006251754-2470522317,,,,,,,'2020-08-18T16:54:19.685103500Z',<Provider Name='Microsoft-Windows-Security-Auditing' Guid='{54849625-5478-4994-A5BA-3E3B0328C30D}'/><EventID>4624</EventID><Version>1</Version><Level>0</Level><Task>12544</Task><Opcode>0</Opcode><Keywords>0x8020000000000000</Keywords><TimeCreated SystemTime='2020-08-18T16:54:19.685103500Z'/><EventRecordID>8123172</EventRecordID><Correlation/><Execution ProcessID='672' ThreadID='24504'/><Channel>Security</Channel><Computer>FAIS009.ad.wsu.edu</Computer><Security/>,,,AD,,,,0x2ceca2ef,,,,,,robert.gaines,S-1-5-21-861567501-115176313-682003330-4868080,,,AD,,robert.gaines,12544,'24504',,,,,,,-,,,,,,,,,,,,,1,,,FAIS009,,<Event xmlns='http://schemas.microsoft.com/win/2004/08/events/event'><System><Provider Name='Microsoft-Windows-Security-Auditing' Guid='{54849625-5478-4994-A5BA-3E3B0328C30D}'/><EventID>4624</EventID><Version>1</Version><Level>0</Level><Task>12544</Task><Opcode>0</Opcode><Keywords>0x8020000000000000</Keywords><TimeCreated SystemTime='2020-08-18T16:54:19.685103500Z'/><EventRecordID>8123172</EventRecordID><Correlation/><Execution ProcessID='672' ThreadID='24504'/><Channel>Security</Channel><Computer>FAIS009.ad.wsu.edu</Computer><Security/></System><EventData><Data Name='SubjectUserSid'>S-1-5-82-604604840-3341247844-1790606609-4006251754-2470522317</Data><Data Name='SubjectUserName'>RDWebAccess</Data><Data Name='SubjectDomainName'>IIS APPPOOL</Data><Data Name='SubjectLogonId'>0x7e3cf0</Data><Data Name='TargetUserSid'>S-1-5-21-861567501-115176313-682003330-4868080</Data><Data Name='TargetUserName'>robert.gaines</Data><Data Name='TargetDomainName'>AD</Data><Data Name='TargetLogonId'>0x2ceca2ef</Data><Data Name='LogonType'>3</Data><Data Name='LogonProcessName'>Advapi  </Data><Data Name='AuthenticationPackageName'>Negotiate</Data><Data Name='WorkstationName'>FAIS009</Data><Data Name='LogonGuid'>{F015B8F7-A19B-9F23-3A5A-661288E6F2C1}</Data><Data Name='TransmittedServices'>-</Data><Data Name='LmPackageName'>-</Data><Data Name='KeyLength'>0</Data><Data Name='ProcessId'>0x1b00</Data><Data Name='ProcessName'>C:\Windows\System32\inetsrv\w3wp.exe</Data><Data Name='IpAddress'>-</Data><Data Name='IpPort'>-</Data><Data Name='ImpersonationLevel'>%%1833</Data></EventData></Event>,2020-08