-18T09:54:19.000-0700,success,,,,,win:remote,,,,,,,,,,,,,,,,,,,,,,,,,,,,,,,,,,,,,,,,,,FAIS009.ad.wsu.edu,"fais009.ad.wsu.edu
134.121.231.152
fais009",5f088cd484c9769991496dc2,"unknown
servers_rdc
finance_and_administration
wsu
expected",,unknown,"servers_rdc
finance_and_administration
wsu",,,,fais009.ad.wsu.edu,,134.121.231.152,FALSE,,,,,AD,fais009,,untrust,,high,FALSE,FALSE,FALSE,,,,,,,,,,,,FAIS009,"fais009.ad.wsu.edu
134.121.231.152
fais009",5f088cd484c9769991496dc2,"unknown
servers_rdc
finance_and_administration
wsu
expected",unknown,"servers_rdc
finance_and_administration
wsu",,,fais009.ad.wsu.edu,134.121.231.152,FALSE,,,,,FAIS009,,untrust,high,FALSE,FALSE,FALSE,8123172,endpoint_services_processes msad-successful-user-logons windows_event_signature windows_logon_success wineventlog_security winsec,,,,,,,,FAIS009,,,,8123172,security,1,,,,,,,,,,An account was successfully logged on,XmlWinEventLog,,,,,,,,,,,,,C:\Windows\System32\inetsrv\w3wp.exe,672,C:\Windows\System32\inetsrv\w3wp.exe,Windows,<_='://../////'><><_='---'_='{----}'/><></><></><>,,,,,,,,,,,,,,,,,,0x7e3cf0,,,An account was successfully logged on,4624,,XmlWinEventLog:Security,XmlWinEventLog,splunkidx-p1n03.it.wsu.edu,,FAIS009,"fais009.ad.wsu.edu
134.121.231.152
fais009",5f088cd484c9769991496dc2,"unknown
servers_rdc
finance_and_administration
wsu
expected",,unknown,"servers_rdc
finance_and_administration
wsu",,,,fais009.ad.wsu.edu,,-,FALSE,,,,,IIS APPPOOL,FAIS009,,untrust,-,high,FALSE,FALSE,FALSE,,,RDWebAccess,,,,,,,,,,,,,,,,,FALSE,,,,,,,,,success,,,,,,,failure,,"authentication
os
process
remote
report
security
service
success
track_event_signatures
windows",,success,remote,,,,"authentication
os
process
report
security
service
track_event_signatures
windows",,,,,,,,,,,,,,,,,,,,,robert.gaines,,,,,,robert.gaines,,,,,,,,,,,,,,FALSE,,,,,Microsoft,,,Microsoft Windows,,,,,,
,,,,,,,,,,,,,,,,,,,,,,,,,,,,,,,IIS APPPOOL,,,RDWebAccess,,,,,,,Security,,,,,,,,,,FAIS009.ad.wsu.edu,,,,,,,,,,,,,,,,,,,,,,-,4648,<Data Name='SubjectUserSid'>S-1-5-82-604604840-3341247844-1790606609-4006251754-2470522317</Data><Data Name='SubjectUserName'>RDWebAccess</Data><Data Name='SubjectDomainName'>IIS APPPOOL</Data><Data Name='SubjectLogonId'>0x7e3cf0</Data><Data Name='LogonGuid'>{00000000-0000-0000-0000-000000000000}</Data><Data Name='TargetUserName'>robert.gaines</Data><Data Name='TargetDomainName'>AD</Data><Data Name='TargetLogonGuid'>{F015B8F7-A19B-9F23-3A5A-661288E6F2C1}</Data><Data Name='TargetServerName'>localhost</Data><Data Name='TargetInfo'>localhost</Data><Data Name='ProcessId'>0x1b00</Data><Data Name='ProcessName'>C:\Windows\System32\inetsrv\w3wp.exe</Data><Data Name='IpAddress'>-</Data><Data Name='IpPort'>-</Data>,4648,8123171,,,,,,,,,,AD,robert.gaines,,'{54849625-5478-4994-A5BA-3E3B0328C30D}',,,,,,,,,,,-,-,,,,,,,0x8020000000000000,,0,,,{00000000-0000-0000-0000-000000000000},,,,,0x7e3cf0,,,,,,,,,,,,,,,'Microsoft-Windows-Security-Auditing',,,,,,,,,,,,,,,,0,,,,,,,,,,,'672',0x1b00,C:\Windows\System32\inetsrv\w3wp.exe,,,,,,,,,,,,8123171,,,,,,,,,,,,,,,,,-,-,,,,,IIS APPPOOL,0x7e3cf0,,,RDWebAccess,S-1-5-82-604604840-3341247844-1790606609-4006251754-2470522317,,,,,,,'2020-08-18T16:54:19.685103500Z',<Provider Name='Microsoft-Windows-Security-Auditing' Guid='{54849625-5478-4994-A5BA-3E3B0328C30D}'/><EventID>4648</EventID><Version>0</Version><Level>0</Level><Task>12544</Task><Opcode>0</Opcode><Keywords>0x8020000000000000</Keywords><TimeCreated SystemTime='2020-08-18T16:54:19.685103500Z'/><EventRecordID>8123171</EventRecordID><Correlation/><Execution ProcessID='672' ThreadID='24504'/><Channel>Security</Channel><Computer>FAIS009.ad.wsu.edu</Computer><Security/>,,,AD,localhost,,{F015B8F7-A19B-9F23-3A5A-661288E6F2C1},,,,,localhost,,robert.gaines,,,,AD,localhost,robert.gaines,12544,'24504',,,,,,,,,,,,,,,,,,,,0,,,,,<Event xmlns='http://schemas.microsoft.com/win/2004/08/events/event'><System><Provider Name='Microsoft-Windows-Security-Auditing' Guid='{54849625-5478-4994-A5BA-3E3B0328C30D}'/><EventID>4648</EventID><Version>0</Version><Level>0</Level><Task>12544</Task><Opcode>0</Opcode><Keywords>0x8020000000000000</Keywords><TimeCreated SystemTime='2020-08-18T16:54:19.685103500Z'/><EventRecordID>8123171</EventRecordID><Correlation/><Execution ProcessID='672' ThreadID='24504'/><Channel>Security</Channel><Computer>FAIS009.ad.wsu.edu</Computer><Security/></System><EventData><Data Name='SubjectUserSid'>S-1-5-82-604604840-3341247844-1790606609-4006251754-2470522317</Data><Data Name='SubjectUserName'>RDWebAccess</Data><Data Name='SubjectDomainName'>IIS APPPOOL</Data><Data Name='SubjectLogonId'>0x7e3cf0</Data><Data Name='LogonGuid'>{00000000-0000-0000-0000-000000000000}</Data><Data Name='TargetUserName'>robert.gaines</Data><Data Name='TargetDomainName'>AD</Data><Data Name='TargetLogonGuid'>{F015B8F7-A19B-9F23-3A5A-661288E6F2C1}</Data><Data Name='TargetServerName'>localhost</Data><Data Name='TargetInfo'>localhost</Data><Data Name='ProcessId'>0x1b00</Data><Data Name='ProcessName'>C:\Windows\System32\inetsrv\w3wp.exe</Data><Data Name='IpAddress'>-</Data><Data Name='IpPort'>-</Data></EventData></Event>,2020-08-18T09:54:19.000-0700,success,,,,,win:remote,,,,,,,,,,,,,,,,,,,,,,,,,,,,,,,,,,,,,,,,,,localhost,,,,,,,,,,,,,FALSE,,,,,AD,localhost,,untrust,,,FALSE,FALSE,FALSE,,,,,,,,,,,,FAIS009,"fais009.ad.wsu.edu
134.121.231.152
fais009",5f088cd484c9769991496dc2,"unknown
servers_rdc
finance_and_administration
wsu
expected",unknown,"servers_rdc
finance_and_administration
wsu",,,fais009.ad.wsu.edu,134.121.231.152,FALSE,,,,,FAIS009,,untrust,high,FALSE,FALSE,FALSE,8123171,endpoint_services_processes windows_event_signature windows_logon_explicit wineventlog_security winsec,,,,,,,,FAIS009,,,,8123171,security,1,,,,,,,,,,A logon was attempted using explicit credentials,XmlWinEventLog,,,,,,,,,,,,,C:\Windows\System32\inetsrv\w3wp.exe,672,C:\Windows\System32\inetsrv\w3wp.exe,Windows,<_='://../////'><><_='---'_='{----}'/><></><></><>,,,,,,,,,,,,,,,,,,0x7e3cf0,,,A logon was attempted using explicit credentials,4648,,XmlWinEventLog:Security,XmlWinEventLog,splunkidx-p1n03.it.wsu.edu,,,,,,,,,,,,,,-,,,,,,IIS APPPOOL,,,,-,,,,,,,RDWebAccess,,,,,,,,,,,,,,,,,FALSE,,,,,,,,,success,,,,,,,failure,,"authentication
os
privileged
process
remote
report
security
service
success
track_event_signatures
windows",,success,remote,,,,"authentication
os
privileged
process
report
security
service
track_event_signatures
windows",,,,,,,,,,,,,,,,,,,,,robert.gaines,,,,,,robert.gaines,,,,,,,,,,,,,,FALSE,,,,,Microsoft,,,Microsoft Windows,,,,,,
,,,,,,,,,,,,,,,,,,,,,,,Kerberos,,,,,,,,IIS APPPOOL,,,RDWebAccess,,,,,,,Security,,,,,,,,,,FAIS009.ad.wsu.edu,,,,,,,,,,,,,,,,,,,,,,-,4624,<Data Name='SubjectUserSid'>S-1-5-82-604604840-3341247844-1790606609-4006251754-2470522317</Data><Data Name='SubjectUserName'>RDWebAccess</Data><Data Name='SubjectDomainName'>IIS APPPOOL</Data><Data Name='SubjectLogonId'>0x7e3cf0</Data><Data Name='TargetUserSid'>S-1-5-21-861567501-115176313-682003330-4868080</Data><Data Name='TargetUserName'>robert.gaines</Data><Data Name='TargetDomainName'>AD</Data><Data Name='TargetLogonId'>0x1c46e30d</Data><Data Name='LogonType'>3</Data><Data Name='LogonProcessName'>Authz   </Data><Data Name='AuthenticationPackageName'>Kerberos</Data><Data Name='WorkstationName'>FAIS009</Data><Data Name='LogonGuid'>{9E426212-17E2-59F0-3D83-37E0B3B7138A}</Data><Data Name='TransmittedServices'>-</Data><Data Name='LmPackageName'>-</Data><Data Name='KeyLength'>0</Data><Data Name='ProcessId'>0x1b00</Data><Data Name='ProcessName'>C:\Windows\System32\inetsrv\w3wp.exe</Data><Data Name='IpAddress'>-</Data><Data Name='IpPort'>-</Data><Data Name='ImpersonationLevel'>%%1832</Data>,4624,8116247,,,,,,,,,,AD,robert.gaines,,'{54849625-5478-4994-A5BA-3E3B0328C30D}',,,,,,,,,%%1832,,-,-,,,0,,,,0x8020000000000000,,0,-,,{9E426212-17E2-59F0-3D83-37E0B3B7138A},,Authz,3,,0x7e3cf0,3,,,,,,,,,,,,,,'Microsoft-Windows-Security-Auditing',,,,,,,,,,,,,,,,0,,,,,,,,,,,'672',0x1b00,C:\Windows\System32\inetsrv\w3wp.exe,,,,,,,,,,,,8116247,,,,,,,,,,,,,,,,,-,FAIS009,,,,,IIS APPPOOL,0x7e3cf0,,,RDWebAccess,S-1-5-82-604604840-3341247844-1790606609-4006251754-2470522317,,,,,,,'2020-08-17T14:48:00.485523300Z',<Provider Name='Microsoft-Windows-Security-Auditing' Guid='{54849625-5478-4994-A5BA-3E3B0328C30D}'/><EventID>4624</EventID><Version>1</Version><Level>0</Level><Task>12544</Task><Opcode>0</Opcode><Keywords>0x8020000000000000</Keywords><TimeCreated SystemTime='2020-08-17T14:48:00.485523300Z'/><EventRecordID>8116247</EventRecordID><Correlation/><Execution ProcessID='672' ThreadID='26724'/><Channel>Security</Channel><Computer>FAIS009.ad.wsu.edu</Computer><Security/>,,,AD,,,,0x1c46e30d,,,,,,robert.gaines,S-1-5-21-861567501-115176313-682003330-4868080,,,AD,,robert.gaines,12544,'26724',,,,,,,-,,,,,,,,,,,,,1,,,FAIS009,,<Event xmlns='http://schemas.microsoft.com/win/2004/08/events/event'><System><Provider Name='Microsoft-Windows-Security-Auditing' Guid='{54849625-5478-4994-A5BA-3E3B0328C30D}'/><EventID>4624</EventID><Version>1</Version><Level>0</Level><Task>12544</Task><Opcode>0</Opcode><Keywords>0x8020000000000000</Keywords><TimeCreated SystemTime='2020-08-17T14:48:00.485523300Z'/><EventRecordID>8116247</EventRecordID><Correlation/><Execution ProcessID='672' ThreadID='26724'/><Channel>Security</Channel><Computer>FAIS009.ad.wsu.edu</Computer><Security/></System><EventData><Data Name='SubjectUserSid'>S-1-5-82-604604840-3341247844-1790606609-4006251754-2470522317</Data><Data Name='SubjectUserName'>RDWebAccess</Data><Data Name='SubjectDomainName'>IIS APPPOOL</Data><Data Name='SubjectLogonId'>0x7e3cf0</Data><Data Name='TargetUserSid'>S-1-5-21-861567501-115176313-682003330-4868080</Data><Data Name='TargetUserName'>robert.gaines</Data><Data Name='TargetDomainName'>AD</Data><Data Name='TargetLogonId'>0x1c46e30d</Data><Data Name='LogonType'>3</Data><Data Name='LogonProcessName'>Authz   </Data><Data Name='AuthenticationPackageName'>Kerberos</Data><Data Name='WorkstationName'>FAIS009</Data><Data Name='LogonGuid'>{9E426212-17E2-59F0-3D83-37E0B3B7138A}</Data><Data Name='TransmittedServices'>-</Data><Data Name='LmPackageName'>-</Data><Data Name='KeyLength'>0</Data><Data Name='ProcessId'>0x1b00</Data><Data Name='ProcessName'>C:\Windows\System32\inetsrv\w3wp.exe</Data><Data Name='IpAddress'>-</Data><Data Name='IpPort'>-</Data><Data Name='ImpersonationLevel'>%%1832</Data></EventData></Event>,2020-08-17T07:48:00.000-0700,success,,,,,win:remote,,,,,,,,,,,,,,,,,,,,,,,,,,,,,,,,,,,,,,,,,,FAIS009.ad.wsu.edu,"fais009.ad.wsu.edu
134.121.231.152
fais009",5f088cd484c9769991496dc2,"unknown
servers_rdc
finance_and_administration
wsu
expected",,unknown,"servers_rdc
finance_and_administration
wsu",,,,fais009.ad.wsu.edu,,134.121.231.152,FALSE,,,,,AD,fais009,,untrust,,high,FALSE,FALSE,FALSE,,,,,,,,,,,,FAIS009,"fais009.ad.wsu.edu
134.121.231.152
fais009",5f088cd484c9769991496dc2,"unknown
servers_rdc
finance_and_administration
wsu
expected",unknown,"servers_rdc
finance_and_administration
wsu",,,fais009.ad.wsu.edu,134.121.231.152,FALSE,,,,,FAIS009,,untrust,high,FALSE,FALSE,FALSE,8116247,endpoint_services_processes msad-successful-user-logons windows_event_signature windows_logon_success wineventlog_security winsec,,,,,,,,FAIS009,,,,8116247,security,1,,,,,,,,,,An account was successfully logged on,XmlWinEventLog,,,,,,,,,,,,,C:\Windows\System32\inetsrv\w3wp.exe,672,C:\Windows\System32\inetsrv\w3wp.exe,Windows,<_='://../////'><><_='---'_='{----}'/><></><></><>,,,,,,,,,,,,,,,,,,0x7e3cf0,,,An account was successfully logged on,4624,,XmlWinEventLog:Security,XmlWinEventLog,splunkidx-p1n01.it.wsu.edu,,FAIS009,"fais009.ad.wsu.edu
134.121.231.152
fais009",5f088cd484c9769991496dc2,"unknown
servers_rdc
finance_and_administration
wsu
expected",,unknown,"servers_rdc
finance_and_administration
wsu",,,,fais009.ad.wsu.edu,,-,FALSE,,,,,IIS APPPOOL,FAIS009,,untrust,-,high,FALSE,FALSE,FALSE,,,RDWebAccess,,,,,,,,,,,,,,,,,FALSE,,,,,,,,,success,,,,,,,failure,,"authentication
os
process
remote
report
security
service
success
track_event_signatures
windows",,success,remote,,,,"authentication
os
process
report
security
service
track_event_signatures
windows",,,,,,,,,,,,,,,,,,,,,robert.gaines,,,,,,robert.gaines,,,,,,,,,,,,,,FALSE,,,,,Microsoft,,,Microsoft Windows,,,,,,
,,,,,,,,,,,,,,,,,,,,,,,,,,,,,,,IIS APPPOOL,,,RDWebAccess,,,,,,,Security,,,,,,,,,,FAIS009.ad.wsu.edu,,,,,,,,,,,,,,,,,,,,,,-,4648,<Data Name='SubjectUserSid'>S-1-5-82-604604840-3341247844-1790606609-4006251754-2470522317</Data><Data Name='SubjectUserName'>RDWebAccess</Data><Data Name='SubjectDomainName'>IIS APPPOOL</Data><Data Name='SubjectLogonId'>0x7e3cf0</Data><Data Name='LogonGuid'>{00000000-0000-0000-0000-000000000000}</Data><Data Name='TargetUserName'>robert.gaines</Data><Data Name='TargetDomainName'>AD</Data><Data Name='TargetLogonGuid'>{9E426212-17E2-59F0-3D83-37E0B3B7138A}</Data><Data Name='TargetServerName'>localhost</Data><Data Name='TargetInfo'>localhost</Data><Data Name='ProcessId'>0x1b00</Data><Data Name='ProcessName'>C:\Windows\System32\inetsrv\w3wp.exe</Data><Data Name='IpAddress'>-</Data><Data Name='IpPort'>-</Data>,4648,8116246,,,,,,,,,,AD,robert.gaines,,'{54849625-5478-4994-A5BA-3E3B0328C30D}',,,,,,,,,,,-,-,,,,,,,0x8020000000000000,,0,,,{00000000-0000-0000-0000-000000000000},,,,,0x7e3cf0,,,,,,,,,,,,,,,'Microsoft-Windows-Security-Auditing',,,,,,,,,,,,,,,,0,,,,,,,,,,,'672',0x1b00,C:\Windows\System32\inetsrv\w3wp.exe,,,,,,,,,,,,8116246,,,,,,,,,,,,,,,,,-,-,,,,,IIS APPPOOL,0x7e3cf0,,,RDWebAccess,S-1-5-82-604604840-3341247844-1790606609-4006251754-2470522317,,,,,,,'2020-08-17T14:48:00.485523300Z',<Provider Name='Microsoft-Windows-Security-Auditing' Guid='{54849625-5478-4994-A5BA-3E3B0328C30D}'/><EventID>4648</EventID><Version>0</Version><Level>0</Level><Task>12544</Task><Opcode>0</Opcode><Keywords>0x8020000000000000</Keywords><TimeCreated SystemTime='2020-08-17T14:48:00.485523300Z'/><EventRecordID>8116246</EventRecordID><Correlation/><Execution ProcessID='672' ThreadID='26724'/><Channel>Security</Channel><Computer>FAIS009.ad.wsu.edu</Computer><Security/>,,,AD,localhost,,{9E426212-17E2-59F0-3D83-37E0B3B7138A},,,,,localhost,,robert.gaines,,,,AD,localhost,robert.gaines,12544,'26724',,,,,,,,,,,,,,,,,,,,0,,,,,<Event xmlns='http://schemas.microsoft.com/win/2004/08/events/event'><System><Provider Name='Microsoft-Windows-Security-Auditing' Guid='{54849625-5478-4994-A5BA-3E3B0328C30D}'/><EventID>4648</EventID><Version>0</Version><Level>0</Level><Task>12544</Task><Opcode>0</Opcode><Keywords>0x8020000000000000</Keywords><TimeCreated SystemTime='2020-08-17T14:48:00.485523300Z'/><EventRecordID>8116246</EventRecordID><Correlation/><Execution ProcessID='672' ThreadID='26724'/><Channel>Security</Channel><Computer>FAIS009.ad.wsu.edu</Computer><Security/></System><EventData><Data Name='SubjectUserSid'>S-1-5-82-604604840-3341247844-1790606609-4006251754-2470522317</Data><Data Name='SubjectUserName'>RDWebAccess</Data><Data Name='SubjectDomainName'>IIS APPPOOL</Data><Data Name='SubjectLogonId'>0x7e3cf0</Data><Data Name='LogonGuid'>{00000000-0000-0000-0000-000000000000}</Data><Data Name='TargetUserName'>robert.gaines</Data><Data Name='TargetDomainName'>AD</Data><Data Name='TargetLogonGuid'>{9E426212-17E2-59F0-3D83-37E0B3B7138A}</Data><Data Name='TargetServerName'>localhost</Data><Data Name='TargetInfo'>localhost</Data><Data Name='ProcessId'>0x1b00</Data><Data Name='ProcessName'>C:\Windows\System32\inetsrv\w3wp.exe</Data><Data Name='IpAddress'>-</Data><Data Name='IpPort'>-</Data></EventData></Event>,2020-08-17T07:48:00.000-0700,success,,,,,win:remote,,,,,,,,,,,,,,,,,,,,,,,,,,,,,,,,,,,,,,,,,,localhost,,,,,,,,,,,,,FALSE,,,,,AD,localhost,,untrust,,,FALSE,FALSE,FALSE,,,,,,,,,,,,FAIS009,"fais009.ad.wsu.edu
134.121.231.152
fais009",5f088cd484c9769991496dc2,"unknown
servers_rdc
finance_and_administration
wsu
expected",unknown,"servers_rdc
finance_and_administration
wsu",,,fais009.ad.wsu.edu,134.121.231.152,FALSE,,,,,FAIS009,,untrust,high,FALSE,FALSE,FALSE,8116246,endpoint_services_processes windows_event_signature windows_logon_explicit wineventlog_security winsec,,,,,,,,FAIS009,,,,8116246,security,1,,,,,,,,,,A logon was attempted using explicit credentials,XmlWinEventLog,,,,,,,,,,,,,C:\Windows\System32\inetsrv\w3wp.exe,672,C:\Windows\System32\inetsrv\w3wp.exe,Windows,<_='://../////'><><_='---'_='{----}'/><></><></><>,,,,,,,,,,,,,,,,,,0x7e3cf0,,,A logon was attempted using explicit credentials,4648,,XmlWinEventLog:Security,XmlWinEventLog,splunkidx-p1n01.it.wsu.edu,,,,,,,,,,,,,,-,,,,,,IIS APPPOOL,,,,-,,,,,,,RDWebAccess,,,,,,,,,,,,,,,,,FALSE,,,,,,,,,success,,,,,,,failure,,"authentication
os
privileged
process
remote
report
security
service
success
track_event_signatures
windows",,success,remote,,,,"authentication
os
privileged
process
report
security
service
track_event_signatures
windows",,,,,,,,,,,,,,,,,,,,,robert.gaines,,,,,,robert.gaines,,,,,,,,,,,,,,FALSE,,,,,Microsoft,,,Microsoft Windows,,,,,,
,,,,,,,,,,,,,,,,,,,,,,,Negotiate,,,,,,,,IIS APPPOOL,,,RDWebAccess,,,,,,,Security,,,,,,,,,,FAIS009.ad.wsu.edu,,,,,,,,,,,,,,,,,,,,,,-,4624,<Data Name='SubjectUserSid'>S-1-5-82-604604840-3341247844-1790606609-4006251754-2470522317</Data><Data Name='SubjectUserName'>RDWebAccess</Data><Data Name='SubjectDomainName'>IIS APPPOOL</Data><Data Name='SubjectLogonId'>0x7e3cf0</Data><Data Name='TargetUserSid'>S-1-5-21-861567501-115176313-682003330-4868080</Data><Data Name='TargetUserName'>robert.gaines</Data><Data Name='TargetDomainName'>AD</Data><Data Name='TargetLogonId'>0x1c46e1b9</Data><Data Name='LogonType'>3</Data><Data Name='LogonProcessName'>Advapi  </Data><Data Name='AuthenticationPackageName'>Negotiate</Data><Data Name='WorkstationName'>FAIS009</Data><Data Name='LogonGuid'>{9D010340-F17C-4E95-10FE-AAF086CA5921}</Data><Data Name='TransmittedServices'>-</Data><Data Name='LmPackageName'>-</Data><Data Name='KeyLength'>0</Data><Data Name='ProcessId'>0x1b00</Data><Data Name='ProcessName'>C:\Windows\System32\inetsrv\w3wp.exe</Data><Data Name='IpAddress'>-</Data><Data Name='IpPort'>-</Data><Data Name='ImpersonationLevel'>%%1833</Data>,4624,8116245,,,,,,,,,,AD,robert.gaines,,'{54849625-5478-4994-A5BA-3E3B0328C30D}',,,,,,,,,%%1833,,-,-,,,0,,,,0x8020000000000000,,0,-,,{9D010340-F17C-4E95-10FE-AAF086CA5921},,Advapi,3,,0x7e3cf0,3,,,,,,,,,,,,,,'Microsoft-Windows-Security-Auditing',,,,,,,,,,,,,,,,0,,,,,,,,,,,'672',0x1b00,C:\Windows\System32\inetsrv\w3wp.exe,,,,,,,,,,,,8116245,,,,,,,,,,,,,,,,,-,FAIS009,,,,,IIS APPPOOL,0x7e3cf0,,,RDWebAccess,S-1-5-82-604604840-3341247844-1790606609-4006251754-2470522317,,,,,,,'2020-08-17T14:48:00.437529000Z',<Provider Name='Microsoft-Windows-Security-Auditing' Guid='{54849625-5478-4994-A5BA-3E3B0328C30D}'/><EventID>4624</EventID><Version>1</Version><Level>0</Level><Task>12544</Task><Opcode>0</Opcode><Keywords>0x8020000000000000</Keywords><TimeCreated SystemTime='2020-08-17T14:48:00.437529000Z'/><EventRecordID>8116245</EventRecordID><Correlation/><Execution ProcessID='672' ThreadID='26724'/><Channel>Security</Channel><Computer>FAIS009.ad.wsu.edu</Computer><Security/>,,,AD,,,,0x1c46e1b9,,,,,,robert.gaines,S-1-5-21-861567501-115176313-682003330-4868080,,,AD,,robert.gaines,12544,'26724',,,,,,,-,,,,,,,,,,,,,1,,,FAIS009,,<Event xmlns='http://schemas.microsoft.com/win/2004/08/events/event'><System><Provider Name='Microsoft-Windows-Security-Auditing' Guid='{54849625-5478-4994-A5BA-3E3B0328C30D}'/><EventID>4624</EventID><Version>1</Version><Level>0</Level><Task>12544</Task><Opcode>0</Opcode><Keywords>0x8020000000000000</Keywords><TimeCreated SystemTime='2020-08-17T14:48:00.437529000Z'/><EventRecordID>8116245</EventRecordID><Correlation/><Execution ProcessID='672' ThreadID='26724'/><Channel>Security</Channel><Computer>FAIS009.ad.wsu.edu</Computer><Security/></System><EventData><Data Name='SubjectUserSid'>S-1-5-82-604604840-3341247844-1790606609-4006251754-2470522317</Data><Data Name='SubjectUserName'>RDWebAccess</Data><Data Name='SubjectDomainName'>IIS APPPOOL</Data><Data Name='SubjectLogonId'>0x7e3cf0</Data><Data Name='TargetUserSid'>S-1-5-21-861567501-115176313-682003330-4868080</Data><Data Name='TargetUserName'>robert.gaines</Data><Data Name='TargetDomainName'>AD</Data><Data Name='TargetLogonId'>0x1c46e1b9</Data><Data Name='LogonType'>3</Data><Data Name='LogonProcessName'>Advapi  </Data><Data Name='AuthenticationPackageName'>Negotiate</Data><Data Name='WorkstationName'>FAIS009</Data><Data Name='LogonGuid'>{9D010340-F17C-4E95-10FE-AAF086CA5921}</Data><Data Name='TransmittedServices'>-</Data><Data Name='LmPackageName'>-</Data><Data Name='KeyLength'>0</Data><Data Name='ProcessId'>0x1b00</Data><Data Name='ProcessName'>C:\Windows\System32\inetsrv\w3wp.exe</Data><Data Name='IpAddress'>-</Data><Data Name='IpPort'>-</Data><Data Name='ImpersonationLevel'>%%1833</Data></EventData></Event>,2020-08-17T07:48:00.000-0700,success,,,,,win:remote,,,,,,,,,,,,,,,,,,,,,,,,,,,,,,,,,,,,,,,,,,FAIS009.ad.wsu.edu,"fais009.ad.wsu.edu
134.121.231.152
fais009",5f088cd484c9769991496dc2,"unknown
servers_rdc
finance_and_administration
wsu
expected",,unknown,"servers_rdc
finance_and_administration
wsu",,,,fais009.ad.wsu.edu,,134.121.231.152,FALSE,,,,,AD,fais009,,untrust,,high,FALSE,FALSE,FALSE,,,,,,,,,,,,FAIS009,"fais009.ad.wsu.edu
134.121.231.152
fais009",5f088cd484c9769991496dc2,"unknown
servers_rdc
finance_and_administration
wsu
expected",unknown,"servers_rdc
finance_and_administration
wsu",,,fais009.ad.wsu.edu,134.121.231.152,FALSE,,,,,FAIS009,,untrust,high,FALSE,FALSE,FALSE,8116245,endpoint_services_processes msad-successful-user-logons windows_event_signature windows_logon_success wineventlog_security winsec,,,,,,,,FAIS009,,,,8116245,security,1,,,,,,,,,,An account was successfully logged on,XmlWinEventLog,,,,,,,,,,,,,C:\Windows\System32\inetsrv\w3wp.exe,672,C:\Windows\System32\inetsrv\w3wp.exe,Windows,<_='://../////'><><_='---'_='{----}'/><></><></><>,,,,,,,,,,,,,,,,,,0x7e3cf0,,,An account was successfully logged on,4624,,XmlWinEventLog:Security,XmlWinEventLog,splunkidx-p1n01.it.wsu.edu,,FAIS009,"fais009.ad.wsu.edu
134.121.231.152
fais009",5f088cd484c9769991496dc2,"unknown
servers_rdc
finance_and_administration
wsu
expected",,unknown,"servers_rdc
finance_and_administration
wsu",,,,fais009.ad.wsu.edu,,-,FALSE,,,,,IIS APPPOOL,FAIS009,,untrust,-,high,FALSE,FALSE,FALSE,,,RDWebAccess,,,,,,,,,,,,,,,,,FALSE,,,,,,,,,success,,,,,,,failure,,"authentication
os
process
remote
report
security
service
success
track_event_signatures
windows",,success,remote,,,,"authentication
os
process
report
security
service
track_event_signatures
windows",,,,,,,,,,,,,,,,,,,,,robert.gaines,,,,,,robert.gaines,,,,,,,,,,,,,,FALSE,,,,,Microsoft,,,Microsoft Windows,,,,,,
,,,,,,,,,,,,,,,,,,,,,,,,,,,,,,,IIS APPPOOL,,,RDWebAccess,,,,,,,Security,,,,,,,,,,FAIS009.ad.wsu.edu,,,,,,,,,,,,,,,,,,,,,,-,4648,<Data Name='SubjectUserSid'>S-1-5-82-604604840-3341247844-1790606609-4006251754-2470522317</Data><Data Name='SubjectUserName'>RDWebAccess</Data><Data Name='SubjectDomainName'>IIS APPPOOL</Data><Data Name='SubjectLogonId'>0x7e3cf0</Data><Data Name='LogonGuid'>{00000000-0000-0000-0000-000000000000}</Data><Data Name='TargetUserName'>robert.gaines</Data><Data Name='TargetDomainName'>AD</Data><Data Name='TargetLogonGuid'>{9D010340-F17C-4E95-10FE-AAF086CA5921}</Data><Data Name='TargetServerName'>localhost</Data><Data Name='TargetInfo'>localhost</Data><Data Name='ProcessId'>0x1b00</Data><Data Name='ProcessName'>C:\Windows\System32\inetsrv\w3wp.exe</Data><Data Name='IpAddress'>-</Data><Data Name='IpPort'>-</Data>,4648,8116244,,,,,,,,,,AD,robert.gaines,,'{54849625-5478-4994-A5BA-3E3B0328C30D}',,,,,,,,,,,-,-,,,,,,,0x8020000000000000,,0,,,{00000000-0000-0000-0000-000000000000},,,,,0x7e3cf0,,,,,,,,,,,,,,,'Microsoft-Windows-Security-Auditing',,,,,,,,,,,,,,,,0,,,,,,,,,,,'672',0x1b00,C:\Windows\System32\inetsrv\w3wp.exe,,,,,,,,,,,,8116244,,,,,,,,,,,,,,,,,-,-,,,,,IIS APPPOOL,0x7e3cf0,,,RDWebAccess,S-1-5-82-604604840-3341247844-1790606609-4006251754-2470522317,,,,,,,'2020-08-17T14:48:00.437529000Z',<Provider Name='Microsoft-Windows-Security-Auditing' Guid='{54849625-5478-4994-A5BA-3E3B0328C30D}'/><EventID>4648</EventID><Version>0</Version><Level>0</Level><Task>12544</Task><Opcode>0</Opcode><Keywords>0x8020000000000000</Keywords><TimeCreated SystemTime='2020-08-17T14:48:00.437529000Z'/><EventRecordID>8116244</EventRecordID><Correlation/><Execution ProcessID='672' ThreadID='26724'/><Channel>Security</Channel><Computer>FAIS009.ad.wsu.edu</Computer><Security/>,,,AD,localhost,,{9D010340-F17C-4E95-10FE-AAF086CA5921},,,,,localhost,,robert.gaines,,,,AD,localhost,robert.gaines,12544,'26724',,,,,,,,,,,,,,,,,,,,0,,,,,<Event xmlns='http://schemas.microsoft.com/win/2004/08/events/event'><System><Provider Name='Microsoft-Windows-Security-Auditing' Guid='{54849625-5478-4994-A5BA-3E3B0328C30D}'/><EventID>4648</EventID><Version>0</Version><Level>0</Level><Task>12544</Task><Opcode>0</Opcode><Keywords>0x8020000000000000</Keywords><TimeCreated SystemTime='2020-08-17T14:48:00.437529000Z'/><EventRecordID>8116244</EventRecordID><Correlation/><Execution ProcessID='672' ThreadID='26724'/><Channel>Security</Channel><Computer>FAIS009.ad.wsu.edu</Computer><Security/></System><EventData><Data Name='SubjectUserSid'>S-1-5-82-604604840-3341247844-1790606609-4006251754-2470522317</Data><Data Name='SubjectUserName'>RDWebAccess</Data><Data Name='SubjectDomainName'>IIS APPPOOL</Data><Data Name='SubjectLogonId'>0x7e3cf0</Data><Data Name='LogonGuid'>{00000000-0000-0000-0000-000000000000}</Data><Data Name='TargetUserName'>robert.gaines</Data><Data Name='TargetDomainName'>AD</Data><Data Name='TargetLogonGuid'>{9D010340-F17C-4E95-10FE-AAF086CA5921}</Data><Data Name='TargetServerName'>localhost</Data><Data Name='TargetInfo'>localhost</Data><Data Name='ProcessId'>0x1b00</Data><Data Name='ProcessName'>C:\Windows\System32\inetsrv\w3wp.exe</Data><Data Name='IpAddress'>-</Data><Data Name='IpPort'>-</Data></EventData></Event>,2020-08-17T07:48:00.000-0700,success,,,,,win:remote,,,,,,,,,,,,,,,,,,,,,,,,,,,,,,,,,,,,,,,,,,localhost,,,,,,,,,,,,,FALSE,,,,,AD,localhost,,untrust,,,FALSE,FALSE,FALSE,,,,,,,,,,,,FAIS009,"fais009.ad.wsu.edu
134.121.231.152
fais009",5f088cd484c9769991496dc2,"unknown
servers_rdc
finance_and_administration
wsu
expected",unknown,"servers_rdc
finance_and_administration
wsu",,,fais009.ad.wsu.edu,134.121.231.152,FALSE,,,,,FAIS009,,untrust,high,FALSE,FALSE,FALSE,8116244,endpoint_services_processes windows_event_signature windows_logon_explicit wineventlog_security winsec,,,,,,,,FAIS009,,,,8116244,security,1,,,,,,,,,,A logon was attempted using explicit credentials,XmlWinEventLog,,,,,,,,,,,,,C:\Windows\System32\inetsrv\w3wp.exe,672,C:\Windows\System32\inetsrv\w3wp.exe,Windows,<_='://../////'><><_='---'_='{----}'/><></><></><>,,,,,,,,,,,,,,,,,,0x7e3cf0,,,A logon was attempted using explicit credentials,4648,,XmlWinEventLog:Security,XmlWinEventLog,splunkidx-p1n01.it.wsu.edu,,,,,,,,,,,,,,-,,,,,,IIS APPPOOL,,,,-,,,,,,,RDWebAccess,,,,,,,,,,,,,,,,,FALSE,,,,,,,,,success,,,,,,,failure,,"authentication
os
privileged
process
remote
report
security
service
success
track_event_signatures
windows",,success,remote,,,,"authentication
os
privileged
process
report
security
service
track_event_signatures
windows",,,,,,,,,,,,,,,,,,,,,robert.gaines,,,,,,robert.gaines,,,,,,,,,,,,,,FALSE,,,,,Microsoft,,,Microsoft Windows,,,,,,
,,,,,,,,,,,,,,,,,,,,,,,Kerberos,,,,,,,,IIS APPPOOL,,,RDWebAccess,,,,,,,Security,,,,,,,,,,FAIS009.ad.wsu.edu,,,,,,,,,,,,,,,,,,,,,,-,4624,<Data Name='SubjectUserSid'>S-1-5-82-604604840-3341247844-1790606609-4006251754-2470522317</Data><Data Name='SubjectUserName'>RDWebAccess</Data><Data Name='SubjectDomainName'>IIS APPPOOL</Data><Data Name='SubjectLogonId'>0x246734</Data><Data Name='TargetUserSid'>S-1-5-21-861567501-115176313-682003330-4868080</Data><Data Name='TargetUserName'>robert.gaines</Data><Data Name='TargetDomainName'>AD</Data><Data Name='TargetLogonId'>0x994aa03e</Data><Data Name='LogonType'>3</Data><Data Name='LogonProcessName'>Authz   </Data><Data Name='AuthenticationPackageName'>Kerberos</Data><Data Name='WorkstationName'>FAIS009</Data><Data Name='LogonGuid'>{41810EB2-11C0-E3D9-829C-92D793DFFEED}</Data><Data Name='TransmittedServices'>-</Data><Data Name='LmPackageName'>-</Data><Data Name='KeyLength'>0</Data><Data Name='ProcessId'>0x13dc</Data><Data Name='ProcessName'>C:\Windows\System32\inetsrv\w3wp.exe</Data><Data Name='IpAddress'>-</Data><Data Name='IpPort'>-</Data><Data Name='ImpersonationLevel'>%%1832</Data>,4624,8095351,,,,,,,,,,AD,robert.gaines,,'{54849625-5478-4994-A5BA-3E3B0328C30D}',,,,,,,,,%%1832,,-,-,,,0,,,,0x8020000000000000,,0,-,,{41810EB2-11C0-E3D9-829C-92D793DFFEED},,Authz,3,,0x246734,3,,,,,,,,,,,,,,'Microsoft-Windows-Security-Auditing',,,,,,,,,,,,,,,,0,,,,,,,,,,,'640',0x13dc,C:\Windows\System32\inetsrv\w3wp.exe,,,,,,,,,,,,8095351,,,,,,,,,,,,,,,,,-,FAIS009,,,,,IIS APPPOOL,0x246734,,,RDWebAccess,S-1-5-82-604604840-3341247844-1790606609-4006251754-2470522317,,,,,,,'2020-08-12T18:10:22.246151300Z',<Provider Name='Microsoft-Windows-Security-Auditing' Guid='{54849625-5478-4994-A5BA-3E3B0328C30D}'/><EventID>4624</EventID><Version>1</Version><Level>0</Level><Task>12544</Task><Opcode>0</Opcode><Keywords>0x8020000000000000</Keywords><TimeCreated SystemTime='2020-08-12T18:10:22.246151300Z'/><EventRecordID>8095351</EventRecordID><Correlation/><Execution ProcessID='640' ThreadID='9392'/><Channel>Security</Channel><Computer>FAIS009.ad.wsu.edu</Computer><Security/>,,,AD,,,,0x994aa03e,,,,,,robert.gaines,S-1-5-21-861567501-115176313-682003330-4868080,,,AD,,robert.gaines,12544,'9392',,,,,,,-,,,,,,,,,,,,,1,,,FAIS009,,<Event xmlns='http://schemas.microsoft.com/win/2004/08/events/event'><System><Provider Name='Microsoft-Windows-Security-Auditing' Guid='{54849625-5478-4994-A5BA-3E3B0328C30D}'/><EventID>4624</EventID><Version>1</Version><Level>0</Level><Task>12544</Task><Opcode>0</Opcode><Keywords>0x8020000000000000</Keywords><TimeCreated SystemTime='2020-08-12T18:10:22.246151300Z'/><EventRecordID>8095351</EventRecordID><Correlation/><Execution ProcessID='640' ThreadID='9392'/><Channel>Security</Channel><Computer>FAIS009.ad.wsu.edu</Computer><Security/></System><EventData><Data Name='SubjectUserSid'>S-1-5-82-604604840-3341247844-1790606609-4006251754-2470522317</Data><Data Name='SubjectUserName'>RDWebAccess</Data><Data Name='SubjectDomainName'>IIS APPPOOL</Data><Data Name='SubjectLogonId'>0x246734</Data><Data Name='TargetUserSid'>S-1-5-21-861567501-115176313-682003330-4868080</Data><Data Name='TargetUserName'>robert.gaines</Data><Data Name='TargetDomainName'>AD</Data><Data Name='TargetLogonId'>0x994aa03e</Data><Data Name='LogonType'>3</Data><Data Name='LogonProcessName'>Authz   </Data><Data Name='AuthenticationPackageName'>Kerberos</Data><Data Name='WorkstationName'>FAIS009</Data><Data Name='LogonGuid'>{41810EB2-11C0-E3D9-829C-92D793DFFEED}</Data><Data Name='TransmittedServices'>-</Data><Data Name='LmPackageName'>-</Data><Data Name='KeyLength'>0</Data><Data Name='ProcessId'>0x13dc</Data><Data Name='ProcessName'>C:\Windows\System32\inetsrv\w3wp.exe</Data><Data Name='IpAddress'>-</Data><Data Name='IpPort'>-</Data><Data Name='ImpersonationLevel'>%%1832</Data></EventData></Event>,2020-08-12T11:10:22.000-0700,success,,,,,win:remote,,,,,,,,,,,,,,,,,,,,,,,,,,,,,,,,,,,,,,,,,,FAIS009.ad.wsu.edu,"fais009.ad.wsu.edu
134.121.231.152
fais009",5f088cd484c9769991496dc2,"unknown
servers_rdc
finance_and_administration
wsu
expected",,unknown,"servers_rdc
finance_and_administration
wsu",,,,fais009.ad.wsu.edu,,134.121.231.152,FALSE,,,,,AD,fais009,,untrust,,high,FALSE,FALSE,FALSE,,,,,,,,,,,,FAIS009,"fais009.ad.wsu.edu
134.121.231.152
fais009",5f088cd484c9769991496dc2,"unknown
servers_rdc
finance_and_administration
wsu
expected",unknown,"servers_rdc
finance_and_administration
wsu",,,fais009.ad.wsu.edu,134.121.231.152,FALSE,,,,,FAIS009,,untrust,high,FALSE,FALSE,FALSE,8095351,endpoint_services_processes msad-successful-user-logons windows_event_signature windows_logon_success wineventlog_security winsec,,,,,,,,FAIS009,,,,8095351,security,1,,,,,,,,,,An account was successfully logged on,XmlWinEventLog,,,,,,,,,,,,,C:\Windows\System32\inetsrv\w3wp.exe,640,C:\Windows\System32\inetsrv\w3wp.exe,Windows,<_='://../////'><><_='---'_='{----}'/><></><></><>,,,,,,,,,,,,,,,,,,0x246734,,,An account was successfully logged on,4624,,XmlWinEventLog:Security,XmlWinEventLog,splunkidx-p1n01.it.wsu.edu,,FAIS009,"fais009.ad.wsu.edu
134.121.231.152
fais009",5f088cd484c9769991496dc2,"unknown
servers_rdc
finance_and_administration
wsu
expected",,unknown,"servers_rdc
finance_and_administration
wsu",,,,fais009.ad.wsu.edu,,-,FALSE,,,,,IIS APPPOOL,FAIS009,,untrust,-,high,FALSE,FALSE,FALSE,,,RDWebAccess,,,,,,,,,,,,,,,,,FALSE,,,,,,,,,success,,,,,,,failure,,"authentication
os
process
remote
report
security
service
success
track_event_signatures
windows",,success,remote,,,,"authentication
os
process
report
security
service
track_event_signatures
windows",,,,,,,,,,,,,,,,,,,,,robert.gaines,,,,,,robert.gaines,,,,,,,,,,,,,,FALSE,,,,,Microsoft,,,Microsoft Windows,,,,,,
,,,,,,,,,,,,,,,,,,,,,,,,,,,,,,,IIS APPPOOL,,,RDWebAccess,,,,,,,Security,,,,,,,,,,FAIS009.ad.wsu.edu,,,,,,,,,,,,,,,,,,,,,,-,4648,<Data Name='SubjectUserSid'>S-1-5-82-604604840-3341247844-1790606609-4006251754-2470522317</Data><Data Name='SubjectUserName'>RDWebAccess</Data><Data Name='SubjectDomainName'>IIS APPPOOL</Data><Data Name='SubjectLogonId'>0x246734</Data><Data Name='LogonGuid'>{00000000-0000-0000-0000-000000000000}</Data><Data Name='TargetUserName'>robert.gaines</Data><Data Name='TargetDomainName'>AD</Data><Data Name='TargetLogonGuid'>{41810EB2-11C0-E3D9-829C-92D793DFFEED}</Data><Data Name='TargetServerName'>localhost</Data><Data Name='TargetInfo'>localhost</Data><Data Name='ProcessId'>0x13dc</Data><Data Name='ProcessName'>C:\Windows\System32\inetsrv\w3wp.exe</Data><Data Name='IpAddress'>-</Data><Data Name='IpPort'>-</Data>,4648,8095350,,,,,,,,,,AD,robert.gaines,,'{54849625-5478-4994-A5BA-3E3B0328C30D}',,,,,,,,,,,-,-,,,,,,,0x8020000000000000,,0,,,{00000000-0000-0000-0000-000000000000},,,,,0x246734,,,,,,,,,,,,,,,'Microsoft-Windows-Security-Auditing',,,,,,,,,,,,,,,,0,,,,,,,,,,,'640',0x13dc,C:\Windows\System32\inetsrv\w3wp.exe,,,,,,,,,,,,8095350,,,,,,,,,,,,,,,,,-,-,,,,,IIS APPPOOL,0x246734,,,RDWebAccess,S-1-5-82-604604840-3341247844-1790606609-4006251754-2470522317,,,,,,,'2020-08-12T18:10:22.246151300Z',<Provider Name='Microsoft-Windows-Security-Auditing' Guid='{54849625-5478-4994-A5BA-3E3B0328C30D}'/><EventID>4648</EventID><Version>0</Version><Level>0</Level><Task>12544</Task><Opcode>0</Opcode><Keywords>0x8020000000000000</Keywords><TimeCreated SystemTime='2020-08-12T18:10:22.246151300Z'/><EventRecordID>8095350</EventRecordID><Correlation/><Execution ProcessID='640' ThreadID='9392'/><Channel>Security</Channel><Computer>FAIS009.ad.wsu.edu</Computer><Security/>,,,AD,localhost,,{41810EB2-11C0-E3D9-829C-92D793DFFEED},,,,,localhost,,robert.gaines,,,,AD,localhost,robert.gaines,12544,'9392',,,,,,,,,,,,,,,,,,,,0,,,,,<Event xmlns='http://schemas.microsoft.com/win/2004/08/events/event'><System><Provider Name='Microsoft-Windows-Security-Auditing' Guid='{54849625-5478-4994-A5BA-3E3B0328C30D}'/><EventID>4648</EventID><Version>0</Version><Level>0</Level><Task>12544</Task><Opcode>0</Opcode><Keywords>0x8020000000000000</Keywords><TimeCreated SystemTime='2020-08-12T18:10:22.246151300Z'/><EventRecordID>8095350</EventRecordID><Correlation/><Execution ProcessID='640' ThreadID='9392'/><Channel>Security</Channel><Computer>FAIS009.ad.wsu.edu</Computer><Security/></System><EventData><Data Name='SubjectUserSid'>S-1-5-82-604604840-3341247844-1790606609-4006251754-2470522317</Data><Data Name='SubjectUserName'>RDWebAccess</Data><Data Name='SubjectDomainName'>IIS APPPOOL</Data><Data Name='SubjectLogonId'>0x246734</Data><Data Name='LogonGuid'>{00000000-0000-0000-0000-000000000000}</Data><Data Name='TargetUserName'>robert.gaines</Data><Data Name='TargetDomainName'>AD</Data><Data Name='TargetLogonGuid'>{41810EB2-11C0-E3D9-829C-92D793DFFEED}</Data><Data Name='TargetServerName'>localhost</Data><Data Name='TargetInfo'>localhost</Data><Data Name='ProcessId'>0x13dc</Data><Data Name='ProcessName'>C:\Windows\System32\inetsrv\w3wp.exe</Data><Data Name='IpAddress'>-</Data><Data Name='IpPort'>-</Data></EventData></Event>,2020-08-12T11:10:22.000-0700,success,,,,,win:remote,,,,,,,,,,,,,,,,,,,,,,,,,,,,,,,,,,,,,,,,,,localhost,,,,,,,,,,,,,FALSE,,,,,AD,localhost,,untrust,,,FALSE,FALSE,FALSE,,,,,,,,,,,,FAIS009,"fais009.ad.wsu.edu
134.121.231.152
fais009",5f088cd484c9769991496dc2,"unknown
servers_rdc
finance_and_administration
wsu
expected",unknown,"servers_rdc
finance_and_administration
wsu",,,fais009.ad.wsu.edu,134.121.231.152,FALSE,,,,,FAIS009,,untrust,high,FALSE,FALSE,FALSE,8095350,endpoint_services_processes windows_event_signature windows_logon_explicit wineventlog_security winsec,,,,,,,,FAIS009,,,,8095350,security,1,,,,,,,,,,A logon was attempted using explicit credentials,XmlWinEventLog,,,,,,,,,,,,,C:\Windows\System32\inetsrv\w3wp.exe,640,C:\Windows\System32\inetsrv\w3wp.exe,Windows,<_='://../////'><><_='---'_='{----}'/><></><></><>,,,,,,,,,,,,,,,,,,0x246734,,,A logon was attempted using explicit credentials,4648,,XmlWinEventLog:Security,XmlWinEventLog,splunkidx-p1n01.it.wsu.edu,,,,,,,,,,,,,,-,,,,,,IIS APPPOOL,,,,-,,,,,,,RDWebAccess,,,,,,,,,,,,,,,,,FALSE,,,,,,,,,success,,,,,,,failure,,"authentication
os
privileged
process
remote
report
security
service
success
track_event_signatures
windows",,success,remote,,,,"authentication
os
privileged
process
report
security
service
track_event_signatures
windows",,,,,,,,,,,,,,,,,,,,,robert.gaines,,,,,,robert.gaines,,,,,,,,,,,,,,FALSE,,,,,Microsoft,,,Microsoft Windows,,,,,,
,,,,,,,,,,,,,,,,,,,,,,,Negotiate,,,,,,,,IIS APPPOOL,,,RDWebAccess,,,,,,,Security,,,,,,,,,,FAIS009.ad.wsu.edu,,,,,,,,,,,,,,,,,,,,,,-,4624,<Data Name='SubjectUserSid'>S-1-5-82-604604840-3341247844-1790606609-4006251754-2470522317</Data><Data Name='SubjectUserName'>RDWebAccess</Data><Data Name='SubjectDomainName'>IIS APPPOOL</Data><Data Name='SubjectLogonId'>0x246734</Data><Data Name='TargetUserSid'>S-1-5-21-861567501-115176313-682003330-4868080</Data><Data Name='TargetUserName'>robert.gaines</Data><Data Name='TargetDomainName'>AD</Data><Data Name='TargetLogonId'>0x994a9fa9</Data><Data Name='LogonType'>3</Data><Data Name='LogonProcessName'>Advapi  </Data><Data Name='AuthenticationPackageName'>Negotiate</Data><Data Name='WorkstationName'>FAIS009</Data><Data Name='LogonGuid'>{2C476B68-4A32-3BAD-1E80-3DAAE6FB20E4}</Data><Data Name='TransmittedServices'>-</Data><Data Name='LmPackageName'>-</Data><Data Name='KeyLength'>0</Data><Data Name='ProcessId'>0x13dc</Data><Data Name='ProcessName'>C:\Windows\System32\inetsrv\w3wp.exe</Data><Data Name='IpAddress'>-</Data><Data Name='IpPort'>-</Data><Data Name='ImpersonationLevel'>%%1833</Data>,4624,8095349,,,,,,,,,,AD,robert.gaines,,'{54849625-5478-4994-A5BA-3E3B0328C30D}',,,,,,,,,%%1833,,-,-,,,0,,,,0x8020000000000000,,0,-,,{2C476B68-4A32-3BAD-1E80-3DAAE6FB20E4},,Advapi,3,,0x246734,3,,,,,,,,,,,,,,'Microsoft-Windows-Security-Auditing',,,,,,,,,,,,,,,,0,,,,,,,,,,,'640',0x13dc,C:\Windows\System32\inetsrv\w3wp.exe,,,,,,,,,,,,8095349,,,,,,,,,,,,,,,,,-,FAIS009,,,,,IIS APPPOOL,0x246734,,,RDWebAccess,S-1-5-82-604604840-3341247844-1790606609-4006251754-2470522317,,,,,,,'2020-08-12T18:10:22.175148000Z',<Provider Name='Microsoft-Windows-Security-Auditing' Guid='{54849625-5478-4994-A5BA-3E3B0328C30D}'/><EventID>4624</EventID><Version>1</Version><Level>0</Level><Task>12544</Task><Opcode>0</Opcode><Keywords>0x8020000000000000</Keywords><TimeCreated SystemTime='2020-08-12T18:10:22.175148000Z'/><EventRecordID>8095349</EventRecordID><Correlation/><Execution ProcessID='640' ThreadID='9392'/><Channel>Security</Channel><Computer>FAIS009.ad.wsu.edu</Computer><Security/>,,,AD,,,,0x994a9fa9,,,,,,robert.gaines,S-1-5-21-861567501-115176313-682003330-4868080,,,AD,,robert.gaines,12544,'9392',,,,,,,-,,,,,,,,,,,,,1,,,FAIS009,,<Event xmlns='http://schemas.microsoft.com/win/2004/08/events/event'><System><Provider Name='Microsoft-Windows-Security-Auditing' Guid='{54849625-5478-4994-A5BA-3E3B0328C30D}'/><EventID>4624</EventID><Version>1</Version><Level>0</Level><Task>12544</Task><Opcode>0</Opcode><Keywords>0x8020000000000000</Keywords><TimeCreated SystemTime='2020-08-12T18:10:22.175148000Z'/><EventRecordID>8095349</EventRecordID><Correlation/><Execution ProcessID='640' ThreadID='9392'/><Channel>Security</Channel><Computer>FAIS009.ad.wsu.edu</Computer><Security/></System><EventData><Data Name='SubjectUserSid'>S-1-5-82-604604840-3341247844-1790606609-4006251754-2470522317</Data><Data Name='SubjectUserName'>RDWebAccess</Data><Data Name='SubjectDomainName'>IIS APPPOOL</Data><Data Name='SubjectLogonId'>0x246734</Data><Data Name='TargetUserSid'>S-1-5-21-861567501-115176313-682003330-4868080</Data><Data Name='TargetUserName'>robert.gaines</Data><Data Name='TargetDomainName'>AD</Data><Data Name='TargetLogonId'>0x994a9fa9</Data><Data Name='LogonType'>3</Data><Data Name='LogonProcessName'>Advapi  </Data><Data Name='AuthenticationPackageName'>Negotiate</Data><Data Name='WorkstationName'>FAIS009</Data><Data Name='LogonGuid'>{2C476B68-4A32-3BAD-1E80-3DAAE6FB20E4}</Data><Data Name='TransmittedServices'>-</Data><Data Name='LmPackageName'>-</Data><Data Name='KeyLength'>0</Data><Data Name='ProcessId'>0x13dc</Data><Data Name='ProcessName'>C:\Windows\System32\inetsrv\w3wp.exe</Data><Data Name='IpAddress'>-</Data><Data Name='IpPort'>-</Data><Data Name='ImpersonationLevel'>%%1833</Data></EventData></Event>,2020-08-12T11:10:22.000-0700,success,,,,,win:remote,,,,,,,,,,,,,,,,,,,,,,,,,,,,,,,,,,,,,,,,,,FAIS009.ad.wsu.edu,"fais009.ad.wsu.edu
134.121.231.152
fais009",5f088cd484c9769991496dc2,"unknown
servers_rdc
finance_and_administration
wsu
expected",,unknown,"servers_rdc
finance_and_administration
wsu",,,,fais009.ad.wsu.edu,,134.121.231.152,FALSE,,,,,AD,fais009,,untrust,,high,FALSE,FALSE,FALSE,,,,,,,,,,,,FAIS009,"fais009.ad.wsu.edu
134.121.231.152
fais009",5f088cd484c9769991496dc2,"unknown
servers_rdc
finance_and_administration
wsu
expected",unknown,"servers_rdc
finance_and_administration
wsu",,,fais009.ad.wsu.edu,134.121.231.152,FALSE,,,,,FAIS009,,untrust,high,FALSE,FALSE,FALSE,8095349,endpoint_services_processes msad-successful-user-logons windows_event_signature windows_logon_success wineventlog_security winsec,,,,,,,,FAIS009,,,,8095349,security,1,,,,,,,,,,An account was successfully logged on,XmlWinEventLog,,,,,,,,,,,,,C:\Windows\System32\inetsrv\w3wp.exe,640,C:\Windows\System32\inetsrv\w3wp.exe,Windows,<_='://../////'><><_='---'_='{----}'/><></><></><>,,,,,,,,,,,,,,,,,,0x246734,,,An account was successfully logged on,4624,,XmlWinEventLog:Security,XmlWinEventLog,splunkidx-p1n01.it.wsu.edu,,FAIS009,"fais009.ad.wsu.edu
134.121.231.152
fais009",5f088cd484c9769991496dc2,"unknown
servers_rdc
finance_and_administration
wsu
expected",,unknown,"servers_rdc
finance_and_administration
wsu",,,,fais009.ad.wsu.edu,,-,FALSE,,,,,IIS APPPOOL,FAIS009,,untrust,-,high,FALSE,FALSE,FALSE,,,RDWebAccess,,,,,,,,,,,,,,,,,FALSE,,,,,,,,,success,,,,,,,failure,,"authentication
os
process
remote
report
security
service
success
track_event_signatures
windows",,success,remote,,,,"authentication
os
process
report
security
service
track_event_signatures
windows",,,,,,,,,,,,,,,,,,,,,robert.gaines,,,,,,robert.gaines,,,,,,,,,,,,,,FALSE,,,,,Microsoft,,,Microsoft Windows,,,,,,
,,,,,,,,,,,,,,,,,,,,,,,,,,,,,,,IIS APPPOOL,,,RDWebAccess,,,,,,,Security,,,,,,,,,,FAIS009.ad.wsu.edu,,,,,,,,,,,,,,,,,,,,,,-,4648,<Data Name='SubjectUserSid'>S-1-5-82-604604840-3341247844-1790606609-4006251754-2470522317</Data><Data Name='SubjectUserName'>RDWebAccess</Data><Data Name='SubjectDomainName'>IIS APPPOOL</Data><Data Name='SubjectLogonId'>0x246734</Data><Data Name='LogonGuid'>{00000000-0000-0000-0000-000000000000}</Data><Data Name='TargetUserName'>robert.gaines</Data><Data Name='TargetDomainName'>AD</Data><Data Name='TargetLogonGuid'>{2C476B68-4A32-3BAD-1E80-3DAAE6FB20E4}</Data><Data Name='TargetServerName'>localhost</Data><Data Name='TargetInfo'>localhost</Data><Data Name='ProcessId'>0x13dc</Data><Data Name='ProcessName'>C:\Windows\System32\inetsrv\w3wp.exe</Data><Data Name='IpAddress'>-</Data><Data Name='IpPort'>-</Data>,4648,8095348,,,,,,,,,,AD,robert.gaines,,'{54849625-5478-4994-A5BA-3E3B0328C30D}',,,,,,,,,,,-,-,,,,,,,0x8020000000000000,,0,,,{00000000-0000-0000-0000-000000000000},,,,,0x246734,,,,,,,,,,,,,,,'Microsoft-Windows-Security-Auditing',,,,,,,,,,,,,,,,0,,,,,,,,,,,'640',0x13dc,C:\Windows\System32\inetsrv\w3wp.exe,,,,,,,,,,,,8095348,,,,,,,,,,,,,,,,,-,-,,,,,IIS APPPOOL,0x246734,,,RDWebAccess,S-1-5-82-604604840-3341247844-1790606609-4006251754-2470522317,,,,,,,'2020-08-12T18:10:22.175148000Z',<Provider Name='Microsoft-Windows-Security-Auditing' Guid='{54849625-5478-4994-A5BA-3E3B0328C30D}'/><EventID>4648</EventID><Version>0</Version><Level>0</Level><Task>12544</Task><Opcode>0</Opcode><Keywords>0x8020000000000000</Keywords><TimeCreated SystemTime='2020-08-12T18:10:22.175148000Z'/><EventRecordID>8095348</EventRecordID><Correlation/><Execution ProcessID='640' ThreadID='9392'/><Channel>Security</Channel><Computer>FAIS009.ad.wsu.edu</Computer><Security/>,,,AD,localhost,,{2C476B68-4A32-3BAD-1E80-3DAAE6FB20E4},,,,,localhost,,robert.gaines,,,,AD,localhost,robert.gaines,12544,'9392',,,,,,,,,,,,,,,,,,,,0,,,,,<Event xmlns='http://schemas.microsoft.com/win/2004/08/events/event'><System><Provider Name='Microsoft-Windows-Security-Auditing' Guid='{54849625-5478-4994-A5BA-3E3B0328C30D}'/><EventID>4648</EventID><Version>0</Version><Level>0</Level><Task>12544</Task><Opcode>0</Opcode><Keywords>0x8020000000000000</Keywords><TimeCreated SystemTime='2020-08-12T18:10:22.175148000Z'/><EventRecordID>8095348</EventRecordID><Correlation/><Execution ProcessID='640' ThreadID='9392'/><Channel>Security</Channel><Computer>FAIS009.ad.wsu.edu</Computer><Security/></System><EventData><Data Name='SubjectUserSid'>S-1-5-82-604604840-3341247844-1790606609-4006251754-2470522317</Data><Data Name='SubjectUserName'>RDWebAccess</Data><Data Name='SubjectDomainName'>IIS APPPOOL</Data><Data Name='SubjectLogonId'>0x246734</Data><Data Name='LogonGuid'>{00000000-0000-0000-0000-000000000000}</Data><Data Name='TargetUserName'>robert.gaines</Data><Data Name='TargetDomainName'>AD</Data><Data Name='TargetLogonGuid'>{2C476B68-4A32-3BAD-1E80-3DAAE6FB20E4}</Data><Data Name='TargetServerName'>localhost</Data><Data Name='TargetInfo'>localhost</Data><Data Name='ProcessId'>0x13dc</Data><Data Name='ProcessName'>C:\Windows\System32\inetsrv\w3wp.exe</Data><Data Name='IpAddress'>-</Data><Data Name='IpPort'>-</Data></EventData></Event>,2020-08