AccessList,AccessMask,AccountExpires,AccountName,AccountSessionIdentifier,Account_Domain,Account_Name,ActivityID,AdapterName,AdapterSuffixName,AdditionalInfo,AdditionalInfo2,Address,AddressLength,AlgorithmName,AllowedToDelegateTo,AppCorrelationID,AppPoolID,Architecture,AttributeLDAPDisplayName,AttributeSyntaxOID,AttributeValue,AuditSourceName,AuthenticationPackageName,AuthenticationProvider,AuthenticationServer,AuthenticationType,BuildNumber,BuildType,CalledStationID,Caller_Computer_Name,Caller_Domain,Caller_Logon_ID,Caller_Machine_Name,Caller_User_Name,CallingStationID,CategoryString,CertIssuerName,CertSerialNumber,CertThumbprint,Change_Type,Channel,ClientIPAddress,ClientName,ClientProcessId,Client_Address,Client_Domain,Client_Logon_ID,Client_Machine_Name,Client_User_Name,CodeSet,Computer,ComputerAccountChange,ComputerName,Context,CountOfCredentialsReturned,CountryCode,DCName,DSName,DSObjectName,DSType,Description,Detail,DirtyPages,DisplayName,DnsHostName,DnsServerList,Domain,Dummy,EAPType,ElevatedToken,ErrorCode,ErrorDescription,Error_Code,EventCode,EventData_Xml,EventID,EventRecordID,EventSourceId,EventSourceName,FailureReason,FilePath,FreePhysicalMemoryKB,FreeVirtualMemoryKB,FullyQualifiedSubjectMachineName,FullyQualifiedSubjectUserName,GPOCNName,Group_Domain,Group_Name,Group_Type_Change,Guid,HandleId,HiveName,HiveNameLength,HomeDirectory,HomePath,HostName,ImagePath,Image_File_Name,ImpersonationLevel,InstallDate,IpAddress,IpPort,Ipaddress,KeyFilePath,KeyLength,KeyName,KeyType,KeysUpdated,Keywords,LastBootUpTime,Level,LmPackageName,Locale,LogonGuid,LogonHours,LogonProcessName,LogonType,Logon_Account,Logon_ID,Logon_Type,Logon_account,MachineInventory,Manufacturer,Member_ID,Member_Name,Message,Minutes,Model,NASIPv4Address,NASIPv6Address,NASIdentifier,NASPort,NASPortType,Name,NetworkPolicyName,NewUacValue,New_Account_Name,New_Domain,NumberOfGroupPolicyObjects,OS,ObjId,ObjectClass,ObjectDN,ObjectGUID,ObjectName,ObjectServer,ObjectType,OldUacValue,OpCorrelationID,Opcode,Operation,OperationType,PackageName,PasswordLastSet,PreAuthType,PrimaryGroupId,Primary_Domain,Primary_User_Name,PrivilegeList,ProcessCreationTime,ProcessID,ProcessId,ProcessName,ProcessingMode,ProcessingTimeInMilliseconds,ProfilePath,Properties,ProviderName,ProxyPolicyName,Qualifiers,QueryName,ReadOperation,Reason,ReasonCode,RecordNumber,RenderingInfo_Xml,ResourceAttributes,RestrictedAdminMode,ReturnCode,SamAccountName,ScriptPath,Security_ID,Sent_UpdateServer,SerialNumber,ServiceName,ServicePack,ServicePrincipalNames,ServiceSid,ServiceType,SidHistory,Source_Network_Address,Source_Port,Source_Workstation,StartType,Status,SubStatus,Sub_Status,SubjectDomainName,SubjectLogonId,SubjectMachineName,SubjectMachineSID,SubjectUserName,SubjectUserSid,Supplied_Realm_Name,SupportInfo1,SupportInfo2,SystemDevice,SystemDirectory,SystemDrive,SystemTime,System_Props_Xml,System_Type,TSId,TargetDomainName,TargetInfo,TargetLinkedLogonId,TargetLogonGuid,TargetLogonId,TargetName,TargetOutboundDomainName,TargetOutboundUserName,TargetServerName,TargetSid,TargetUserName,TargetUserSid,Target_Account_ID,Target_Account_Name,Target_Domain,Target_Server_Name,Target_User_Name,Task,ThreadID,TicketEncryptionType,TicketOptions,TokenElevationType,Token_Elevation_Type,TotalPhysicalMemoryKB,TotalVirtualMemoryKB,TransmittedServices,Type,User,UserAccountControl,UserData_Xml,UserID,UserParameters,UserPrincipalName,UserSid,UserWorkstations,User_ID,User_Name,Username,Version,VirtualAccount,Workstation,WorkstationName,Workstation_Name,_raw,_time,action,action_flags,action_source,admin,after_change_detail,app,app:able_to_transfer_file,app:category,app:default_ports,app:evasive,app:excessive_bandwidth,app:has_known_vulnerability,app:is_saas,app:is_sanctioned_saas,app:pervasive_use,app:prone_to_misuse,app:risk,app:subcategory,app:technology,app:tunnels_other_application,app:used_by_malware,application,before_change_detail,body,bytes,bytes_in,bytes_out,category,change_type,client,client_ip,client_location,command,configuration_path,cpu_architecture,cpu_cores,cpu_count,cpu_mhz,date_hour,date_mday,date_minute,date_month,date_second,date_wday,date_year,date_zone,description,dest,dest_asset,dest_asset_id,dest_asset_tag,dest_autofocus_tags,dest_bunit,dest_category,dest_city,dest_class,dest_country,dest_dns,dest_interface,dest_ip,dest_is_expected,dest_lat,dest_location,dest_long,dest_mac,dest_nt_domain,dest_nt_host,dest_owner,dest_pci_domain,dest_port,dest_priority,dest_requires_av,dest_should_timesync,dest_should_update,dest_translated_ip,dest_translated_port,dest_user,dest_vm,dest_zone,devicegroup_level1,devicegroup_level2,devicegroup_level3,devicegroup_level4,dns_client,duration,dvc,dvc_asset,dvc_asset_id,dvc_asset_tag,dvc_bunit,dvc_category,dvc_city,dvc_country,dvc_dns,dvc_ip,dvc_is_expected,dvc_lat,dvc_long,dvc_mac,dvc_name,dvc_nt_host,dvc_owner,dvc_pci_domain,dvc_priority,dvc_requires_av,dvc_should_timesync,dvc_should_update,event_id,eventtype,family,flags,future_use1,future_use3,future_use4,future_use5,generated_time,host,host_name,hostname,http_category,id,index,linecount,log_forwarding_profile,log_subtype,master,mem,mem_free,mem_free_percent,mem_used,mem_used_percent,mount,name,object,object_category,os,package,package_title,packets,packets_in,packets_out,param1,param2,param3,param4,pid,process,process_id,process_name,product,punct,query,receive_time,repeat_count,result,rule,sequence_number,serial,serial_number,server_ip,server_location,service,serviceGuid,service_id,service_name,service_path,session_end_reason,session_flags,session_id,severity,severity_id,signature,signature_id,signature_message,source,sourcetype,splunk_server,splunk_server_group,src,src_asset,src_asset_id,src_asset_tag,src_autofocus_tags,src_bunit,src_category,src_city,src_class,src_country,src_dns,src_interface,src_ip,src_is_expected,src_lat,src_location,src_long,src_mac,src_nt_domain,src_nt_host,src_owner,src_pci_domain,src_port,src_priority,src_requires_av,src_should_timesync,src_should_update,src_translated_ip,src_translated_port,src_user,src_user_bunit,src_user_category,src_user_email,src_user_endDate,src_user_first,src_user_identity,src_user_identity_id,src_user_identity_tag,src_user_last,src_user_managedBy,src_user_nick,src_user_phone,src_user_prefix,src_user_priority,src_user_startDate,src_user_suffix,src_user_watchlist,src_user_work_city,src_user_work_country,src_user_work_lat,src_user_work_long,src_vm,src_zone,start_mode,start_time,status,storage,storage_free,storage_free_percent,storage_used,storage_used_percent,subject,ta_windows_action,ta_windows_status,tag,tag::Logon_Type,tag::action,tag::app,tag::dest_requires_av,tag::dest_should_timesync,tag::dest_should_update,tag::eventtype,tag::index,tag::object_category,tag::src_user_category,tag::src_user_identity_tag,tag::src_user_watchlist,tag::user_category,tag::user_identity_tag,tag::user_watchlist,timeendpos,timestartpos,transport,tunnel_id,tunnel_monitor_tag,tunnel_session_id,tunnel_start_time,tunnel_type,type,updateGuid,updateRevisionNumber,updateTitle,user,user_bunit,user_category,user_email,user_endDate,user_first,user_group,user_group_id,user_id,user_identity,user_identity_id,user_identity_tag,user_last,user_managedBy,user_nick,user_phone,user_prefix,user_priority,user_startDate,user_suffix,user_watchlist,user_work_city,user_work_country,user_work_lat,user_work_long,vendor,vendor_action,vendor_privilege,vendor_product,vendor_protocol,version,virtual_system,vsys,vsys_name,zonename
,,,,,,,,,,,,,,,,,,,,,,,Kerberos,,,,,,,,IIS APPPOOL,,,RDWebAccess,,,,,,,Security,,,,,,,,,,FAIS009.ad.wsu.edu,,,,,,,,,,,,,,,,,,,,,,-,4624,<Data Name='SubjectUserSid'>S-1-5-82-604604840-3341247844-1790606609-4006251754-2470522317</Data><Data Name='SubjectUserName'>RDWebAccess</Data><Data Name='SubjectDomainName'>IIS APPPOOL</Data><Data Name='SubjectLogonId'>0x7e3cf0</Data><Data Name='TargetUserSid'>S-1-5-21-861567501-115176313-682003330-4868080</Data><Data Name='TargetUserName'>robert.gaines</Data><Data Name='TargetDomainName'>AD</Data><Data Name='TargetLogonId'>0x7525b68b</Data><Data Name='LogonType'>3</Data><Data Name='LogonProcessName'>Authz   </Data><Data Name='AuthenticationPackageName'>Kerberos</Data><Data Name='WorkstationName'>FAIS009</Data><Data Name='LogonGuid'>{B78800A9-AB47-1197-31C7-4DCF5DCA2BAD}</Data><Data Name='TransmittedServices'>-</Data><Data Name='LmPackageName'>-</Data><Data Name='KeyLength'>0</Data><Data Name='ProcessId'>0x1b00</Data><Data Name='ProcessName'>C:\Windows\System32\inetsrv\w3wp.exe</Data><Data Name='IpAddress'>-</Data><Data Name='IpPort'>-</Data><Data Name='ImpersonationLevel'>%%1832</Data>,4624,8146461,,,,,,,,,,AD,robert.gaines,,'{54849625-5478-4994-A5BA-3E3B0328C30D}',,,,,,,,,%%1832,,-,-,,,0,,,,0x8020000000000000,,0,-,,{B78800A9-AB47-1197-31C7-4DCF5DCA2BAD},,Authz,3,,0x7e3cf0,3,,,,,,,,,,,,,,'Microsoft-Windows-Security-Auditing',,,,,,,,,,,,,,,,0,,,,,,,,,,,'672',0x1b00,C:\Windows\System32\inetsrv\w3wp.exe,,,,,,,,,,,,8146461,,,,,,,,,,,,,,,,,-,FAIS009,,,,,IIS APPPOOL,0x7e3cf0,,,RDWebAccess,S-1-5-82-604604840-3341247844-1790606609-4006251754-2470522317,,,,,,,'2020-08-24T22:00:33.530824600Z',<Provider Name='Microsoft-Windows-Security-Auditing' Guid='{54849625-5478-4994-A5BA-3E3B0328C30D}'/><EventID>4624</EventID><Version>1</Version><Level>0</Level><Task>12544</Task><Opcode>0</Opcode><Keywords>0x8020000000000000</Keywords><TimeCreated SystemTime='2020-08-24T22:00:33.530824600Z'/><EventRecordID>8146461</EventRecordID><Correlation/><Execution ProcessID='672' ThreadID='29484'/><Channel>Security</Channel><Computer>FAIS009.ad.wsu.edu</Computer><Security/>,,,AD,,,,0x7525b68b,,,,,,robert.gaines,S-1-5-21-861567501-115176313-682003330-4868080,,,AD,,robert.gaines,12544,'29484',,,,,,,-,,,,,,,,,,,,,1,,,FAIS009,,<Event xmlns='http://schemas.microsoft.com/win/2004/08/events/event'><System><Provider Name='Microsoft-Windows-Security-Auditing' Guid='{54849625-5478-4994-A5BA-3E3B0328C30D}'/><EventID>4624</EventID><Version>1</Version><Level>0</Level><Task>12544</Task><Opcode>0</Opcode><Keywords>0x8020000000000000</Keywords><TimeCreated SystemTime='2020-08-24T22:00:33.530824600Z'/><EventRecordID>8146461</EventRecordID><Correlation/><Execution ProcessID='672' ThreadID='29484'/><Channel>Security</Channel><Computer>FAIS009.ad.wsu.edu</Computer><Security/></System><EventData><Data Name='SubjectUserSid'>S-1-5-82-604604840-3341247844-1790606609-4006251754-2470522317</Data><Data Name='SubjectUserName'>RDWebAccess</Data><Data Name='SubjectDomainName'>IIS APPPOOL</Data><Data Name='SubjectLogonId'>0x7e3cf0</Data><Data Name='TargetUserSid'>S-1-5-21-861567501-115176313-682003330-4868080</Data><Data Name='TargetUserName'>robert.gaines</Data><Data Name='TargetDomainName'>AD</Data><Data Name='TargetLogonId'>0x7525b68b</Data><Data Name='LogonType'>3</Data><Data Name='LogonProcessName'>Authz   </Data><Data Name='AuthenticationPackageName'>Kerberos</Data><Data Name='WorkstationName'>FAIS009</Data><Data Name='LogonGuid'>{B78800A9-AB47-1197-31C7-4DCF5DCA2BAD}</Data><Data Name='TransmittedServices'>-</Data><Data Name='LmPackageName'>-</Data><Data Name='KeyLength'>0</Data><Data Name='ProcessId'>0x1b00</Data><Data Name='ProcessName'>C:\Windows\System32\inetsrv\w3wp.exe</Data><Data Name='IpAddress'>-</Data><Data Name='IpPort'>-</Data><Data Name='ImpersonationLevel'>%%1832</Data></EventData></Event>,2020-08-24T15:00:33.000-0700,success,,,,,win:remote,,,,,,,,,,,,,,,,,,,,,,,,,,,,,,,,,,,,,,,,,,FAIS009.ad.wsu.edu,"fais009.ad.wsu.edu
134.121.231.152
fais009",5f088cd484c9769991496dc2,"unknown
servers_rdc
finance_and_administration
wsu
expected",,unknown,"servers_rdc
finance_and_administration
wsu",,,,fais009.ad.wsu.edu,,134.121.231.152,FALSE,,,,,AD,fais009,,untrust,,high,FALSE,FALSE,FALSE,,,,,,,,,,,,FAIS009,"fais009.ad.wsu.edu
134.121.231.152
fais009",5f088cd484c9769991496dc2,"unknown
servers_rdc
finance_and_administration
wsu
expected",unknown,"servers_rdc
finance_and_administration
wsu",,,fais009.ad.wsu.edu,134.121.231.152,FALSE,,,,,FAIS009,,untrust,high,FALSE,FALSE,FALSE,8146461,endpoint_services_processes msad-successful-user-logons windows_event_signature windows_logon_success wineventlog_security winsec,,,,,,,,FAIS009,,,,8146461,security,1,,,,,,,,,,An account was successfully logged on,XmlWinEventLog,,,,,,,,,,,,,C:\Windows\System32\inetsrv\w3wp.exe,672,C:\Windows\System32\inetsrv\w3wp.exe,Windows,<_='://../////'><><_='---'_='{----}'/><></><></><>,,,,,,,,,,,,,,,,,,0x7e3cf0,,,An account was successfully logged on,4624,,XmlWinEventLog:Security,XmlWinEventLog,splunkidx-p1n01.it.wsu.edu,,FAIS009,"fais009.ad.wsu.edu
134.121.231.152
fais009",5f088cd484c9769991496dc2,"unknown
servers_rdc
finance_and_administration
wsu
expected",,unknown,"servers_rdc
finance_and_administration
wsu",,,,fais009.ad.wsu.edu,,-,FALSE,,,,,IIS APPPOOL,FAIS009,,untrust,-,high,FALSE,FALSE,FALSE,,,RDWebAccess,,,,,,,,,,,,,,,,,FALSE,,,,,,,,,success,,,,,,,failure,,"authentication
os
process
remote
report
security
service
success
track_event_signatures
windows",,success,remote,,,,"authentication
os
process
report
security
service
track_event_signatures
windows",,,,,,,,,,,,,,,,,,,,,robert.gaines,,,,,,robert.gaines,,,,,,,,,,,,,,FALSE,,,,,Microsoft,,,Microsoft Windows,,,,,,
,,,,,,,,,,,,,,,,,,,,,,,,,,,,,,,IIS APPPOOL,,,RDWebAccess,,,,,,,Security,,,,,,,,,,FAIS009.ad.wsu.edu,,,,,,,,,,,,,,,,,,,,,,-,4648,<Data Name='SubjectUserSid'>S-1-5-82-604604840-3341247844-1790606609-4006251754-2470522317</Data><Data Name='SubjectUserName'>RDWebAccess</Data><Data Name='SubjectDomainName'>IIS APPPOOL</Data><Data Name='SubjectLogonId'>0x7e3cf0</Data><Data Name='LogonGuid'>{00000000-0000-0000-0000-000000000000}</Data><Data Name='TargetUserName'>robert.gaines</Data><Data Name='TargetDomainName'>AD</Data><Data Name='TargetLogonGuid'>{B78800A9-AB47-1197-31C7-4DCF5DCA2BAD}</Data><Data Name='TargetServerName'>localhost</Data><Data Name='TargetInfo'>localhost</Data><Data Name='ProcessId'>0x1b00</Data><Data Name='ProcessName'>C:\Windows\System32\inetsrv\w3wp.exe</Data><Data Name='IpAddress'>-</Data><Data Name='IpPort'>-</Data>,4648,8146460,,,,,,,,,,AD,robert.gaines,,'{54849625-5478-4994-A5BA-3E3B0328C30D}',,,,,,,,,,,-,-,,,,,,,0x8020000000000000,,0,,,{00000000-0000-0000-0000-000000000000},,,,,0x7e3cf0,,,,,,,,,,,,,,,'Microsoft-Windows-Security-Auditing',,,,,,,,,,,,,,,,0,,,,,,,,,,,'672',0x1b00,C:\Windows\System32\inetsrv\w3wp.exe,,,,,,,,,,,,8146460,,,,,,,,,,,,,,,,,-,-,,,,,IIS APPPOOL,0x7e3cf0,,,RDWebAccess,S-1-5-82-604604840-3341247844-1790606609-4006251754-2470522317,,,,,,,'2020-08-24T22:00:33.530824600Z',<Provider Name='Microsoft-Windows-Security-Auditing' Guid='{54849625-5478-4994-A5BA-3E3B0328C30D}'/><EventID>4648</EventID><Version>0</Version><Level>0</Level><Task>12544</Task><Opcode>0</Opcode><Keywords>0x8020000000000000</Keywords><TimeCreated SystemTime='2020-08-24T22:00:33.530824600Z'/><EventRecordID>8146460</EventRecordID><Correlation/><Execution ProcessID='672' ThreadID='29484'/><Channel>Security</Channel><Computer>FAIS009.ad.wsu.edu</Computer><Security/>,,,AD,localhost,,{B78800A9-AB47-1197-31C7-4DCF5DCA2BAD},,,,,localhost,,robert.gaines,,,,AD,localhost,robert.gaines,12544,'29484',,,,,,,,,,,,,,,,,,,,0,,,,,<Event xmlns='http://schemas.microsoft.com/win/2004/08/events/event'><System><Provider Name='Microsoft-Windows-Security-Auditing' Guid='{54849625-5478-4994-A5BA-3E3B0328C30D}'/><EventID>4648</EventID><Version>0</Version><Level>0</Level><Task>12544</Task><Opcode>0</Opcode><Keywords>0x8020000000000000</Keywords><TimeCreated SystemTime='2020-08-24T22:00:33.530824600Z'/><EventRecordID>8146460</EventRecordID><Correlation/><Execution ProcessID='672' ThreadID='29484'/><Channel>Security</Channel><Computer>FAIS009.ad.wsu.edu</Computer><Security/></System><EventData><Data Name='SubjectUserSid'>S-1-5-82-604604840-3341247844-1790606609-4006251754-2470522317</Data><Data Name='SubjectUserName'>RDWebAccess</Data><Data Name='SubjectDomainName'>IIS APPPOOL</Data><Data Name='SubjectLogonId'>0x7e3cf0</Data><Data Name='LogonGuid'>{00000000-0000-0000-0000-000000000000}</Data><Data Name='TargetUserName'>robert.gaines</Data><Data Name='TargetDomainName'>AD</Data><Data Name='TargetLogonGuid'>{B78800A9-AB47-1197-31C7-4DCF5DCA2BAD}</Data><Data Name='TargetServerName'>localhost</Data><Data Name='TargetInfo'>localhost</Data><Data Name='ProcessId'>0x1b00</Data><Data Name='ProcessName'>C:\Windows\System32\inetsrv\w3wp.exe</Data><Data Name='IpAddress'>-</Data><Data Name='IpPort'>-</Data></EventData></Event>,2020-08-24T15:00:33.000-0700,success,,,,,win:remote,,,,,,,,,,,,,,,,,,,,,,,,,,,,,,,,,,,,,,,,,,localhost,,,,,,,,,,,,,FALSE,,,,,AD,localhost,,untrust,,,FALSE,FALSE,FALSE,,,,,,,,,,,,FAIS009,"fais009.ad.wsu.edu
134.121.231.152
fais009",5f088cd484c9769991496dc2,"unknown
servers_rdc
finance_and_administration
wsu
expected",unknown,"servers_rdc
finance_and_administration
wsu",,,fais009.ad.wsu.edu,134.121.231.152,FALSE,,,,,FAIS009,,untrust,high,FALSE,FALSE,FALSE,8146460,endpoint_services_processes windows_event_signature windows_logon_explicit wineventlog_security winsec,,,,,,,,FAIS009,,,,8146460,security,1,,,,,,,,,,A logon was attempted using explicit credentials,XmlWinEventLog,,,,,,,,,,,,,C:\Windows\System32\inetsrv\w3wp.exe,672,C:\Windows\System32\inetsrv\w3wp.exe,Windows,<_='://../////'><><_='---'_='{----}'/><></><></><>,,,,,,,,,,,,,,,,,,0x7e3cf0,,,A logon was attempted using explicit credentials,4648,,XmlWinEventLog:Security,XmlWinEventLog,splunkidx-p1n01.it.wsu.edu,,,,,,,,,,,,,,-,,,,,,IIS APPPOOL,,,,-,,,,,,,RDWebAccess,,,,,,,,,,,,,,,,,FALSE,,,,,,,,,success,,,,,,,failure,,"authentication
os
privileged
process
remote
report
security
service
success
track_event_signatures
windows",,success,remote,,,,"authentication
os
privileged
process
report
security
service
track_event_signatures
windows",,,,,,,,,,,,,,,,,,,,,robert.gaines,,,,,,robert.gaines,,,,,,,,,,,,,,FALSE,,,,,Microsoft,,,Microsoft Windows,,,,,,
,,,,,,,,,,,,,,,,,,,,,,,Negotiate,,,,,,,,IIS APPPOOL,,,RDWebAccess,,,,,,,Security,,,,,,,,,,FAIS009.ad.wsu.edu,,,,,,,,,,,,,,,,,,,,,,-,4624,<Data Name='SubjectUserSid'>S-1-5-82-604604840-3341247844-1790606609-4006251754-2470522317</Data><Data Name='SubjectUserName'>RDWebAccess</Data><Data Name='SubjectDomainName'>IIS APPPOOL</Data><Data Name='SubjectLogonId'>0x7e3cf0</Data><Data Name='TargetUserSid'>S-1-5-21-861567501-115176313-682003330-4868080</Data><Data Name='TargetUserName'>robert.gaines</Data><Data Name='TargetDomainName'>AD</Data><Data Name='TargetLogonId'>0x7525abba</Data><Data Name='LogonType'>3</Data><Data Name='LogonProcessName'>Advapi  </Data><Data Name='AuthenticationPackageName'>Negotiate</Data><Data Name='WorkstationName'>FAIS009</Data><Data Name='LogonGuid'>{CAD629B1-E89C-F234-4DAD-9695663902B1}</Data><Data Name='TransmittedServices'>-</Data><Data Name='LmPackageName'>-</Data><Data Name='KeyLength'>0</Data><Data Name='ProcessId'>0x1b00</Data><Data Name='ProcessName'>C:\Windows\System32\inetsrv\w3wp.exe</Data><Data Name='IpAddress'>-</Data><Data Name='IpPort'>-</Data><Data Name='ImpersonationLevel'>%%1833</Data>,4624,8146459,,,,,,,,,,AD,robert.gaines,,'{54849625-5478-4994-A5BA-3E3B0328C30D}',,,,,,,,,%%1833,,-,-,,,0,,,,0x8020000000000000,,0,-,,{CAD629B1-E89C-F234-4DAD-9695663902B1},,Advapi,3,,0x7e3cf0,3,,,,,,,,,,,,,,'Microsoft-Windows-Security-Auditing',,,,,,,,,,,,,,,,0,,,,,,,,,,,'672',0x1b00,C:\Windows\System32\inetsrv\w3wp.exe,,,,,,,,,,,,8146459,,,,,,,,,,,,,,,,,-,FAIS009,,,,,IIS APPPOOL,0x7e3cf0,,,RDWebAccess,S-1-5-82-604604840-3341247844-1790606609-4006251754-2470522317,,,,,,,'2020-08-24T22:00:33.445822900Z',<Provider Name='Microsoft-Windows-Security-Auditing' Guid='{54849625-5478-4994-A5BA-3E3B0328C30D}'/><EventID>4624</EventID><Version>1</Version><Level>0</Level><Task>12544</Task><Opcode>0</Opcode><Keywords>0x8020000000000000</Keywords><TimeCreated SystemTime='2020-08-24T22:00:33.445822900Z'/><EventRecordID>8146459</EventRecordID><Correlation/><Execution ProcessID='672' ThreadID='17564'/><Channel>Security</Channel><Computer>FAIS009.ad.wsu.edu</Computer><Security/>,,,AD,,,,0x7525abba,,,,,,robert.gaines,S-1-5-21-861567501-115176313-682003330-4868080,,,AD,,robert.gaines,12544,'17564',,,,,,,-,,,,,,,,,,,,,1,,,FAIS009,,<Event xmlns='http://schemas.microsoft.com/win/2004/08/events/event'><System><Provider Name='Microsoft-Windows-Security-Auditing' Guid='{54849625-5478-4994-A5BA-3E3B0328C30D}'/><EventID>4624</EventID><Version>1</Version><Level>0</Level><Task>12544</Task><Opcode>0</Opcode><Keywords>0x8020000000000000</Keywords><TimeCreated SystemTime='2020-08-24T22:00:33.445822900Z'/><EventRecordID>8146459</EventRecordID><Correlation/><Execution ProcessID='672' ThreadID='17564'/><Channel>Security</Channel><Computer>FAIS009.ad.wsu.edu</Computer><Security/></System><EventData><Data Name='SubjectUserSid'>S-1-5-82-604604840-3341247844-1790606609-4006251754-2470522317</Data><Data Name='SubjectUserName'>RDWebAccess</Data><Data Name='SubjectDomainName'>IIS APPPOOL</Data><Data Name='SubjectLogonId'>0x7e3cf0</Data><Data Name='TargetUserSid'>S-1-5-21-861567501-115176313-682003330-4868080</Data><Data Name='TargetUserName'>robert.gaines</Data><Data Name='TargetDomainName'>AD</Data><Data Name='TargetLogonId'>0x7525abba</Data><Data Name='LogonType'>3</Data><Data Name='LogonProcessName'>Advapi  </Data><Data Name='AuthenticationPackageName'>Negotiate</Data><Data Name='WorkstationName'>FAIS009</Data><Data Name='LogonGuid'>{CAD629B1-E89C-F234-4DAD-9695663902B1}</Data><Data Name='TransmittedServices'>-</Data><Data Name='LmPackageName'>-</Data><Data Name='KeyLength'>0</Data><Data Name='ProcessId'>0x1b00</Data><Data Name='ProcessName'>C:\Windows\System32\inetsrv\w3wp.exe</Data><Data Name='IpAddress'>-</Data><Data Name='IpPort'>-</Data><Data Name='ImpersonationLevel'>%%1833</Data></EventData></Event>,2020-08-24T15:00:33.000-0700,success,,,,,win:remote,,,,,,,,,,,,,,,,,,,,,,,,,,,,,,,,,,,,,,,,,,FAIS009.ad.wsu.edu,"fais009.ad.wsu.edu
134.121.231.152
fais009",5f088cd484c9769991496dc2,"unknown
servers_rdc
finance_and_administration
wsu
expected",,unknown,"servers_rdc
finance_and_administration
wsu",,,,fais009.ad.wsu.edu,,134.121.231.152,FALSE,,,,,AD,fais009,,untrust,,high,FALSE,FALSE,FALSE,,,,,,,,,,,,FAIS009,"fais009.ad.wsu.edu
134.121.231.152
fais009",5f088cd484c9769991496dc2,"unknown
servers_rdc
finance_and_administration
wsu
expected",unknown,"servers_rdc
finance_and_administration
wsu",,,fais009.ad.wsu.edu,134.121.231.152,FALSE,,,,,FAIS009,,untrust,high,FALSE,FALSE,FALSE,8146459,endpoint_services_processes msad-successful-user-logons windows_event_signature windows_logon_success wineventlog_security winsec,,,,,,,,FAIS009,,,,8146459,security,1,,,,,,,,,,An account was successfully logged on,XmlWinEventLog,,,,,,,,,,,,,C:\Windows\System32\inetsrv\w3wp.exe,672,C:\Windows\System32\inetsrv\w3wp.exe,Windows,<_='://../////'><><_='---'_='{----}'/><></><></><>,,,,,,,,,,,,,,,,,,0x7e3cf0,,,An account was successfully logged on,4624,,XmlWinEventLog:Security,XmlWinEventLog,splunkidx-p1n01.it.wsu.edu,,FAIS009,"fais009.ad.wsu.edu
134.121.231.152
fais009",5f088cd484c9769991496dc2,"unknown
servers_rdc
finance_and_administration
wsu
expected",,unknown,"servers_rdc
finance_and_administration
wsu",,,,fais009.ad.wsu.edu,,-,FALSE,,,,,IIS APPPOOL,FAIS009,,untrust,-,high,FALSE,FALSE,FALSE,,,RDWebAccess,,,,,,,,,,,,,,,,,FALSE,,,,,,,,,success,,,,,,,failure,,"authentication
os
process
remote
report
security
service
success
track_event_signatures
windows",,success,remote,,,,"authentication
os
process
report
security
service
track_event_signatures
windows",,,,,,,,,,,,,,,,,,,,,robert.gaines,,,,,,robert.gaines,,,,,,,,,,,,,,FALSE,,,,,Microsoft,,,Microsoft Windows,,,,,,
,,,,,,,,,,,,,,,,,,,,,,,,,,,,,,,IIS APPPOOL,,,RDWebAccess,,,,,,,Security,,,,,,,,,,FAIS009.ad.wsu.edu,,,,,,,,,,,,,,,,,,,,,,-,4648,<Data Name='SubjectUserSid'>S-1-5-82-604604840-3341247844-1790606609-4006251754-2470522317</Data><Data Name='SubjectUserName'>RDWebAccess</Data><Data Name='SubjectDomainName'>IIS APPPOOL</Data><Data Name='SubjectLogonId'>0x7e3cf0</Data><Data Name='LogonGuid'>{00000000-0000-0000-0000-000000000000}</Data><Data Name='TargetUserName'>robert.gaines</Data><Data Name='TargetDomainName'>AD</Data><Data Name='TargetLogonGuid'>{CAD629B1-E89C-F234-4DAD-9695663902B1}</Data><Data Name='TargetServerName'>localhost</Data><Data Name='TargetInfo'>localhost</Data><Data Name='ProcessId'>0x1b00</Data><Data Name='ProcessName'>C:\Windows\System32\inetsrv\w3wp.exe</Data><Data Name='IpAddress'>-</Data><Data Name='IpPort'>-</Data>,4648,8146458,,,,,,,,,,AD,robert.gaines,,'{54849625-5478-4994-A5BA-3E3B0328C30D}',,,,,,,,,,,-,-,,,,,,,0x8020000000000000,,0,,,{00000000-0000-0000-0000-000000000000},,,,,0x7e3cf0,,,,,,,,,,,,,,,'Microsoft-Windows-Security-Auditing',,,,,,,,,,,,,,,,0,,,,,,,,,,,'672',0x1b00,C:\Windows\System32\inetsrv\w3wp.exe,,,,,,,,,,,,8146458,,,,,,,,,,,,,,,,,-,-,,,,,IIS APPPOOL,0x7e3cf0,,,RDWebAccess,S-1-5-82-604604840-3341247844-1790606609-4006251754-2470522317,,,,,,,'2020-08-24T22:00:33.445822900Z',<Provider Name='Microsoft-Windows-Security-Auditing' Guid='{54849625-5478-4994-A5BA-3E3B0328C30D}'/><EventID>4648</EventID><Version>0</Version><Level>0</Level><Task>12544</Task><Opcode>0</Opcode><Keywords>0x8020000000000000</Keywords><TimeCreated SystemTime='2020-08-24T22:00:33.445822900Z'/><EventRecordID>8146458</EventRecordID><Correlation/><Execution ProcessID='672' ThreadID='17564'/><Channel>Security</Channel><Computer>FAIS009.ad.wsu.edu</Computer><Security/>,,,AD,localhost,,{CAD629B1-E89C-F234-4DAD-9695663902B1},,,,,localhost,,robert.gaines,,,,AD,localhost,robert.gaines,12544,'17564',,,,,,,,,,,,,,,,,,,,0,,,,,<Event xmlns='http://schemas.microsoft.com/win/2004/08/events/event'><System><Provider Name='Microsoft-Windows-Security-Auditing' Guid='{54849625-5478-4994-A5BA-3E3B0328C30D}'/><EventID>4648</EventID><Version>0</Version><Level>0</Level><Task>12544</Task><Opcode>0</Opcode><Keywords>0x8020000000000000</Keywords><TimeCreated SystemTime='2020-08-24T22:00:33.445822900Z'/><EventRecordID>8146458</EventRecordID><Correlation/><Execution ProcessID='672' ThreadID='17564'/><Channel>Security</Channel><Computer>FAIS009.ad.wsu.edu</Computer><Security/></System><EventData><Data Name='SubjectUserSid'>S-1-5-82-604604840-3341247844-1790606609-4006251754-2470522317</Data><Data Name='SubjectUserName'>RDWebAccess</Data><Data Name='SubjectDomainName'>IIS APPPOOL</Data><Data Name='SubjectLogonId'>0x7e3cf0</Data><Data Name='LogonGuid'>{00000000-0000-0000-0000-000000000000}</Data><Data Name='TargetUserName'>robert.gaines</Data><Data Name='TargetDomainName'>AD</Data><Data Name='TargetLogonGuid'>{CAD629B1-E89C-F234-4DAD-9695663902B1}</Data><Data Name='TargetServerName'>localhost</Data><Data Name='TargetInfo'>localhost</Data><Data Name='ProcessId'>0x1b00</Data><Data Name='ProcessName'>C:\Windows\System32\inetsrv\w3wp.exe</Data><Data Name='IpAddress'>-</Data><Data Name='IpPort'>-</Data></EventData></Event>,2020-08-24T15:00:33.000-0700,success,,,,,win:remote,,,,,,,,,,,,,,,,,,,,,,,,,,,,,,,,,,,,,,,,,,localhost,,,,,,,,,,,,,FALSE,,,,,AD,localhost,,untrust,,,FALSE,FALSE,FALSE,,,,,,,,,,,,FAIS009,"fais009.ad.wsu.edu
134.121.231.152
fais009",5f088cd484c9769991496dc2,"unknown
servers_rdc
finance_and_administration
wsu
expected",unknown,"servers_rdc
finance_and_administration
wsu",,,fais009.ad.wsu.edu,134.121.231.152,FALSE,,,,,FAIS009,,untrust,high,FALSE,FALSE,FALSE,8146458,endpoint_services_processes windows_event_signature windows_logon_explicit wineventlog_security winsec,,,,,,,,FAIS009,,,,8146458,security,1,,,,,,,,,,A logon was attempted using explicit credentials,XmlWinEventLog,,,,,,,,,,,,,C:\Windows\System32\inetsrv\w3wp.exe,672,C:\Windows\System32\inetsrv\w3wp.exe,Windows,<_='://../////'><><_='---'_='{----}'/><></><></><>,,,,,,,,,,,,,,,,,,0x7e3cf0,,,A logon was attempted using explicit credentials,4648,,XmlWinEventLog:Security,XmlWinEventLog,splunkidx-p1n01.it.wsu.edu,,,,,,,,,,,,,,-,,,,,,IIS APPPOOL,,,,-,,,,,,,RDWebAccess,,,,,,,,,,,,,,,,,FALSE,,,,,,,,,success,,,,,,,failure,,"authentication
os
privileged
process
remote
report
security
service
success
track_event_signatures
windows",,success,remote,,,,"authentication
os
privileged
process
report
security
service
track_event_signatures
windows",,,,,,,,,,,,,,,,,,,,,robert.gaines,,,,,,robert.gaines,,,,,,,,,,,,,,FALSE,,,,,Microsoft,,,Microsoft Windows,,,,,,
,,,,,,,,,,,,,,,,,,,,,,,Kerberos,,,,,,,,IIS APPPOOL,,,RDWebAccess,,,,,,,Security,,,,,,,,,,FAIS009.ad.wsu.edu,,,,,,,,,,,,,,,,,,,,,,-,4624,<Data Name='SubjectUserSid'>S-1-5-82-604604840-3341247844-1790606609-4006251754-2470522317</Data><Data Name='SubjectUserName'>RDWebAccess</Data><Data Name='SubjectDomainName'>IIS APPPOOL</Data><Data Name='SubjectLogonId'>0x7e3cf0</Data><Data Name='TargetUserSid'>S-1-5-21-861567501-115176313-682003330-4868080</Data><Data Name='TargetUserName'>robert.gaines</Data><Data Name='TargetDomainName'>AD</Data><Data Name='TargetLogonId'>0x7059a4c5</Data><Data Name='LogonType'>3</Data><Data Name='LogonProcessName'>Authz   </Data><Data Name='AuthenticationPackageName'>Kerberos</Data><Data Name='WorkstationName'>FAIS009</Data><Data Name='LogonGuid'>{B6C4264C-4D17-F6B5-586A-5338EFE10006}</Data><Data Name='TransmittedServices'>-</Data><Data Name='LmPackageName'>-</Data><Data Name='KeyLength'>0</Data><Data Name='ProcessId'>0x1b00</Data><Data Name='ProcessName'>C:\Windows\System32\inetsrv\w3wp.exe</Data><Data Name='IpAddress'>-</Data><Data Name='IpPort'>-</Data><Data Name='ImpersonationLevel'>%%1832</Data>,4624,8144646,,,,,,,,,,AD,robert.gaines,,'{54849625-5478-4994-A5BA-3E3B0328C30D}',,,,,,,,,%%1832,,-,-,,,0,,,,0x8020000000000000,,0,-,,{B6C4264C-4D17-F6B5-586A-5338EFE10006},,Authz,3,,0x7e3cf0,3,,,,,,,,,,,,,,'Microsoft-Windows-Security-Auditing',,,,,,,,,,,,,,,,0,,,,,,,,,,,'672',0x1b00,C:\Windows\System32\inetsrv\w3wp.exe,,,,,,,,,,,,8144646,,,,,,,,,,,,,,,,,-,FAIS009,,,,,IIS APPPOOL,0x7e3cf0,,,RDWebAccess,S-1-5-82-604604840-3341247844-1790606609-4006251754-2470522317,,,,,,,'2020-08-24T17:06:12.192692800Z',<Provider Name='Microsoft-Windows-Security-Auditing' Guid='{54849625-5478-4994-A5BA-3E3B0328C30D}'/><EventID>4624</EventID><Version>1</Version><Level>0</Level><Task>12544</Task><Opcode>0</Opcode><Keywords>0x8020000000000000</Keywords><TimeCreated SystemTime='2020-08-24T17:06:12.192692800Z'/><EventRecordID>8144646</EventRecordID><Correlation/><Execution ProcessID='672' ThreadID='6276'/><Channel>Security</Channel><Computer>FAIS009.ad.wsu.edu</Computer><Security/>,,,AD,,,,0x7059a4c5,,,,,,robert.gaines,S-1-5-21-861567501-115176313-682003330-4868080,,,AD,,robert.gaines,12544,'6276',,,,,,,-,,,,,,,,,,,,,1,,,FAIS009,,<Event xmlns='http://schemas.microsoft.com/win/2004/08/events/event'><System><Provider Name='Microsoft-Windows-Security-Auditing' Guid='{54849625-5478-4994-A5BA-3E3B0328C30D}'/><EventID>4624</EventID><Version>1</Version><Level>0</Level><Task>12544</Task><Opcode>0</Opcode><Keywords>0x8020000000000000</Keywords><TimeCreated SystemTime='2020-08-24T17:06:12.192692800Z'/><EventRecordID>8144646</EventRecordID><Correlation/><Execution ProcessID='672' ThreadID='6276'/><Channel>Security</Channel><Computer>FAIS009.ad.wsu.edu</Computer><Security/></System><EventData><Data Name='SubjectUserSid'>S-1-5-82-604604840-3341247844-1790606609-4006251754-2470522317</Data><Data Name='SubjectUserName'>RDWebAccess</Data><Data Name='SubjectDomainName'>IIS APPPOOL</Data><Data Name='SubjectLogonId'>0x7e3cf0</Data><Data Name='TargetUserSid'>S-1-5-21-861567501-115176313-682003330-4868080</Data><Data Name='TargetUserName'>robert.gaines</Data><Data Name='TargetDomainName'>AD</Data><Data Name='TargetLogonId'>0x7059a4c5</Data><Data Name='LogonType'>3</Data><Data Name='LogonProcessName'>Authz   </Data><Data Name='AuthenticationPackageName'>Kerberos</Data><Data Name='WorkstationName'>FAIS009</Data><Data Name='LogonGuid'>{B6C4264C-4D17-F6B5-586A-5338EFE10006}</Data><Data Name='TransmittedServices'>-</Data><Data Name='LmPackageName'>-</Data><Data Name='KeyLength'>0</Data><Data Name='ProcessId'>0x1b00</Data><Data Name='ProcessName'>C:\Windows\System32\inetsrv\w3wp.exe</Data><Data Name='IpAddress'>-</Data><Data Name='IpPort'>-</Data><Data Name='ImpersonationLevel'>%%1832</Data></EventData></Event>,2020-08-24T10:06:12.000-0700,success,,,,,win:remote,,,,,,,,,,,,,,,,,,,,,,,,,,,,,,,,,,,,,,,,,,FAIS009.ad.wsu.edu,"fais009.ad.wsu.edu
134.121.231.152
fais009",5f088cd484c9769991496dc2,"unknown
servers_rdc
finance_and_administration
wsu
expected",,unknown,"servers_rdc
finance_and_administration
wsu",,,,fais009.ad.wsu.edu,,134.121.231.152,FALSE,,,,,AD,fais009,,untrust,,high,FALSE,FALSE,FALSE,,,,,,,,,,,,FAIS009,"fais009.ad.wsu.edu
134.121.231.152
fais009",5f088cd484c9769991496dc2,"unknown
servers_rdc
finance_and_administration
wsu
expected",unknown,"servers_rdc
finance_and_administration
wsu",,,fais009.ad.wsu.edu,134.121.231.152,FALSE,,,,,FAIS009,,untrust,high,FALSE,FALSE,FALSE,8144646,endpoint_services_processes msad-successful-user-logons windows_event_signature windows_logon_success wineventlog_security winsec,,,,,,,,FAIS009,,,,8144646,security,1,,,,,,,,,,An account was successfully logged on,XmlWinEventLog,,,,,,,,,,,,,C:\Windows\System32\inetsrv\w3wp.exe,672,C:\Windows\System32\inetsrv\w3wp.exe,Windows,<_='://../////'><><_='---'_='{----}'/><></><></><>,,,,,,,,,,,,,,,,,,0x7e3cf0,,,An account was successfully logged on,4624,,XmlWinEventLog:Security,XmlWinEventLog,splunkidx-p1n02.it.wsu.edu,,FAIS009,"fais009.ad.wsu.edu
134.121.231.152
fais009",5f088cd484c9769991496dc2,"unknown
servers_rdc
finance_and_administration
wsu
expected",,unknown,"servers_rdc
finance_and_administration
wsu",,,,fais009.ad.wsu.edu,,-,FALSE,,,,,IIS APPPOOL,FAIS009,,untrust,-,high,FALSE,FALSE,FALSE,,,RDWebAccess,,,,,,,,,,,,,,,,,FALSE,,,,,,,,,success,,,,,,,failure,,"authentication
os
process
remote
report
security
service
success
track_event_signatures
windows",,success,remote,,,,"authentication
os
process
report
security
service
track_event_signatures
windows",,,,,,,,,,,,,,,,,,,,,robert.gaines,,,,,,robert.gaines,,,,,,,,,,,,,,FALSE,,,,,Microsoft,,,Microsoft Windows,,,,,,
,,,,,,,,,,,,,,,,,,,,,,,,,,,,,,,IIS APPPOOL,,,RDWebAccess,,,,,,,Security,,,,,,,,,,FAIS009.ad.wsu.edu,,,,,,,,,,,,,,,,,,,,,,-,4648,<Data Name='SubjectUserSid'>S-1-5-82-604604840-3341247844-1790606609-4006251754-2470522317</Data><Data Name='SubjectUserName'>RDWebAccess</Data><Data Name='SubjectDomainName'>IIS APPPOOL</Data><Data Name='SubjectLogonId'>0x7e3cf0</Data><Data Name='LogonGuid'>{00000000-0000-0000-0000-000000000000}</Data><Data Name='TargetUserName'>robert.gaines</Data><Data Name='TargetDomainName'>AD</Data><Data Name='TargetLogonGuid'>{B6C4264C-4D17-F6B5-586A-5338EFE10006}</Data><Data Name='TargetServerName'>localhost</Data><Data Name='TargetInfo'>localhost</Data><Data Name='ProcessId'>0x1b00</Data><Data Name='ProcessName'>C:\Windows\System32\inetsrv\w3wp.exe</Data><Data Name='IpAddress'>-</Data><Data Name='IpPort'>-</Data>,4648,8144645,,,,,,,,,,AD,robert.gaines,,'{54849625-5478-4994-A5BA-3E3B0328C30D}',,,,,,,,,,,-,-,,,,,,,0x8020000000000000,,0,,,{00000000-0000-0000-0000-000000000000},,,,,0x7e3cf0,,,,,,,,,,,,,,,'Microsoft-Windows-Security-Auditing',,,,,,,,,,,,,,,,0,,,,,,,,,,,'672',0x1b00,C:\Windows\System32\inetsrv\w3wp.exe,,,,,,,,,,,,8144645,,,,,,,,,,,,,,,,,-,-,,,,,IIS APPPOOL,0x7e3cf0,,,RDWebAccess,S-1-5-82-604604840-3341247844-1790606609-4006251754-2470522317,,,,,,,'2020-08-24T17:06:12.192692800Z',<Provider Name='Microsoft-Windows-Security-Auditing' Guid='{54849625-5478-4994-A5BA-3E3B0328C30D}'/><EventID>4648</EventID><Version>0</Version><Level>0</Level><Task>12544</Task><Opcode>0</Opcode><Keywords>0x8020000000000000</Keywords><TimeCreated SystemTime='2020-08-24T17:06:12.192692800Z'/><EventRecordID>8144645</EventRecordID><Correlation/><Execution ProcessID='672' ThreadID='6276'/><Channel>Security</Channel><Computer>FAIS009.ad.wsu.edu</Computer><Security/>,,,AD,localhost,,{B6C4264C-4D17-F6B5-586A-5338EFE10006},,,,,localhost,,robert.gaines,,,,AD,localhost,robert.gaines,12544,'6276',,,,,,,,,,,,,,,,,,,,0,,,,,<Event xmlns='http://schemas.microsoft.com/win/2004/08/events/event'><System><Provider Name='Microsoft-Windows-Security-Auditing' Guid='{54849625-5478-4994-A5BA-3E3B0328C30D}'/><EventID>4648</EventID><Version>0</Version><Level>0</Level><Task>12544</Task><Opcode>0</Opcode><Keywords>0x8020000000000000</Keywords><TimeCreated SystemTime='2020-08-24T17:06:12.192692800Z'/><EventRecordID>8144645</EventRecordID><Correlation/><Execution ProcessID='672' ThreadID='6276'/><Channel>Security</Channel><Computer>FAIS009.ad.wsu.edu</Computer><Security/></System><EventData><Data Name='SubjectUserSid'>S-1-5-82-604604840-3341247844-1790606609-4006251754-2470522317</Data><Data Name='SubjectUserName'>RDWebAccess</Data><Data Name='SubjectDomainName'>IIS APPPOOL</Data><Data Name='SubjectLogonId'>0x7e3cf0</Data><Data Name='LogonGuid'>{00000000-0000-0000-0000-000000000000}</Data><Data Name='TargetUserName'>robert.gaines</Data><Data Name='TargetDomainName'>AD</Data><Data Name='TargetLogonGuid'>{B6C4264C-4D17-F6B5-586A-5338EFE10006}</Data><Data Name='TargetServerName'>localhost</Data><Data Name='TargetInfo'>localhost</Data><Data Name='ProcessId'>0x1b00</Data><Data Name='ProcessName'>C:\Windows\System32\inetsrv\w3wp.exe</Data><Data Name='IpAddress'>-</Data><Data Name='IpPort'>-</Data></EventData></Event>,2020-08-24T10:06:12.000-0700,success,,,,,win:remote,,,,,,,,,,,,,,,,,,,,,,,,,,,,,,,,,,,,,,,,,,localhost,,,,,,,,,,,,,FALSE,,,,,AD,localhost,,untrust,,,FALSE,FALSE,FALSE,,,,,,,,,,,,FAIS009,"fais009.ad.wsu.edu
134.121.231.152
fais009",5f088cd484c9769991496dc2,"unknown
servers_rdc
finance_and_administration
wsu
expected",unknown,"servers_rdc
finance_and_administration
wsu",,,fais009.ad.wsu.edu,134.121.231.152,FALSE,,,,,FAIS009,,untrust,high,FALSE,FALSE,FALSE,8144645,endpoint_services_processes windows_event_signature windows_logon_explicit wineventlog_security winsec,,,,,,,,FAIS009,,,,8144645,security,1,,,,,,,,,,A logon was attempted using explicit credentials,XmlWinEventLog,,,,,,,,,,,,,C:\Windows\System32\inetsrv\w3wp.exe,672,C:\Windows\System32\inetsrv\w3wp.exe,Windows,<_='://../////'><><_='---'_='{----}'/><></><></><>,,,,,,,,,,,,,,,,,,0x7e3cf0,,,A logon was attempted using explicit credentials,4648,,XmlWinEventLog:Security,XmlWinEventLog,splunkidx-p1n02.it.wsu.edu,,,,,,,,,,,,,,-,,,,,,IIS APPPOOL,,,,-,,,,,,,RDWebAccess,,,,,,,,,,,,,,,,,FALSE,,,,,,,,,success,,,,,,,failure,,"authentication
os
privileged
process
remote
report
security
service
success
track_event_signatures
windows",,success,remote,,,,"authentication
os
privileged
process
report
security
service
track_event_signatures
windows",,,,,,,,,,,,,,,,,,,,,robert.gaines,,,,,,robert.gaines,,,,,,,,,,,,,,FALSE,,,,,Microsoft,,,Microsoft Windows,,,,,,
,,,,,,,,,,,,,,,,,,,,,,,Negotiate,,,,,,,,IIS APPPOOL,,,RDWebAccess,,,,,,,Security,,,,,,,,,,FAIS009.ad.wsu.edu,,,,,,,,,,,,,,,,,,,,,,-,4624,<Data Name='SubjectUserSid'>S-1-5-82-604604840-3341247844-1790606609-4006251754-2470522317</Data><Data Name='SubjectUserName'>RDWebAccess</Data><Data Name='SubjectDomainName'>IIS APPPOOL</Data><Data Name='SubjectLogonId'>0x7e3cf0</Data><Data Name='TargetUserSid'>S-1-5-21-861567501-115176313-682003330-4868080</Data><Data Name='TargetUserName'>robert.gaines</Data><Data Name='TargetDomainName'>AD</Data><Data Name='TargetLogonId'>0x70599f3a</Data><Data Name='LogonType'>3</Data><Data Name='LogonProcessName'>Advapi  </Data><Data Name='AuthenticationPackageName'>Negotiate</Data><Data Name='WorkstationName'>FAIS009</Data><Data Name='LogonGuid'>{796D01E2-0D4D-B839-3D28-348FFEBD16AA}</Data><Data Name='TransmittedServices'>-</Data><Data Name='LmPackageName'>-</Data><Data Name='KeyLength'>0</Data><Data Name='ProcessId'>0x1b00</Data><Data Name='ProcessName'>C:\Windows\System32\inetsrv\w3wp.exe</Data><Data Name='IpAddress'>-</Data><Data Name='IpPort'>-</Data><Data Name='ImpersonationLevel'>%%1833</Data>,4624,8144643,,,,,,,,,,AD,robert.gaines,,'{54849625-5478-4994-A5BA-3E3B0328C30D}',,,,,,,,,%%1833,,-,-,,,0,,,,0x8020000000000000,,0,-,,{796D01E2-0D4D-B839-3D28-348FFEBD16AA},,Advapi,3,,0x7e3cf0,3,,,,,,,,,,,,,,'Microsoft-Windows-Security-Auditing',,,,,,,,,,,,,,,,0,,,,,,,,,,,'672',0x1b00,C:\Windows\System32\inetsrv\w3wp.exe,,,,,,,,,,,,8144643,,,,,,,,,,,,,,,,,-,FAIS009,,,,,IIS APPPOOL,0x7e3cf0,,,RDWebAccess,S-1-5-82-604604840-3341247844-1790606609-4006251754-2470522317,,,,,,,'2020-08-24T17:06:12.066686400Z',<Provider Name='Microsoft-Windows-Security-Auditing' Guid='{54849625-5478-4994-A5BA-3E3B0328C30D}'/><EventID>4624</EventID><Version>1</Version><Level>0</Level><Task>12544</Task><Opcode>0</Opcode><Keywords>0x8020000000000000</Keywords><TimeCreated SystemTime='2020-08-24T17:06:12.066686400Z'/><EventRecordID>8144643</EventRecordID><Correlation/><Execution ProcessID='672' ThreadID='6276'/><Channel>Security</Channel><Computer>FAIS009.ad.wsu.edu</Computer><Security/>,,,AD,,,,0x70599f3a,,,,,,robert.gaines,S-1-5-21-861567501-115176313-682003330-4868080,,,AD,,robert.gaines,12544,'6276',,,,,,,-,,,,,,,,,,,,,1,,,FAIS009,,<Event xmlns='http://schemas.microsoft.com/win/2004/08/events/event'><System><Provider Name='Microsoft-Windows-Security-Auditing' Guid='{54849625-5478-4994-A5BA-3E3B0328C30D}'/><EventID>4624</EventID><Version>1</Version><Level>0</Level><Task>12544</Task><Opcode>0</Opcode><Keywords>0x8020000000000000</Keywords><TimeCreated SystemTime='2020-08-24T17:06:12.066686400Z'/><EventRecordID>8144643</EventRecordID><Correlation/><Execution ProcessID='672' ThreadID='6276'/><Channel>Security</Channel><Computer>FAIS009.ad.wsu.edu</Computer><Security/></System><EventData><Data Name='SubjectUserSid'>S-1-5-82-604604840-3341247844-1790606609-4006251754-2470522317</Data><Data Name='SubjectUserName'>RDWebAccess</Data><Data Name='SubjectDomainName'>IIS APPPOOL</Data><Data Name='SubjectLogonId'>0x7e3cf0</Data><Data Name='TargetUserSid'>S-1-5-21-861567501-115176313-682003330-4868080</Data><Data Name='TargetUserName'>robert.gaines</Data><Data Name='TargetDomainName'>AD</Data><Data Name='TargetLogonId'>0x70599f3a</Data><Data Name='LogonType'>3</Data><Data Name='LogonProcessName'>Advapi  </Data><Data Name='AuthenticationPackageName'>Negotiate</Data><Data Name='WorkstationName'>FAIS009</Data><Data Name='LogonGuid'>{796D01E2-0D4D-B839-3D28-348FFEBD16AA}</Data><Data Name='TransmittedServices'>-</Data><Data Name='LmPackageName'>-</Data><Data Name='KeyLength'>0</Data><Data Name='ProcessId'>0x1b00</Data><Data Name='ProcessName'>C:\Windows\System32\inetsrv\w3wp.exe</Data><Data Name='IpAddress'>-</Data><Data Name='IpPort'>-</Data><Data Name='ImpersonationLevel'>%%1833</Data></EventData></Event>,2020-08-24T10:06:12.000-0700,success,,,,,win:remote,,,,,,,,,,,,,,,,,,,,,,,,,,,,,,,,,,,,,,,,,,FAIS009.ad.wsu.edu,"fais009.ad.wsu.edu
134.121.231.152
fais009",5f088cd484c9769991496dc2,"unknown
servers_rdc
finance_and_administration
wsu
expected",,unknown,"servers_rdc
finance_and_administration
wsu",,,,fais009.ad.wsu.edu,,134.121.231.152,FALSE,,,,,AD,fais009,,untrust,,high,FALSE,FALSE,FALSE,,,,,,,,,,,,FAIS009,"fais009.ad.wsu.edu
134.121.231.152
fais009",5f088cd484c9769991496dc2,"unknown
servers_rdc
finance_and_administration
wsu
expected",unknown,"servers_rdc
finance_and_administration
wsu",,,fais009.ad.wsu.edu,134.121.231.152,FALSE,,,,,FAIS009,,untrust,high,FALSE,FALSE,FALSE,8144643,endpoint_services_processes msad-successful-user-logons windows_event_signature windows_logon_success wineventlog_security winsec,,,,,,,,FAIS009,,,,8144643,security,1,,,,,,,,,,An account was successfully logged on,XmlWinEventLog,,,,,,,,,,,,,C:\Windows\System32\inetsrv\w3wp.exe,672,C:\Windows\System32\inetsrv\w3wp.exe,Windows,<_='://../////'><><_='---'_='{----}'/><></><></><>,,,,,,,,,,,,,,,,,,0x7e3cf0,,,An account was successfully logged on,4624,,XmlWinEventLog:Security,XmlWinEventLog,splunkidx-p1n02.it.wsu.edu,,FAIS009,"fais009.ad.wsu.edu
134.121.231.152
fais009",5f088cd484c9769991496dc2,"unknown
servers_rdc
finance_and_administration
wsu
expected",,unknown,"servers_rdc
finance_and_administration
wsu",,,,fais009.ad.wsu.edu,,-,FALSE,,,,,IIS APPPOOL,FAIS009,,untrust,-,high,FALSE,FALSE,FALSE,,,RDWebAccess,,,,,,,,,,,,,,,,,FALSE,,,,,,,,,success,,,,,,,failure,,"authentication
os
process
remote
report
security
service
success
track_event_signatures
windows",,success,remote,,,,"authentication
os
process
report
security
service
track_event_signatures
windows",,,,,,,,,,,,,,,,,,,,,robert.gaines,,,,,,robert.gaines,,,,,,,,,,,,,,FALSE,,,,,Microsoft,,,Microsoft Windows,,,,,,
,,,,,,,,,,,,,,,,,,,,,,,,,,,,,,,IIS APPPOOL,,,RDWebAccess,,,,,,,Security,,,,,,,,,,FAIS009.ad.wsu.edu,,,,,,,,,,,,,,,,,,,,,,-,4648,<Data Name='SubjectUserSid'>S-1-5-82-604604840-3341247844-1790606609-4006251754-2470522317</Data><Data Name='SubjectUserName'>RDWebAccess</Data><Data Name='SubjectDomainName'>IIS APPPOOL</Data><Data Name='SubjectLogonId'>0x7e3cf0</Data><Data Name='LogonGuid'>{00000000-0000-0000-0000-000000000000}</Data><Data Name='TargetUserName'>robert.gaines</Data><Data Name='TargetDomainName'>AD</Data><Data Name='TargetLogonGuid'>{796D01E2-0D4D-B839-3D28-348FFEBD16AA}</Data><Data Name='TargetServerName'>localhost</Data><Data Name='TargetInfo'>localhost</Data><Data Name='ProcessId'>0x1b00</Data><Data Name='ProcessName'>C:\Windows\System32\inetsrv\w3wp.exe</Data><Data Name='IpAddress'>-</Data><Data Name='IpPort'>-</Data>,4648,8144642,,,,,,,,,,AD,robert.gaines,,'{54849625-5478-4994-A5BA-3E3B0328C30D}',,,,,,,,,,,-,-,,,,,,,0x8020000000000000,,0,,,{00000000-0000-0000-0000-000000000000},,,,,0x7e3cf0,,,,,,,,,,,,,,,'Microsoft-Windows-Security-Auditing',,,,,,,,,,,,,,,,0,,,,,,,,,,,'672',0x1b00,C:\Windows\System32\inetsrv\w3wp.exe,,,,,,,,,,,,8144642,,,,,,,,,,,,,,,,,-,-,,,,,IIS APPPOOL,0x7e3cf0,,,RDWebAccess,S-1-5-82-604604840-3341247844-1790606609-4006251754-2470522317,,,,,,,'2020-08-24T17:06:12.066686400Z',<Provider Name='Microsoft-Windows-Security-Auditing' Guid='{54849625-5478-4994-A5BA-3E3B0328C30D}'/><EventID>4648</EventID><Version>0</Version><Level>0</Level><Task>12544</Task><Opcode>0</Opcode><Keywords>0x8020000000000000</Keywords><TimeCreated SystemTime='2020-08-24T17:06:12.066686400Z'/><EventRecordID>8144642</EventRecordID><Correlation/><Execution ProcessID='672' ThreadID='6276'/><Channel>Security</Channel><Computer>FAIS009.ad.wsu.edu</Computer><Security/>,,,AD,localhost,,{796D01E2-0D4D-B839-3D28-348FFEBD16AA},,,,,localhost,,robert.gaines,,,,AD,localhost,robert.gaines,12544,'6276',,,,,,,,,,,,,,,,,,,,0,,,,,<Event xmlns='http://schemas.microsoft.com/win/2004/08/events/event'><System><Provider Name='Microsoft-Windows-Security-Auditing' Guid='{54849625-5478-4994-A5BA-3E3B0328C30D}'/><EventID>4648</EventID><Version>0</Version><Level>0</Level><Task>12544</Task><Opcode>0</Opcode><Keywords>0x8020000000000000</Keywords><TimeCreated SystemTime='2020-08-24T17:06:12.066686400Z'/><EventRecordID>8144642</EventRecordID><Correlation/><Execution ProcessID='672' ThreadID='6276'/><Channel>Security</Channel><Computer>FAIS009.ad.wsu.edu</Computer><Security/></System><EventData><Data Name='SubjectUserSid'>S-1-5-82-604604840-3341247844-1790606609-4006251754-2470522317</Data><Data Name='SubjectUserName'>RDWebAccess</Data><Data Name='SubjectDomainName'>IIS APPPOOL</Data><Data Name='SubjectLogonId'>0x7e3cf0</Data><Data Name='LogonGuid'>{00000000-0000-0000-0000-000000000000}</Data><Data Name='TargetUserName'>robert.gaines</Data><Data Name='TargetDomainName'>AD</Data><Data Name='TargetLogonGuid'>{796D01E2-0D4D-B839-3D28-348FFEBD16AA}</Data><Data Name='TargetServerName'>localhost</Data><Data Name='TargetInfo'>localhost</Data><Data Name='ProcessId'>0x1b00</Data><Data Name='ProcessName'>C:\Windows\System32\inetsrv\w3wp.exe</Data><Data Name='IpAddress'>-</Data><Data Name='IpPort'>-</Data></EventData></Event>,2020-08